{"meta": {"format": 3, "version": "7.13.2", "timestamp": "2026-02-03T09:06:54.863987", "branch_coverage": true, "show_contexts": false}, "files": {"src/travel_plan_permission/__init__.py": {"executed_lines": [3, 4, 11, 12, 13, 14, 15, 35, 52, 65, 71, 79, 80, 87, 102, 111, 114, 122, 126, 231], "summary": {"covered_lines": 20, "num_statements": 20, "percent_covered": 100.0, "percent_covered_display": "100", "missing_lines": 0, "excluded_lines": 0, "percent_statements_covered": 100.0, "percent_statements_covered_display": "100", "num_branches": 0, "num_partial_branches": 0, "covered_branches": 0, "missing_branches": 0, "percent_branches_covered": 100.0, "percent_branches_covered_display": "100"}, "missing_lines": [], "excluded_lines": [], "executed_branches": [], "missing_branches": [], "functions": {"": {"executed_lines": [3, 4, 11, 12, 13, 14, 15, 35, 52, 65, 71, 79, 80, 87, 102, 111, 114, 122, 126, 231], "summary": {"covered_lines": 20, "num_statements": 20, "percent_covered": 100.0, "percent_covered_display": "100", "missing_lines": 0, "excluded_lines": 0, "percent_statements_covered": 100.0, "percent_statements_covered_display": "100", "num_branches": 0, "num_partial_branches": 0, "covered_branches": 0, "missing_branches": 0, "percent_branches_covered": 100.0, "percent_branches_covered_display": "100"}, "missing_lines": [], "excluded_lines": [], "start_line": 1, "executed_branches": [], "missing_branches": []}}, "classes": {"": {"executed_lines": [3, 4, 11, 12, 13, 14, 15, 35, 52, 65, 71, 79, 80, 87, 102, 111, 114, 122, 126, 231], "summary": {"covered_lines": 20, "num_statements": 20, "percent_covered": 100.0, "percent_covered_display": "100", "missing_lines": 0, "excluded_lines": 0, "percent_statements_covered": 100.0, "percent_statements_covered_display": "100", "num_branches": 0, "num_partial_branches": 0, "covered_branches": 0, "missing_branches": 0, "percent_branches_covered": 100.0, "percent_branches_covered_display": "100"}, "missing_lines": [], "excluded_lines": [], "start_line": 1, "executed_branches": [], "missing_branches": []}}}, "src/travel_plan_permission/approval.py": {"executed_lines": [3, 5, 6, 7, 8, 9, 11, 13, 22, 28, 38, 39, 42, 44, 45, 54, 55, 66, 67, 75, 106], "summary": {"covered_lines": 21, "num_statements": 60, "percent_covered": 25.609756097560975, "percent_covered_display": "26", "missing_lines": 39, "excluded_lines": 0, "percent_statements_covered": 35.0, "percent_statements_covered_display": "35", "num_branches": 22, "num_partial_branches": 0, "covered_branches": 0, "missing_branches": 22, "percent_branches_covered": 0.0, "percent_branches_covered_display": "0"}, "missing_lines": [25, 31, 32, 33, 34, 35, 48, 49, 50, 51, 52, 58, 60, 61, 63, 64, 70, 71, 72, 73, 78, 79, 80, 81, 83, 84, 85, 97, 109, 110, 113, 114, 115, 116, 117, 118, 119, 121, 123], "excluded_lines": [], "executed_branches": [], "missing_branches": [[31, 32], [31, 35], [33, 31], [33, 34], [50, 51], [50, 52], [60, 61], [60, 63], [71, 72], [71, 73], [79, 80], [79, 97], [80, 81], [80, 83], [84, 79], [84, 85], [113, 114], [113, 116], [116, 117], [116, 118], [118, 119], [118, 121]], "functions": {"_load_rules": {"executed_lines": [], "summary": {"covered_lines": 0, "num_statements": 1, "percent_covered": 0.0, "percent_covered_display": "0", "missing_lines": 1, "excluded_lines": 0, "percent_statements_covered": 0.0, "percent_statements_covered_display": "0", "num_branches": 0, "num_partial_branches": 0, "covered_branches": 0, "missing_branches": 0, "percent_branches_covered": 100.0, "percent_branches_covered_display": "100"}, "missing_lines": [25], "excluded_lines": [], "start_line": 22, "executed_branches": [], "missing_branches": []}, "_default_rules_path": {"executed_lines": [], "summary": {"covered_lines": 0, "num_statements": 5, "percent_covered": 0.0, "percent_covered_display": "0", "missing_lines": 5, "excluded_lines": 0, "percent_statements_covered": 0.0, "percent_statements_covered_display": "0", "num_branches": 4, "num_partial_branches": 0, "covered_branches": 0, "missing_branches": 4, "percent_branches_covered": 0.0, "percent_branches_covered_display": "0"}, "missing_lines": [31, 32, 33, 34, 35], "excluded_lines": [], "start_line": 28, "executed_branches": [], "missing_branches": [[31, 32], [31, 35], [33, 31], [33, 34]]}, "ApprovalEngine.from_yaml": {"executed_lines": [], "summary": {"covered_lines": 0, "num_statements": 5, "percent_covered": 0.0, "percent_covered_display": "0", "missing_lines": 5, "excluded_lines": 0, "percent_statements_covered": 0.0, "percent_statements_covered_display": "0", "num_branches": 2, "num_partial_branches": 0, "covered_branches": 0, "missing_branches": 2, "percent_branches_covered": 0.0, "percent_branches_covered_display": "0"}, "missing_lines": [48, 49, 50, 51, 52], "excluded_lines": [], "start_line": 45, "executed_branches": [], "missing_branches": [[50, 51], [50, 52]]}, "ApprovalEngine.from_file": {"executed_lines": [], "summary": {"covered_lines": 0, "num_statements": 5, "percent_covered": 0.0, "percent_covered_display": "0", "missing_lines": 5, "excluded_lines": 0, "percent_statements_covered": 0.0, "percent_statements_covered_display": "0", "num_branches": 2, "num_partial_branches": 0, "covered_branches": 0, "missing_branches": 2, "percent_branches_covered": 0.0, "percent_branches_covered_display": "0"}, "missing_lines": [58, 60, 61, 63, 64], "excluded_lines": [], "start_line": 55, "executed_branches": [], "missing_branches": [[60, 61], [60, 63]]}, "ApprovalEngine.from_environment": {"executed_lines": [], "summary": {"covered_lines": 0, "num_statements": 4, "percent_covered": 0.0, "percent_covered_display": "0", "missing_lines": 4, "excluded_lines": 0, "percent_statements_covered": 0.0, "percent_statements_covered_display": "0", "num_branches": 2, "num_partial_branches": 0, "covered_branches": 0, "missing_branches": 2, "percent_branches_covered": 0.0, "percent_branches_covered_display": "0"}, "missing_lines": [70, 71, 72, 73], "excluded_lines": [], "start_line": 67, "executed_branches": [], "missing_branches": [[71, 72], [71, 73]]}, "ApprovalEngine.evaluate_expense": {"executed_lines": [], "summary": {"covered_lines": 0, "num_statements": 8, "percent_covered": 0.0, "percent_covered_display": "0", "missing_lines": 8, "excluded_lines": 0, "percent_statements_covered": 0.0, "percent_statements_covered_display": "0", "num_branches": 6, "num_partial_branches": 0, "covered_branches": 0, "missing_branches": 6, "percent_branches_covered": 0.0, "percent_branches_covered_display": "0"}, "missing_lines": [78, 79, 80, 81, 83, 84, 85, 97], "excluded_lines": [], "start_line": 75, "executed_branches": [], "missing_branches": [[79, 80], [79, 97], [80, 81], [80, 83], [84, 79], [84, 85]]}, "ApprovalEngine.evaluate_report": {"executed_lines": [], "summary": {"covered_lines": 0, "num_statements": 11, "percent_covered": 0.0, "percent_covered_display": "0", "missing_lines": 11, "excluded_lines": 0, "percent_statements_covered": 0.0, "percent_statements_covered_display": "0", "num_branches": 6, "num_partial_branches": 0, "covered_branches": 0, "missing_branches": 6, "percent_branches_covered": 0.0, "percent_branches_covered_display": "0"}, "missing_lines": [109, 110, 113, 114, 115, 116, 117, 118, 119, 121, 123], "excluded_lines": [], "start_line": 106, "executed_branches": [], "missing_branches": [[113, 114], [113, 116], [116, 117], [116, 118], [118, 119], [118, 121]]}, "": {"executed_lines": [3, 5, 6, 7, 8, 9, 11, 13, 22, 28, 38, 39, 42, 44, 45, 54, 55, 66, 67, 75, 106], "summary": {"covered_lines": 21, "num_statements": 21, "percent_covered": 100.0, "percent_covered_display": "100", "missing_lines": 0, "excluded_lines": 0, "percent_statements_covered": 100.0, "percent_statements_covered_display": "100", "num_branches": 0, "num_partial_branches": 0, "covered_branches": 0, "missing_branches": 0, "percent_branches_covered": 100.0, "percent_branches_covered_display": "100"}, "missing_lines": [], "excluded_lines": [], "start_line": 1, "executed_branches": [], "missing_branches": []}}, "classes": {"ApprovalEngine": {"executed_lines": [], "summary": {"covered_lines": 0, "num_statements": 33, "percent_covered": 0.0, "percent_covered_display": "0", "missing_lines": 33, "excluded_lines": 0, "percent_statements_covered": 0.0, "percent_statements_covered_display": "0", "num_branches": 18, "num_partial_branches": 0, "covered_branches": 0, "missing_branches": 18, "percent_branches_covered": 0.0, "percent_branches_covered_display": "0"}, "missing_lines": [48, 49, 50, 51, 52, 58, 60, 61, 63, 64, 70, 71, 72, 73, 78, 79, 80, 81, 83, 84, 85, 97, 109, 110, 113, 114, 115, 116, 117, 118, 119, 121, 123], "excluded_lines": [], "start_line": 39, "executed_branches": [], "missing_branches": [[50, 51], [50, 52], [60, 61], [60, 63], [71, 72], [71, 73], [79, 80], [79, 97], [80, 81], [80, 83], [84, 79], [84, 85], [113, 114], [113, 116], [116, 117], [116, 118], [118, 119], [118, 121]]}, "": {"executed_lines": [3, 5, 6, 7, 8, 9, 11, 13, 22, 28, 38, 39, 42, 44, 45, 54, 55, 66, 67, 75, 106], "summary": {"covered_lines": 21, "num_statements": 27, "percent_covered": 67.74193548387096, "percent_covered_display": "68", "missing_lines": 6, "excluded_lines": 0, "percent_statements_covered": 77.77777777777777, "percent_statements_covered_display": "78", "num_branches": 4, "num_partial_branches": 0, "covered_branches": 0, "missing_branches": 4, "percent_branches_covered": 0.0, "percent_branches_covered_display": "0"}, "missing_lines": [25, 31, 32, 33, 34, 35], "excluded_lines": [], "start_line": 1, "executed_branches": [], "missing_branches": [[31, 32], [31, 35], [33, 31], [33, 34]]}}}, "src/travel_plan_permission/approval_packet.py": {"executed_lines": [3, 5, 6, 7, 8, 9, 11, 12, 13, 14, 15, 16, 17, 26, 29, 30, 33, 34, 35, 38, 41, 42, 45, 48, 49, 50, 51, 52, 53, 54, 55, 56, 59, 68, 86, 106, 115, 123, 212], "summary": {"covered_lines": 39, "num_statements": 81, "percent_covered": 43.82022471910113, "percent_covered_display": "44", "missing_lines": 42, "excluded_lines": 0, "percent_statements_covered": 48.148148148148145, "percent_statements_covered_display": "48", "num_branches": 8, "num_partial_branches": 0, "covered_branches": 0, "missing_branches": 8, "percent_branches_covered": 0.0, "percent_branches_covered_display": "0"}, "missing_lines": [107, 108, 110, 111, 112, 116, 117, 118, 119, 120, 133, 134, 140, 141, 150, 164, 165, 166, 175, 177, 178, 180, 182, 183, 184, 185, 195, 196, 206, 208, 209, 223, 224, 227, 228, 230, 231, 233, 239, 243, 248, 255], "excluded_lines": [], "executed_branches": [], "missing_branches": [[117, 118], [117, 120], [177, 178], [177, 180], [184, 185], [184, 195], [227, 228], [227, 230]], "functions": {"_render_email": {"executed_lines": [], "summary": {"covered_lines": 0, "num_statements": 5, "percent_covered": 0.0, "percent_covered_display": "0", "missing_lines": 5, "excluded_lines": 0, "percent_statements_covered": 0.0, "percent_statements_covered_display": "0", "num_branches": 0, "num_partial_branches": 0, "covered_branches": 0, "missing_branches": 0, "percent_branches_covered": 100.0, "percent_branches_covered_display": "100"}, "missing_lines": [107, 108, 110, 111, 112], "excluded_lines": [], "start_line": 106, "executed_branches": [], "missing_branches": []}, "_format_cost_breakdown": {"executed_lines": [], "summary": {"covered_lines": 0, "num_statements": 5, "percent_covered": 0.0, "percent_covered_display": "0", "missing_lines": 5, "excluded_lines": 0, "percent_statements_covered": 0.0, "percent_statements_covered_display": "0", "num_branches": 2, "num_partial_branches": 0, "covered_branches": 0, "missing_branches": 2, "percent_branches_covered": 0.0, "percent_branches_covered_display": "0"}, "missing_lines": [116, 117, 118, 119, 120], "excluded_lines": [], "start_line": 115, "executed_branches": [], "missing_branches": [[117, 118], [117, 120]]}, "generate_packet_pdf": {"executed_lines": [], "summary": {"covered_lines": 0, "num_statements": 21, "percent_covered": 0.0, "percent_covered_display": "0", "missing_lines": 21, "excluded_lines": 0, "percent_statements_covered": 0.0, "percent_statements_covered_display": "0", "num_branches": 4, "num_partial_branches": 0, "covered_branches": 0, "missing_branches": 4, "percent_branches_covered": 0.0, "percent_branches_covered_display": "0"}, "missing_lines": [133, 134, 140, 141, 150, 164, 165, 166, 175, 177, 178, 180, 182, 183, 184, 185, 195, 196, 206, 208, 209], "excluded_lines": [], "start_line": 123, "executed_branches": [], "missing_branches": [[177, 178], [177, 180], [184, 185], [184, 195]]}, "build_approval_packet": {"executed_lines": [], "summary": {"covered_lines": 0, "num_statements": 11, "percent_covered": 0.0, "percent_covered_display": "0", "missing_lines": 11, "excluded_lines": 0, "percent_statements_covered": 0.0, "percent_statements_covered_display": "0", "num_branches": 2, "num_partial_branches": 0, "covered_branches": 0, "missing_branches": 2, "percent_branches_covered": 0.0, "percent_branches_covered_display": "0"}, "missing_lines": [223, 224, 227, 228, 230, 231, 233, 239, 243, 248, 255], "excluded_lines": [], "start_line": 212, "executed_branches": [], "missing_branches": [[227, 228], [227, 230]]}, "": {"executed_lines": [3, 5, 6, 7, 8, 9, 11, 12, 13, 14, 15, 16, 17, 26, 29, 30, 33, 34, 35, 38, 41, 42, 45, 48, 49, 50, 51, 52, 53, 54, 55, 56, 59, 68, 86, 106, 115, 123, 212], "summary": {"covered_lines": 39, "num_statements": 39, "percent_covered": 100.0, "percent_covered_display": "100", "missing_lines": 0, "excluded_lines": 0, "percent_statements_covered": 100.0, "percent_statements_covered_display": "100", "num_branches": 0, "num_partial_branches": 0, "covered_branches": 0, "missing_branches": 0, "percent_branches_covered": 100.0, "percent_branches_covered_display": "100"}, "missing_lines": [], "excluded_lines": [], "start_line": 1, "executed_branches": [], "missing_branches": []}}, "classes": {"ApprovalLinks": {"executed_lines": [], "summary": {"covered_lines": 0, "num_statements": 0, "percent_covered": 100.0, "percent_covered_display": "100", "missing_lines": 0, "excluded_lines": 0, "percent_statements_covered": 100.0, "percent_statements_covered_display": "100", "num_branches": 0, "num_partial_branches": 0, "covered_branches": 0, "missing_branches": 0, "percent_branches_covered": 100.0, "percent_branches_covered_display": "100"}, "missing_lines": [], "excluded_lines": [], "start_line": 30, "executed_branches": [], "missing_branches": []}, "EmailContent": {"executed_lines": [], "summary": {"covered_lines": 0, "num_statements": 0, "percent_covered": 100.0, "percent_covered_display": "100", "missing_lines": 0, "excluded_lines": 0, "percent_statements_covered": 100.0, "percent_statements_covered_display": "100", "num_branches": 0, "num_partial_branches": 0, "covered_branches": 0, "missing_branches": 0, "percent_branches_covered": 100.0, "percent_branches_covered_display": "100"}, "missing_lines": [], "excluded_lines": [], "start_line": 38, "executed_branches": [], "missing_branches": []}, "ApprovalPacket": {"executed_lines": [], "summary": {"covered_lines": 0, "num_statements": 0, "percent_covered": 100.0, "percent_covered_display": "100", "missing_lines": 0, "excluded_lines": 0, "percent_statements_covered": 100.0, "percent_statements_covered_display": "100", "num_branches": 0, "num_partial_branches": 0, "covered_branches": 0, "missing_branches": 0, "percent_branches_covered": 100.0, "percent_branches_covered_display": "100"}, "missing_lines": [], "excluded_lines": [], "start_line": 45, "executed_branches": [], "missing_branches": []}, "": {"executed_lines": [3, 5, 6, 7, 8, 9, 11, 12, 13, 14, 15, 16, 17, 26, 29, 30, 33, 34, 35, 38, 41, 42, 45, 48, 49, 50, 51, 52, 53, 54, 55, 56, 59, 68, 86, 106, 115, 123, 212], "summary": {"covered_lines": 39, "num_statements": 81, "percent_covered": 43.82022471910113, "percent_covered_display": "44", "missing_lines": 42, "excluded_lines": 0, "percent_statements_covered": 48.148148148148145, "percent_statements_covered_display": "48", "num_branches": 8, "num_partial_branches": 0, "covered_branches": 0, "missing_branches": 8, "percent_branches_covered": 0.0, "percent_branches_covered_display": "0"}, "missing_lines": [107, 108, 110, 111, 112, 116, 117, 118, 119, 120, 133, 134, 140, 141, 150, 164, 165, 166, 175, 177, 178, 180, 182, 183, 184, 185, 195, 196, 206, 208, 209, 223, 224, 227, 228, 230, 231, 233, 239, 243, 248, 255], "excluded_lines": [], "start_line": 1, "executed_branches": [], "missing_branches": [[117, 118], [117, 120], [177, 178], [177, 180], [184, 185], [184, 195], [227, 228], [227, 230]]}}}, "src/travel_plan_permission/canonical.py": {"executed_lines": [3, 5, 6, 7, 8, 9, 10, 12, 14, 16, 19, 20, 21, 22, 23, 25, 28, 29, 30, 31, 33, 36, 37, 38, 39, 40, 41, 42, 43, 45, 48, 49, 50, 52, 55, 56, 58, 61, 62, 64, 67, 70, 71, 72, 73, 74, 75, 76, 77, 78, 79, 80, 81, 82, 83, 84, 85, 86, 87, 88, 90, 93, 94, 97, 98, 101, 102, 103, 106, 107, 110, 111, 112, 116, 121, 123, 126, 129, 130, 132, 133, 134, 137, 139, 141, 142, 143, 145, 146, 148, 149, 150, 152, 167, 170, 171, 172, 173, 177], "summary": {"covered_lines": 99, "num_statements": 106, "percent_covered": 87.5, "percent_covered_display": "88", "missing_lines": 7, "excluded_lines": 0, "percent_statements_covered": 93.39622641509433, "percent_statements_covered_display": "93", "num_branches": 14, "num_partial_branches": 6, "covered_branches": 6, "missing_branches": 8, "percent_branches_covered": 42.857142857142854, "percent_branches_covered_display": "43"}, "missing_lines": [113, 122, 135, 136, 174, 180, 185], "excluded_lines": [], "executed_branches": [[111, 112], [121, 123], [133, 134], [141, 142], [149, 150], [170, 171]], "missing_branches": [[111, 113], [121, 122], [133, 135], [135, 136], [135, 137], [141, 145], [149, 152], [170, 174]], "functions": {"_slugify": {"executed_lines": [102, 103], "summary": {"covered_lines": 2, "num_statements": 2, "percent_covered": 100.0, "percent_covered_display": "100", "missing_lines": 0, "excluded_lines": 0, "percent_statements_covered": 100.0, "percent_statements_covered_display": "100", "num_branches": 0, "num_partial_branches": 0, "covered_branches": 0, "missing_branches": 0, "percent_branches_covered": 100.0, "percent_branches_covered_display": "100"}, "missing_lines": [], "excluded_lines": [], "start_line": 101, "executed_branches": [], "missing_branches": []}, "_default_trip_id": {"executed_lines": [107], "summary": {"covered_lines": 1, "num_statements": 1, "percent_covered": 100.0, "percent_covered_display": "100", "missing_lines": 0, "excluded_lines": 0, "percent_statements_covered": 100.0, "percent_statements_covered_display": "100", "num_branches": 0, "num_partial_branches": 0, "covered_branches": 0, "missing_branches": 0, "percent_branches_covered": 100.0, "percent_branches_covered_display": "100"}, "missing_lines": [], "excluded_lines": [], "start_line": 106, "executed_branches": [], "missing_branches": []}, "_format_destination": {"executed_lines": [111, 112], "summary": {"covered_lines": 2, "num_statements": 3, "percent_covered": 60.0, "percent_covered_display": "60", "missing_lines": 1, "excluded_lines": 0, "percent_statements_covered": 66.66666666666667, "percent_statements_covered_display": "67", "num_branches": 2, "num_partial_branches": 1, "covered_branches": 1, "missing_branches": 1, "percent_branches_covered": 50.0, "percent_branches_covered_display": "50"}, "missing_lines": [113], "excluded_lines": [], "start_line": 110, "executed_branches": [[111, 112]], "missing_branches": [[111, 113]]}, "_add_cost": {"executed_lines": [121, 123], "summary": {"covered_lines": 2, "num_statements": 3, "percent_covered": 60.0, "percent_covered_display": "60", "missing_lines": 1, "excluded_lines": 0, "percent_statements_covered": 66.66666666666667, "percent_statements_covered_display": "67", "num_branches": 2, "num_partial_branches": 1, "covered_branches": 1, "missing_branches": 1, "percent_branches_covered": 50.0, "percent_branches_covered_display": "50"}, "missing_lines": [122], "excluded_lines": [], "start_line": 116, "executed_branches": [[121, 123]], "missing_branches": [[121, 122]]}, "canonical_trip_plan_to_model": {"executed_lines": [129, 130, 132, 133, 134, 137, 139, 141, 142, 143, 145, 146, 148, 149, 150, 152], "summary": {"covered_lines": 16, "num_statements": 18, "percent_covered": 73.07692307692308, "percent_covered_display": "73", "missing_lines": 2, "excluded_lines": 0, "percent_statements_covered": 88.88888888888889, "percent_statements_covered_display": "89", "num_branches": 8, "num_partial_branches": 3, "covered_branches": 3, "missing_branches": 5, "percent_branches_covered": 37.5, "percent_branches_covered_display": "38"}, "missing_lines": [135, 136], "excluded_lines": [], "start_line": 126, "executed_branches": [[133, 134], [141, 142], [149, 150]], "missing_branches": [[133, 135], [135, 136], [135, 137], [141, 145], [149, 152]]}, "load_trip_plan_input": {"executed_lines": [170, 171, 172, 173], "summary": {"covered_lines": 4, "num_statements": 5, "percent_covered": 71.42857142857143, "percent_covered_display": "71", "missing_lines": 1, "excluded_lines": 0, "percent_statements_covered": 80.0, "percent_statements_covered_display": "80", "num_branches": 2, "num_partial_branches": 1, "covered_branches": 1, "missing_branches": 1, "percent_branches_covered": 50.0, "percent_branches_covered_display": "50"}, "missing_lines": [174], "excluded_lines": [], "start_line": 167, "executed_branches": [[170, 171]], "missing_branches": [[170, 174]]}, "load_trip_plan_payload": {"executed_lines": [], "summary": {"covered_lines": 0, "num_statements": 2, "percent_covered": 0.0, "percent_covered_display": "0", "missing_lines": 2, "excluded_lines": 0, "percent_statements_covered": 0.0, "percent_statements_covered_display": "0", "num_branches": 0, "num_partial_branches": 0, "covered_branches": 0, "missing_branches": 0, "percent_branches_covered": 100.0, "percent_branches_covered_display": "100"}, "missing_lines": [180, 185], "excluded_lines": [], "start_line": 177, "executed_branches": [], "missing_branches": []}, "": {"executed_lines": [3, 5, 6, 7, 8, 9, 10, 12, 14, 16, 19, 20, 21, 22, 23, 25, 28, 29, 30, 31, 33, 36, 37, 38, 39, 40, 41, 42, 43, 45, 48, 49, 50, 52, 55, 56, 58, 61, 62, 64, 67, 70, 71, 72, 73, 74, 75, 76, 77, 78, 79, 80, 81, 82, 83, 84, 85, 86, 87, 88, 90, 93, 94, 97, 98, 101, 106, 110, 116, 126, 167, 177], "summary": {"covered_lines": 72, "num_statements": 72, "percent_covered": 100.0, "percent_covered_display": "100", "missing_lines": 0, "excluded_lines": 0, "percent_statements_covered": 100.0, "percent_statements_covered_display": "100", "num_branches": 0, "num_partial_branches": 0, "covered_branches": 0, "missing_branches": 0, "percent_branches_covered": 100.0, "percent_branches_covered_display": "100"}, "missing_lines": [], "excluded_lines": [], "start_line": 1, "executed_branches": [], "missing_branches": []}}, "classes": {"CanonicalFlightOutbound": {"executed_lines": [], "summary": {"covered_lines": 0, "num_statements": 0, "percent_covered": 100.0, "percent_covered_display": "100", "missing_lines": 0, "excluded_lines": 0, "percent_statements_covered": 100.0, "percent_statements_covered_display": "100", "num_branches": 0, "num_partial_branches": 0, "covered_branches": 0, "missing_branches": 0, "percent_branches_covered": 100.0, "percent_branches_covered_display": "100"}, "missing_lines": [], "excluded_lines": [], "start_line": 19, "executed_branches": [], "missing_branches": []}, "CanonicalFlightReturn": {"executed_lines": [], "summary": {"covered_lines": 0, "num_statements": 0, "percent_covered": 100.0, "percent_covered_display": "100", "missing_lines": 0, "excluded_lines": 0, "percent_statements_covered": 100.0, "percent_statements_covered_display": "100", "num_branches": 0, "num_partial_branches": 0, "covered_branches": 0, "missing_branches": 0, "percent_branches_covered": 100.0, "percent_branches_covered_display": "100"}, "missing_lines": [], "excluded_lines": [], "start_line": 28, "executed_branches": [], "missing_branches": []}, "CanonicalHotel": {"executed_lines": [], "summary": {"covered_lines": 0, "num_statements": 0, "percent_covered": 100.0, "percent_covered_display": "100", "missing_lines": 0, "excluded_lines": 0, "percent_statements_covered": 100.0, "percent_statements_covered_display": "100", "num_branches": 0, "num_partial_branches": 0, "covered_branches": 0, "missing_branches": 0, "percent_branches_covered": 100.0, "percent_branches_covered_display": "100"}, "missing_lines": [], "excluded_lines": [], "start_line": 36, "executed_branches": [], "missing_branches": []}, "CanonicalComparableHotel": {"executed_lines": [], "summary": {"covered_lines": 0, "num_statements": 0, "percent_covered": 100.0, "percent_covered_display": "100", "missing_lines": 0, "excluded_lines": 0, "percent_statements_covered": 100.0, "percent_statements_covered_display": "100", "num_branches": 0, "num_partial_branches": 0, "covered_branches": 0, "missing_branches": 0, "percent_branches_covered": 100.0, "percent_branches_covered_display": "100"}, "missing_lines": [], "excluded_lines": [], "start_line": 48, "executed_branches": [], "missing_branches": []}, "CanonicalAttachments": {"executed_lines": [], "summary": {"covered_lines": 0, "num_statements": 0, "percent_covered": 100.0, "percent_covered_display": "100", "missing_lines": 0, "excluded_lines": 0, "percent_statements_covered": 100.0, "percent_statements_covered_display": "100", "num_branches": 0, "num_partial_branches": 0, "covered_branches": 0, "missing_branches": 0, "percent_branches_covered": 100.0, "percent_branches_covered_display": "100"}, "missing_lines": [], "excluded_lines": [], "start_line": 55, "executed_branches": [], "missing_branches": []}, "CanonicalAttestations": {"executed_lines": [], "summary": {"covered_lines": 0, "num_statements": 0, "percent_covered": 100.0, "percent_covered_display": "100", "missing_lines": 0, "excluded_lines": 0, "percent_statements_covered": 100.0, "percent_statements_covered_display": "100", "num_branches": 0, "num_partial_branches": 0, "covered_branches": 0, "missing_branches": 0, "percent_branches_covered": 100.0, "percent_branches_covered_display": "100"}, "missing_lines": [], "excluded_lines": [], "start_line": 61, "executed_branches": [], "missing_branches": []}, "CanonicalTripPlan": {"executed_lines": [], "summary": {"covered_lines": 0, "num_statements": 0, "percent_covered": 100.0, "percent_covered_display": "100", "missing_lines": 0, "excluded_lines": 0, "percent_statements_covered": 100.0, "percent_statements_covered_display": "100", "num_branches": 0, "num_partial_branches": 0, "covered_branches": 0, "missing_branches": 0, "percent_branches_covered": 100.0, "percent_branches_covered_display": "100"}, "missing_lines": [], "excluded_lines": [], "start_line": 67, "executed_branches": [], "missing_branches": []}, "TripPlanInput": {"executed_lines": [], "summary": {"covered_lines": 0, "num_statements": 0, "percent_covered": 100.0, "percent_covered_display": "100", "missing_lines": 0, "excluded_lines": 0, "percent_statements_covered": 100.0, "percent_statements_covered_display": "100", "num_branches": 0, "num_partial_branches": 0, "covered_branches": 0, "missing_branches": 0, "percent_branches_covered": 100.0, "percent_branches_covered_display": "100"}, "missing_lines": [], "excluded_lines": [], "start_line": 94, "executed_branches": [], "missing_branches": []}, "": {"executed_lines": [3, 5, 6, 7, 8, 9, 10, 12, 14, 16, 19, 20, 21, 22, 23, 25, 28, 29, 30, 31, 33, 36, 37, 38, 39, 40, 41, 42, 43, 45, 48, 49, 50, 52, 55, 56, 58, 61, 62, 64, 67, 70, 71, 72, 73, 74, 75, 76, 77, 78, 79, 80, 81, 82, 83, 84, 85, 86, 87, 88, 90, 93, 94, 97, 98, 101, 102, 103, 106, 107, 110, 111, 112, 116, 121, 123, 126, 129, 130, 132, 133, 134, 137, 139, 141, 142, 143, 145, 146, 148, 149, 150, 152, 167, 170, 171, 172, 173, 177], "summary": {"covered_lines": 99, "num_statements": 106, "percent_covered": 87.5, "percent_covered_display": "88", "missing_lines": 7, "excluded_lines": 0, "percent_statements_covered": 93.39622641509433, "percent_statements_covered_display": "93", "num_branches": 14, "num_partial_branches": 6, "covered_branches": 6, "missing_branches": 8, "percent_branches_covered": 42.857142857142854, "percent_branches_covered_display": "43"}, "missing_lines": [113, 122, 135, 136, 174, 180, 185], "excluded_lines": [], "start_line": 1, "executed_branches": [[111, 112], [121, 123], [133, 134], [141, 142], [149, 150], [170, 171]], "missing_branches": [[111, 113], [121, 122], [133, 135], [135, 136], [135, 137], [141, 145], [149, 152], [170, 174]]}}}, "src/travel_plan_permission/cli.py": {"executed_lines": [], "summary": {"covered_lines": 0, "num_statements": 52, "percent_covered": 0.0, "percent_covered_display": "0", "missing_lines": 52, "excluded_lines": 2, "percent_statements_covered": 0.0, "percent_statements_covered_display": "0", "num_branches": 2, "num_partial_branches": 0, "covered_branches": 0, "missing_branches": 2, "percent_branches_covered": 0.0, "percent_branches_covered_display": "0"}, "missing_lines": [3, 5, 6, 7, 8, 10, 12, 13, 16, 17, 21, 22, 23, 26, 27, 28, 29, 30, 31, 32, 33, 34, 36, 37, 38, 39, 40, 42, 43, 44, 45, 48, 49, 50, 52, 53, 54, 59, 60, 61, 62, 63, 64, 65, 66, 67, 68, 69, 70, 71, 73, 74], "excluded_lines": [77, 78], "executed_branches": [], "missing_branches": [[42, 43], [42, 45]], "functions": {"_build_parser": {"executed_lines": [], "summary": {"covered_lines": 0, "num_statements": 4, "percent_covered": 0.0, "percent_covered_display": "0", "missing_lines": 4, "excluded_lines": 0, "percent_statements_covered": 0.0, "percent_statements_covered_display": "0", "num_branches": 0, "num_partial_branches": 0, "covered_branches": 0, "missing_branches": 0, "percent_branches_covered": 100.0, "percent_branches_covered_display": "100"}, "missing_lines": [17, 21, 22, 23], "excluded_lines": [], "start_line": 16, "executed_branches": [], "missing_branches": []}, "_load_trip_plan": {"executed_lines": [], "summary": {"covered_lines": 0, "num_statements": 17, "percent_covered": 0.0, "percent_covered_display": "0", "missing_lines": 17, "excluded_lines": 0, "percent_statements_covered": 0.0, "percent_statements_covered_display": "0", "num_branches": 2, "num_partial_branches": 0, "covered_branches": 0, "missing_branches": 2, "percent_branches_covered": 0.0, "percent_branches_covered_display": "0"}, "missing_lines": [27, 28, 29, 30, 31, 32, 33, 34, 36, 37, 38, 39, 40, 42, 43, 44, 45], "excluded_lines": [], "start_line": 26, "executed_branches": [], "missing_branches": [[42, 43], [42, 45]]}, "main": {"executed_lines": [], "summary": {"covered_lines": 0, "num_statements": 20, "percent_covered": 0.0, "percent_covered_display": "0", "missing_lines": 20, "excluded_lines": 0, "percent_statements_covered": 0.0, "percent_statements_covered_display": "0", "num_branches": 0, "num_partial_branches": 0, "covered_branches": 0, "missing_branches": 0, "percent_branches_covered": 100.0, "percent_branches_covered_display": "100"}, "missing_lines": [49, 50, 52, 53, 54, 59, 60, 61, 62, 63, 64, 65, 66, 67, 68, 69, 70, 71, 73, 74], "excluded_lines": [], "start_line": 48, "executed_branches": [], "missing_branches": []}, "": {"executed_lines": [], "summary": {"covered_lines": 0, "num_statements": 11, "percent_covered": 0.0, "percent_covered_display": "0", "missing_lines": 11, "excluded_lines": 2, "percent_statements_covered": 0.0, "percent_statements_covered_display": "0", "num_branches": 0, "num_partial_branches": 0, "covered_branches": 0, "missing_branches": 0, "percent_branches_covered": 100.0, "percent_branches_covered_display": "100"}, "missing_lines": [3, 5, 6, 7, 8, 10, 12, 13, 16, 26, 48], "excluded_lines": [77, 78], "start_line": 1, "executed_branches": [], "missing_branches": []}}, "classes": {"": {"executed_lines": [], "summary": {"covered_lines": 0, "num_statements": 52, "percent_covered": 0.0, "percent_covered_display": "0", "missing_lines": 52, "excluded_lines": 2, "percent_statements_covered": 0.0, "percent_statements_covered_display": "0", "num_branches": 2, "num_partial_branches": 0, "covered_branches": 0, "missing_branches": 2, "percent_branches_covered": 0.0, "percent_branches_covered_display": "0"}, "missing_lines": [3, 5, 6, 7, 8, 10, 12, 13, 16, 17, 21, 22, 23, 26, 27, 28, 29, 30, 31, 32, 33, 34, 36, 37, 38, 39, 40, 42, 43, 44, 45, 48, 49, 50, 52, 53, 54, 59, 60, 61, 62, 63, 64, 65, 66, 67, 68, 69, 70, 71, 73, 74], "excluded_lines": [77, 78], "start_line": 1, "executed_branches": [], "missing_branches": [[42, 43], [42, 45]]}}}, "src/travel_plan_permission/conversion.py": {"executed_lines": [3, 5, 6, 7, 9, 10, 13], "summary": {"covered_lines": 7, "num_statements": 25, "percent_covered": 18.91891891891892, "percent_covered_display": "19", "missing_lines": 18, "excluded_lines": 0, "percent_statements_covered": 28.0, "percent_statements_covered_display": "28", "num_branches": 12, "num_partial_branches": 0, "covered_branches": 0, "missing_branches": 12, "percent_branches_covered": 0.0, "percent_branches_covered_display": "0"}, "missing_lines": [27, 33, 34, 35, 36, 37, 38, 39, 40, 41, 42, 43, 44, 45, 46, 47, 48, 50], "excluded_lines": [], "executed_branches": [], "missing_branches": [[37, 38], [37, 39], [39, 40], [39, 41], [41, 42], [41, 43], [43, 44], [43, 45], [45, 46], [45, 47], [47, 48], [47, 50]], "functions": {"trip_plan_from_minimal": {"executed_lines": [], "summary": {"covered_lines": 0, "num_statements": 18, "percent_covered": 0.0, "percent_covered_display": "0", "missing_lines": 18, "excluded_lines": 0, "percent_statements_covered": 0.0, "percent_statements_covered_display": "0", "num_branches": 12, "num_partial_branches": 0, "covered_branches": 0, "missing_branches": 12, "percent_branches_covered": 0.0, "percent_branches_covered_display": "0"}, "missing_lines": [27, 33, 34, 35, 36, 37, 38, 39, 40, 41, 42, 43, 44, 45, 46, 47, 48, 50], "excluded_lines": [], "start_line": 13, "executed_branches": [], "missing_branches": [[37, 38], [37, 39], [39, 40], [39, 41], [41, 42], [41, 43], [43, 44], [43, 45], [45, 46], [45, 47], [47, 48], [47, 50]]}, "": {"executed_lines": [3, 5, 6, 7, 9, 10, 13], "summary": {"covered_lines": 7, "num_statements": 7, "percent_covered": 100.0, "percent_covered_display": "100", "missing_lines": 0, "excluded_lines": 0, "percent_statements_covered": 100.0, "percent_statements_covered_display": "100", "num_branches": 0, "num_partial_branches": 0, "covered_branches": 0, "missing_branches": 0, "percent_branches_covered": 100.0, "percent_branches_covered_display": "100"}, "missing_lines": [], "excluded_lines": [], "start_line": 1, "executed_branches": [], "missing_branches": []}}, "classes": {"": {"executed_lines": [3, 5, 6, 7, 9, 10, 13], "summary": {"covered_lines": 7, "num_statements": 25, "percent_covered": 18.91891891891892, "percent_covered_display": "19", "missing_lines": 18, "excluded_lines": 0, "percent_statements_covered": 28.0, "percent_statements_covered_display": "28", "num_branches": 12, "num_partial_branches": 0, "covered_branches": 0, "missing_branches": 12, "percent_branches_covered": 0.0, "percent_branches_covered_display": "0"}, "missing_lines": [27, 33, 34, 35, 36, 37, 38, 39, 40, 41, 42, 43, 44, 45, 46, 47, 48, 50], "excluded_lines": [], "start_line": 1, "executed_branches": [], "missing_branches": [[37, 38], [37, 39], [39, 40], [39, 41], [41, 42], [41, 43], [43, 44], [43, 45], [45, 46], [45, 47], [47, 48], [47, 50]]}}}, "src/travel_plan_permission/export.py": {"executed_lines": [3, 5, 6, 7, 8, 9, 10, 12, 14, 17, 20, 22, 31, 37, 40, 44, 49, 69, 90], "summary": {"covered_lines": 19, "num_statements": 77, "percent_covered": 20.43010752688172, "percent_covered_display": "20", "missing_lines": 58, "excluded_lines": 0, "percent_statements_covered": 24.675324675324674, "percent_statements_covered_display": "25", "num_branches": 16, "num_partial_branches": 0, "covered_branches": 0, "missing_branches": 16, "percent_branches_covered": 0.0, "percent_branches_covered_display": "0"}, "missing_lines": [28, 29, 32, 33, 34, 35, 38, 41, 42, 45, 46, 47, 50, 51, 52, 53, 54, 55, 60, 78, 79, 80, 82, 83, 84, 85, 87, 88, 99, 101, 102, 103, 105, 106, 107, 108, 109, 110, 120, 121, 122, 123, 124, 125, 126, 127, 128, 129, 130, 131, 132, 133, 134, 135, 137, 138, 140, 141], "excluded_lines": [], "executed_branches": [], "missing_branches": [[33, 34], [33, 35], [45, 46], [45, 47], [51, -49], [51, 52], [52, 51], [52, 53], [109, 110], [109, 125], [122, 109], [122, 123], [127, 128], [127, 130], [128, 127], [128, 129]], "functions": {"ExportService.__init__": {"executed_lines": [], "summary": {"covered_lines": 0, "num_statements": 2, "percent_covered": 0.0, "percent_covered_display": "0", "missing_lines": 2, "excluded_lines": 0, "percent_statements_covered": 0.0, "percent_statements_covered_display": "0", "num_branches": 0, "num_partial_branches": 0, "covered_branches": 0, "missing_branches": 0, "percent_branches_covered": 100.0, "percent_branches_covered_display": "100"}, "missing_lines": [28, 29], "excluded_lines": [], "start_line": 22, "executed_branches": [], "missing_branches": []}, "ExportService._validate_batch": {"executed_lines": [], "summary": {"covered_lines": 0, "num_statements": 4, "percent_covered": 0.0, "percent_covered_display": "0", "missing_lines": 4, "excluded_lines": 0, "percent_statements_covered": 0.0, "percent_statements_covered_display": "0", "num_branches": 2, "num_partial_branches": 0, "covered_branches": 0, "missing_branches": 2, "percent_branches_covered": 0.0, "percent_branches_covered_display": "0"}, "missing_lines": [32, 33, 34, 35], "excluded_lines": [], "start_line": 31, "executed_branches": [], "missing_branches": [[33, 34], [33, 35]]}, "ExportService._build_filename": {"executed_lines": [], "summary": {"covered_lines": 0, "num_statements": 1, "percent_covered": 0.0, "percent_covered_display": "0", "missing_lines": 1, "excluded_lines": 0, "percent_statements_covered": 0.0, "percent_statements_covered_display": "0", "num_branches": 0, "num_partial_branches": 0, "covered_branches": 0, "missing_branches": 0, "percent_branches_covered": 100.0, "percent_branches_covered_display": "100"}, "missing_lines": [38], "excluded_lines": [], "start_line": 37, "executed_branches": [], "missing_branches": []}, "ExportService._default_signed_link": {"executed_lines": [], "summary": {"covered_lines": 0, "num_statements": 2, "percent_covered": 0.0, "percent_covered_display": "0", "missing_lines": 2, "excluded_lines": 0, "percent_statements_covered": 0.0, "percent_statements_covered_display": "0", "num_branches": 0, "num_partial_branches": 0, "covered_branches": 0, "missing_branches": 0, "percent_branches_covered": 100.0, "percent_branches_covered_display": "100"}, "missing_lines": [41, 42], "excluded_lines": [], "start_line": 40, "executed_branches": [], "missing_branches": []}, "ExportService._signed_link": {"executed_lines": [], "summary": {"covered_lines": 0, "num_statements": 3, "percent_covered": 0.0, "percent_covered_display": "0", "missing_lines": 3, "excluded_lines": 0, "percent_statements_covered": 0.0, "percent_statements_covered_display": "0", "num_branches": 2, "num_partial_branches": 0, "covered_branches": 0, "missing_branches": 2, "percent_branches_covered": 0.0, "percent_branches_covered_display": "0"}, "missing_lines": [45, 46, 47], "excluded_lines": [], "start_line": 44, "executed_branches": [], "missing_branches": [[45, 46], [45, 47]]}, "ExportService._iter_rows": {"executed_lines": [], "summary": {"covered_lines": 0, "num_statements": 7, "percent_covered": 0.0, "percent_covered_display": "0", "missing_lines": 7, "excluded_lines": 0, "percent_statements_covered": 0.0, "percent_statements_covered_display": "0", "num_branches": 4, "num_partial_branches": 0, "covered_branches": 0, "missing_branches": 4, "percent_branches_covered": 0.0, "percent_branches_covered_display": "0"}, "missing_lines": [50, 51, 52, 53, 54, 55, 60], "excluded_lines": [], "start_line": 49, "executed_branches": [], "missing_branches": [[51, -49], [51, 52], [52, 51], [52, 53]]}, "ExportService.to_csv": {"executed_lines": [], "summary": {"covered_lines": 0, "num_statements": 9, "percent_covered": 0.0, "percent_covered_display": "0", "missing_lines": 9, "excluded_lines": 0, "percent_statements_covered": 0.0, "percent_statements_covered_display": "0", "num_branches": 0, "num_partial_branches": 0, "covered_branches": 0, "missing_branches": 0, "percent_branches_covered": 100.0, "percent_branches_covered_display": "100"}, "missing_lines": [78, 79, 80, 82, 83, 84, 85, 87, 88], "excluded_lines": [], "start_line": 69, "executed_branches": [], "missing_branches": []}, "ExportService.to_excel": {"executed_lines": [], "summary": {"covered_lines": 0, "num_statements": 30, "percent_covered": 0.0, "percent_covered_display": "0", "missing_lines": 30, "excluded_lines": 0, "percent_statements_covered": 0.0, "percent_statements_covered_display": "0", "num_branches": 8, "num_partial_branches": 0, "covered_branches": 0, "missing_branches": 8, "percent_branches_covered": 0.0, "percent_branches_covered_display": "0"}, "missing_lines": [99, 101, 102, 103, 105, 106, 107, 108, 109, 110, 120, 121, 122, 123, 124, 125, 126, 127, 128, 129, 130, 131, 132, 133, 134, 135, 137, 138, 140, 141], "excluded_lines": [], "start_line": 90, "executed_branches": [], "missing_branches": [[109, 110], [109, 125], [122, 109], [122, 123], [127, 128], [127, 130], [128, 127], [128, 129]]}, "": {"executed_lines": [3, 5, 6, 7, 8, 9, 10, 12, 14, 17, 20, 22, 31, 37, 40, 44, 49, 69, 90], "summary": {"covered_lines": 19, "num_statements": 19, "percent_covered": 100.0, "percent_covered_display": "100", "missing_lines": 0, "excluded_lines": 0, "percent_statements_covered": 100.0, "percent_statements_covered_display": "100", "num_branches": 0, "num_partial_branches": 0, "covered_branches": 0, "missing_branches": 0, "percent_branches_covered": 100.0, "percent_branches_covered_display": "100"}, "missing_lines": [], "excluded_lines": [], "start_line": 1, "executed_branches": [], "missing_branches": []}}, "classes": {"ExportService": {"executed_lines": [], "summary": {"covered_lines": 0, "num_statements": 58, "percent_covered": 0.0, "percent_covered_display": "0", "missing_lines": 58, "excluded_lines": 0, "percent_statements_covered": 0.0, "percent_statements_covered_display": "0", "num_branches": 16, "num_partial_branches": 0, "covered_branches": 0, "missing_branches": 16, "percent_branches_covered": 0.0, "percent_branches_covered_display": "0"}, "missing_lines": [28, 29, 32, 33, 34, 35, 38, 41, 42, 45, 46, 47, 50, 51, 52, 53, 54, 55, 60, 78, 79, 80, 82, 83, 84, 85, 87, 88, 99, 101, 102, 103, 105, 106, 107, 108, 109, 110, 120, 121, 122, 123, 124, 125, 126, 127, 128, 129, 130, 131, 132, 133, 134, 135, 137, 138, 140, 141], "excluded_lines": [], "start_line": 17, "executed_branches": [], "missing_branches": [[33, 34], [33, 35], [45, 46], [45, 47], [51, -49], [51, 52], [52, 51], [52, 53], [109, 110], [109, 125], [122, 109], [122, 123], [127, 128], [127, 130], [128, 127], [128, 129]]}, "": {"executed_lines": [3, 5, 6, 7, 8, 9, 10, 12, 14, 17, 20, 22, 31, 37, 40, 44, 49, 69, 90], "summary": {"covered_lines": 19, "num_statements": 19, "percent_covered": 100.0, "percent_covered_display": "100", "missing_lines": 0, "excluded_lines": 0, "percent_statements_covered": 100.0, "percent_statements_covered_display": "100", "num_branches": 0, "num_partial_branches": 0, "covered_branches": 0, "missing_branches": 0, "percent_branches_covered": 100.0, "percent_branches_covered_display": "100"}, "missing_lines": [], "excluded_lines": [], "start_line": 1, "executed_branches": [], "missing_branches": []}}}, "src/travel_plan_permission/mapping.py": {"executed_lines": [3, 5, 6, 7, 8, 9, 11, 13, 16, 26, 34, 37, 38, 39, 40, 44, 45, 48, 49, 50, 51, 52, 53, 55, 61, 73, 74, 80, 82, 83, 85, 89, 90, 91, 92, 97, 98, 99, 100, 101, 102, 109, 110, 111, 112, 114], "summary": {"covered_lines": 46, "num_statements": 67, "percent_covered": 62.06896551724138, "percent_covered_display": "62", "missing_lines": 21, "excluded_lines": 0, "percent_statements_covered": 68.65671641791045, "percent_statements_covered_display": "69", "num_branches": 20, "num_partial_branches": 8, "covered_branches": 8, "missing_branches": 12, "percent_branches_covered": 40.0, "percent_branches_covered_display": "40"}, "missing_lines": [17, 18, 21, 22, 23, 27, 28, 29, 30, 31, 41, 58, 75, 76, 77, 78, 86, 87, 93, 104, 105], "excluded_lines": [], "executed_branches": [[37, 38], [39, 40], [74, 80], [85, 89], [92, 97], [98, 99], [99, 100], [101, 102]], "missing_branches": [[37, 41], [39, 37], [74, 75], [76, 77], [76, 78], [85, 86], [92, 93], [98, 109], [99, 104], [101, 99], [104, 105], [104, 109]], "functions": {"_package_mapping_resource": {"executed_lines": [], "summary": {"covered_lines": 0, "num_statements": 5, "percent_covered": 0.0, "percent_covered_display": "0", "missing_lines": 5, "excluded_lines": 0, "percent_statements_covered": 0.0, "percent_statements_covered_display": "0", "num_branches": 0, "num_partial_branches": 0, "covered_branches": 0, "missing_branches": 0, "percent_branches_covered": 100.0, "percent_branches_covered_display": "100"}, "missing_lines": [17, 18, 21, 22, 23], "excluded_lines": [], "start_line": 16, "executed_branches": [], "missing_branches": []}, "_package_template_resource": {"executed_lines": [], "summary": {"covered_lines": 0, "num_statements": 5, "percent_covered": 0.0, "percent_covered_display": "0", "missing_lines": 5, "excluded_lines": 0, "percent_statements_covered": 0.0, "percent_statements_covered_display": "0", "num_branches": 0, "num_partial_branches": 0, "covered_branches": 0, "missing_branches": 0, "percent_branches_covered": 100.0, "percent_branches_covered_display": "100"}, "missing_lines": [27, 28, 29, 30, 31], "excluded_lines": [], "start_line": 26, "executed_branches": [], "missing_branches": []}, "_default_mapping_path": {"executed_lines": [37, 38, 39, 40], "summary": {"covered_lines": 4, "num_statements": 5, "percent_covered": 66.66666666666667, "percent_covered_display": "67", "missing_lines": 1, "excluded_lines": 0, "percent_statements_covered": 80.0, "percent_statements_covered_display": "80", "num_branches": 4, "num_partial_branches": 2, "covered_branches": 2, "missing_branches": 2, "percent_branches_covered": 50.0, "percent_branches_covered_display": "50"}, "missing_lines": [41], "excluded_lines": [], "start_line": 34, "executed_branches": [[37, 38], [39, 40]], "missing_branches": [[37, 41], [39, 37]]}, "TemplateMapping.missing_fields": {"executed_lines": [], "summary": {"covered_lines": 0, "num_statements": 1, "percent_covered": 0.0, "percent_covered_display": "0", "missing_lines": 1, "excluded_lines": 0, "percent_statements_covered": 0.0, "percent_statements_covered_display": "0", "num_branches": 0, "num_partial_branches": 0, "covered_branches": 0, "missing_branches": 0, "percent_branches_covered": 100.0, "percent_branches_covered_display": "100"}, "missing_lines": [58], "excluded_lines": [], "start_line": 55, "executed_branches": [], "missing_branches": []}, "load_template_mapping": {"executed_lines": [73, 74, 80, 82, 83, 85, 89, 90, 91, 92, 97, 98, 99, 100, 101, 102, 109, 110, 111, 112, 114], "summary": {"covered_lines": 21, "num_statements": 30, "percent_covered": 58.69565217391305, "percent_covered_display": "59", "missing_lines": 9, "excluded_lines": 0, "percent_statements_covered": 70.0, "percent_statements_covered_display": "70", "num_branches": 16, "num_partial_branches": 6, "covered_branches": 6, "missing_branches": 10, "percent_branches_covered": 37.5, "percent_branches_covered_display": "38"}, "missing_lines": [75, 76, 77, 78, 86, 87, 93, 104, 105], "excluded_lines": [], "start_line": 61, "executed_branches": [[74, 80], [85, 89], [92, 97], [98, 99], [99, 100], [101, 102]], "missing_branches": [[74, 75], [76, 77], [76, 78], [85, 86], [92, 93], [98, 109], [99, 104], [101, 99], [104, 105], [104, 109]]}, "": {"executed_lines": [3, 5, 6, 7, 8, 9, 11, 13, 16, 26, 34, 44, 45, 48, 49, 50, 51, 52, 53, 55, 61], "summary": {"covered_lines": 21, "num_statements": 21, "percent_covered": 100.0, "percent_covered_display": "100", "missing_lines": 0, "excluded_lines": 0, "percent_statements_covered": 100.0, "percent_statements_covered_display": "100", "num_branches": 0, "num_partial_branches": 0, "covered_branches": 0, "missing_branches": 0, "percent_branches_covered": 100.0, "percent_branches_covered_display": "100"}, "missing_lines": [], "excluded_lines": [], "start_line": 1, "executed_branches": [], "missing_branches": []}}, "classes": {"TemplateMapping": {"executed_lines": [], "summary": {"covered_lines": 0, "num_statements": 1, "percent_covered": 0.0, "percent_covered_display": "0", "missing_lines": 1, "excluded_lines": 0, "percent_statements_covered": 0.0, "percent_statements_covered_display": "0", "num_branches": 0, "num_partial_branches": 0, "covered_branches": 0, "missing_branches": 0, "percent_branches_covered": 100.0, "percent_branches_covered_display": "100"}, "missing_lines": [58], "excluded_lines": [], "start_line": 45, "executed_branches": [], "missing_branches": []}, "": {"executed_lines": [3, 5, 6, 7, 8, 9, 11, 13, 16, 26, 34, 37, 38, 39, 40, 44, 45, 48, 49, 50, 51, 52, 53, 55, 61, 73, 74, 80, 82, 83, 85, 89, 90, 91, 92, 97, 98, 99, 100, 101, 102, 109, 110, 111, 112, 114], "summary": {"covered_lines": 46, "num_statements": 66, "percent_covered": 62.7906976744186, "percent_covered_display": "63", "missing_lines": 20, "excluded_lines": 0, "percent_statements_covered": 69.6969696969697, "percent_statements_covered_display": "70", "num_branches": 20, "num_partial_branches": 8, "covered_branches": 8, "missing_branches": 12, "percent_branches_covered": 40.0, "percent_branches_covered_display": "40"}, "missing_lines": [17, 18, 21, 22, 23, 27, 28, 29, 30, 31, 41, 75, 76, 77, 78, 86, 87, 93, 104, 105], "excluded_lines": [], "start_line": 1, "executed_branches": [[37, 38], [39, 40], [74, 80], [85, 89], [92, 97], [98, 99], [99, 100], [101, 102]], "missing_branches": [[37, 41], [39, 37], [74, 75], [76, 77], [76, 78], [85, 86], [92, 93], [98, 109], [99, 104], [101, 99], [104, 105], [104, 109]]}}}, "src/travel_plan_permission/models.py": {"executed_lines": [3, 5, 6, 7, 8, 9, 11, 13, 16, 19, 20, 21, 22, 23, 26, 29, 30, 31, 32, 33, 34, 37, 40, 41, 42, 45, 48, 49, 52, 55, 56, 59, 62, 63, 68, 75, 85, 88, 89, 90, 91, 92, 93, 96, 99, 100, 101, 102, 105, 108, 109, 110, 111, 112, 115, 118, 120, 122, 128, 131, 132, 133, 134, 135, 137, 138, 148, 151, 152, 153, 156, 159, 160, 161, 162, 165, 168, 169, 172, 173, 176, 180, 186, 193, 194, 195, 198, 213, 216, 217, 220, 224, 225, 228, 232, 235, 238, 242, 246, 251, 273, 278, 295, 317, 320, 321, 322, 323, 324, 325, 326, 327, 328, 329, 330, 333, 337, 338, 339, 340, 344, 347, 348, 349, 350, 353, 356, 359, 362, 365, 368, 371, 374, 377, 380, 383, 389, 393, 397, 402, 406, 423, 477, 484, 489, 496, 499, 500, 501, 504, 505, 506, 507, 511, 515, 520, 527, 528, 533, 540, 543, 544, 545, 546, 549, 550, 553, 556, 557, 559, 563, 571], "summary": {"covered_lines": 172, "num_statements": 272, "percent_covered": 55.12820512820513, "percent_covered_display": "55", "missing_lines": 100, "excluded_lines": 3, "percent_statements_covered": 63.23529411764706, "percent_statements_covered_display": "63", "num_branches": 40, "num_partial_branches": 0, "covered_branches": 0, "missing_branches": 40, "percent_branches_covered": 0.0, "percent_branches_covered_display": "0"}, "missing_lines": [71, 72, 73, 78, 79, 80, 81, 82, 123, 124, 125, 141, 142, 143, 144, 145, 177, 181, 182, 183, 203, 205, 206, 207, 208, 209, 210, 247, 248, 249, 261, 262, 263, 269, 270, 271, 276, 281, 282, 284, 285, 286, 287, 289, 290, 291, 292, 300, 301, 302, 304, 305, 306, 307, 308, 310, 404, 414, 418, 419, 420, 421, 436, 437, 438, 439, 441, 442, 443, 444, 445, 446, 447, 449, 459, 460, 462, 463, 464, 465, 466, 467, 468, 474, 475, 480, 481, 523, 524, 525, 531, 534, 535, 536, 537, 561, 565, 566, 567, 568], "excluded_lines": [491, 492, 493], "executed_branches": [], "missing_branches": [[71, 72], [71, 73], [78, 79], [78, 80], [80, 81], [80, 82], [123, -122], [123, 124], [205, 206], [205, 210], [206, 207], [206, 208], [208, 209], [208, 210], [248, -246], [248, 249], [281, 282], [281, 284], [286, 287], [286, 289], [304, 305], [304, 310], [307, 304], [307, 308], [437, 438], [437, 441], [442, 443], [442, 444], [444, 445], [444, 446], [446, 447], [446, 449], [462, 463], [462, 475], [523, 524], [523, 525], [535, -533], [535, 536], [566, 567], [566, 568]], "functions": {"ApprovalRule.matches": {"executed_lines": [], "summary": {"covered_lines": 0, "num_statements": 3, "percent_covered": 0.0, "percent_covered_display": "0", "missing_lines": 3, "excluded_lines": 0, "percent_statements_covered": 0.0, "percent_statements_covered_display": "0", "num_branches": 2, "num_partial_branches": 0, "covered_branches": 0, "missing_branches": 2, "percent_branches_covered": 0.0, "percent_branches_covered_display": "0"}, "missing_lines": [71, 72, 73], "excluded_lines": [], "start_line": 68, "executed_branches": [], "missing_branches": [[71, 72], [71, 73]]}, "ApprovalRule.evaluate": {"executed_lines": [], "summary": {"covered_lines": 0, "num_statements": 5, "percent_covered": 0.0, "percent_covered_display": "0", "missing_lines": 5, "excluded_lines": 0, "percent_statements_covered": 0.0, "percent_statements_covered_display": "0", "num_branches": 4, "num_partial_branches": 0, "covered_branches": 0, "missing_branches": 4, "percent_branches_covered": 0.0, "percent_branches_covered_display": "0"}, "missing_lines": [78, 79, 80, 81, 82], "excluded_lines": [], "start_line": 75, "executed_branches": [], "missing_branches": [[78, 79], [78, 80], [80, 81], [80, 82]]}, "ApprovalEvent.model_post_init": {"executed_lines": [], "summary": {"covered_lines": 0, "num_statements": 3, "percent_covered": 0.0, "percent_covered_display": "0", "missing_lines": 3, "excluded_lines": 0, "percent_statements_covered": 0.0, "percent_statements_covered_display": "0", "num_branches": 2, "num_partial_branches": 0, "covered_branches": 0, "missing_branches": 2, "percent_branches_covered": 0.0, "percent_branches_covered_display": "0"}, "missing_lines": [123, 124, 125], "excluded_lines": [], "start_line": 122, "executed_branches": [], "missing_branches": [[123, -122], [123, 124]]}, "ExceptionType.from_policy_rule_id": {"executed_lines": [], "summary": {"covered_lines": 0, "num_statements": 5, "percent_covered": 0.0, "percent_covered_display": "0", "missing_lines": 5, "excluded_lines": 0, "percent_statements_covered": 0.0, "percent_statements_covered_display": "0", "num_branches": 0, "num_partial_branches": 0, "covered_branches": 0, "missing_branches": 0, "percent_branches_covered": 100.0, "percent_branches_covered_display": "100"}, "missing_lines": [141, 142, 143, 144, 145], "excluded_lines": [], "start_line": 138, "executed_branches": [], "missing_branches": []}, "_approval_rank": {"executed_lines": [], "summary": {"covered_lines": 0, "num_statements": 1, "percent_covered": 0.0, "percent_covered_display": "0", "missing_lines": 1, "excluded_lines": 0, "percent_statements_covered": 0.0, "percent_statements_covered_display": "0", "num_branches": 0, "num_partial_branches": 0, "covered_branches": 0, "missing_branches": 0, "percent_branches_covered": 100.0, "percent_branches_covered_display": "100"}, "missing_lines": [177], "excluded_lines": [], "start_line": 176, "executed_branches": [], "missing_branches": []}, "_next_level": {"executed_lines": [], "summary": {"covered_lines": 0, "num_statements": 3, "percent_covered": 0.0, "percent_covered_display": "0", "missing_lines": 3, "excluded_lines": 0, "percent_statements_covered": 0.0, "percent_statements_covered_display": "0", "num_branches": 0, "num_partial_branches": 0, "covered_branches": 0, "missing_branches": 0, "percent_branches_covered": 100.0, "percent_branches_covered_display": "100"}, "missing_lines": [181, 182, 183], "excluded_lines": [], "start_line": 180, "executed_branches": [], "missing_branches": []}, "determine_exception_approval_level": {"executed_lines": [], "summary": {"covered_lines": 0, "num_statements": 7, "percent_covered": 0.0, "percent_covered_display": "0", "missing_lines": 7, "excluded_lines": 0, "percent_statements_covered": 0.0, "percent_statements_covered_display": "0", "num_branches": 6, "num_partial_branches": 0, "covered_branches": 0, "missing_branches": 6, "percent_branches_covered": 0.0, "percent_branches_covered_display": "0"}, "missing_lines": [203, 205, 206, 207, 208, 209, 210], "excluded_lines": [], "start_line": 198, "executed_branches": [], "missing_branches": [[205, 206], [205, 210], [206, 207], [206, 208], [208, 209], [208, 210]]}, "ExceptionRequest.model_post_init": {"executed_lines": [], "summary": {"covered_lines": 0, "num_statements": 3, "percent_covered": 0.0, "percent_covered_display": "0", "missing_lines": 3, "excluded_lines": 0, "percent_statements_covered": 0.0, "percent_statements_covered_display": "0", "num_branches": 2, "num_partial_branches": 0, "covered_branches": 0, "missing_branches": 2, "percent_branches_covered": 0.0, "percent_branches_covered_display": "0"}, "missing_lines": [247, 248, 249], "excluded_lines": [], "start_line": 246, "executed_branches": [], "missing_branches": [[248, -246], [248, 249]]}, "ExceptionRequest.approve": {"executed_lines": [], "summary": {"covered_lines": 0, "num_statements": 6, "percent_covered": 0.0, "percent_covered_display": "0", "missing_lines": 6, "excluded_lines": 0, "percent_statements_covered": 0.0, "percent_statements_covered_display": "0", "num_branches": 0, "num_partial_branches": 0, "covered_branches": 0, "missing_branches": 0, "percent_branches_covered": 100.0, "percent_branches_covered_display": "100"}, "missing_lines": [261, 262, 263, 269, 270, 271], "excluded_lines": [], "start_line": 251, "executed_branches": [], "missing_branches": []}, "ExceptionRequest.reject": {"executed_lines": [], "summary": {"covered_lines": 0, "num_statements": 1, "percent_covered": 0.0, "percent_covered_display": "0", "missing_lines": 1, "excluded_lines": 0, "percent_statements_covered": 0.0, "percent_statements_covered_display": "0", "num_branches": 0, "num_partial_branches": 0, "covered_branches": 0, "missing_branches": 0, "percent_branches_covered": 100.0, "percent_branches_covered_display": "100"}, "missing_lines": [276], "excluded_lines": [], "start_line": 273, "executed_branches": [], "missing_branches": []}, "ExceptionRequest.escalate_if_overdue": {"executed_lines": [], "summary": {"covered_lines": 0, "num_statements": 10, "percent_covered": 0.0, "percent_covered_display": "0", "missing_lines": 10, "excluded_lines": 0, "percent_statements_covered": 0.0, "percent_statements_covered_display": "0", "num_branches": 4, "num_partial_branches": 0, "covered_branches": 0, "missing_branches": 4, "percent_branches_covered": 0.0, "percent_branches_covered_display": "0"}, "missing_lines": [281, 282, 284, 285, 286, 287, 289, 290, 291, 292], "excluded_lines": [], "start_line": 278, "executed_branches": [], "missing_branches": [[281, 282], [281, 284], [286, 287], [286, 289]]}, "build_exception_dashboard": {"executed_lines": [], "summary": {"covered_lines": 0, "num_statements": 9, "percent_covered": 0.0, "percent_covered_display": "0", "missing_lines": 9, "excluded_lines": 0, "percent_statements_covered": 0.0, "percent_statements_covered_display": "0", "num_branches": 4, "num_partial_branches": 0, "covered_branches": 0, "missing_branches": 4, "percent_branches_covered": 0.0, "percent_branches_covered_display": "0"}, "missing_lines": [300, 301, 302, 304, 305, 306, 307, 308, 310], "excluded_lines": [], "start_line": 295, "executed_branches": [], "missing_branches": [[304, 305], [304, 310], [307, 304], [307, 308]]}, "TripPlan.duration_days": {"executed_lines": [], "summary": {"covered_lines": 0, "num_statements": 1, "percent_covered": 0.0, "percent_covered_display": "0", "missing_lines": 1, "excluded_lines": 0, "percent_statements_covered": 0.0, "percent_statements_covered_display": "0", "num_branches": 0, "num_partial_branches": 0, "covered_branches": 0, "missing_branches": 0, "percent_branches_covered": 100.0, "percent_branches_covered_display": "100"}, "missing_lines": [404], "excluded_lines": [], "start_line": 402, "executed_branches": [], "missing_branches": []}, "TripPlan.run_validation": {"executed_lines": [], "summary": {"covered_lines": 0, "num_statements": 5, "percent_covered": 0.0, "percent_covered_display": "0", "missing_lines": 5, "excluded_lines": 0, "percent_statements_covered": 0.0, "percent_statements_covered_display": "0", "num_branches": 0, "num_partial_branches": 0, "covered_branches": 0, "missing_branches": 0, "percent_branches_covered": 100.0, "percent_branches_covered_display": "100"}, "missing_lines": [414, 418, 419, 420, 421], "excluded_lines": [], "start_line": 406, "executed_branches": [], "missing_branches": []}, "TripPlan.record_approval_decision": {"executed_lines": [], "summary": {"covered_lines": 0, "num_statements": 23, "percent_covered": 0.0, "percent_covered_display": "0", "missing_lines": 23, "excluded_lines": 0, "percent_statements_covered": 0.0, "percent_statements_covered_display": "0", "num_branches": 10, "num_partial_branches": 0, "covered_branches": 0, "missing_branches": 10, "percent_branches_covered": 0.0, "percent_branches_covered_display": "0"}, "missing_lines": [436, 437, 438, 439, 441, 442, 443, 444, 445, 446, 447, 449, 459, 460, 462, 463, 464, 465, 466, 467, 468, 474, 475], "excluded_lines": [], "start_line": 423, "executed_branches": [], "missing_branches": [[437, 438], [437, 441], [442, 443], [442, 444], [444, 445], [444, 446], [446, 447], [446, 449], [462, 463], [462, 475]]}, "TripPlan.add_exception_request": {"executed_lines": [], "summary": {"covered_lines": 0, "num_statements": 2, "percent_covered": 0.0, "percent_covered_display": "0", "missing_lines": 2, "excluded_lines": 0, "percent_statements_covered": 0.0, "percent_statements_covered_display": "0", "num_branches": 0, "num_partial_branches": 0, "covered_branches": 0, "missing_branches": 0, "percent_branches_covered": 100.0, "percent_branches_covered_display": "100"}, "missing_lines": [480, 481], "excluded_lines": [], "start_line": 477, "executed_branches": [], "missing_branches": []}, "ExpenseItem.reimbursable_amount": {"executed_lines": [], "summary": {"covered_lines": 0, "num_statements": 3, "percent_covered": 0.0, "percent_covered_display": "0", "missing_lines": 3, "excluded_lines": 0, "percent_statements_covered": 0.0, "percent_statements_covered_display": "0", "num_branches": 2, "num_partial_branches": 0, "covered_branches": 0, "missing_branches": 2, "percent_branches_covered": 0.0, "percent_branches_covered_display": "0"}, "missing_lines": [523, 524, 525], "excluded_lines": [], "start_line": 520, "executed_branches": [], "missing_branches": [[523, 524], [523, 525]]}, "ExpenseItem.is_third_party_paid": {"executed_lines": [], "summary": {"covered_lines": 0, "num_statements": 1, "percent_covered": 0.0, "percent_covered_display": "0", "missing_lines": 1, "excluded_lines": 0, "percent_statements_covered": 0.0, "percent_statements_covered_display": "0", "num_branches": 0, "num_partial_branches": 0, "covered_branches": 0, "missing_branches": 0, "percent_branches_covered": 100.0, "percent_branches_covered_display": "100"}, "missing_lines": [531], "excluded_lines": [], "start_line": 528, "executed_branches": [], "missing_branches": []}, "ExpenseItem.model_post_init": {"executed_lines": [], "summary": {"covered_lines": 0, "num_statements": 4, "percent_covered": 0.0, "percent_covered_display": "0", "missing_lines": 4, "excluded_lines": 0, "percent_statements_covered": 0.0, "percent_statements_covered_display": "0", "num_branches": 2, "num_partial_branches": 0, "covered_branches": 0, "missing_branches": 2, "percent_branches_covered": 0.0, "percent_branches_covered_display": "0"}, "missing_lines": [534, 535, 536, 537], "excluded_lines": [], "start_line": 533, "executed_branches": [], "missing_branches": [[535, -533], [535, 536]]}, "ExpenseReport.total_amount": {"executed_lines": [], "summary": {"covered_lines": 0, "num_statements": 1, "percent_covered": 0.0, "percent_covered_display": "0", "missing_lines": 1, "excluded_lines": 0, "percent_statements_covered": 0.0, "percent_statements_covered_display": "0", "num_branches": 0, "num_partial_branches": 0, "covered_branches": 0, "missing_branches": 0, "percent_branches_covered": 100.0, "percent_branches_covered_display": "100"}, "missing_lines": [561], "excluded_lines": [], "start_line": 559, "executed_branches": [], "missing_branches": []}, "ExpenseReport.expenses_by_category": {"executed_lines": [], "summary": {"covered_lines": 0, "num_statements": 4, "percent_covered": 0.0, "percent_covered_display": "0", "missing_lines": 4, "excluded_lines": 0, "percent_statements_covered": 0.0, "percent_statements_covered_display": "0", "num_branches": 2, "num_partial_branches": 0, "covered_branches": 0, "missing_branches": 2, "percent_branches_covered": 0.0, "percent_branches_covered_display": "0"}, "missing_lines": [565, 566, 567, 568], "excluded_lines": [], "start_line": 563, "executed_branches": [], "missing_branches": [[566, 567], [566, 568]]}, "": {"executed_lines": [3, 5, 6, 7, 8, 9, 11, 13, 16, 19, 20, 21, 22, 23, 26, 29, 30, 31, 32, 33, 34, 37, 40, 41, 42, 45, 48, 49, 52, 55, 56, 59, 62, 63, 68, 75, 85, 88, 89, 90, 91, 92, 93, 96, 99, 100, 101, 102, 105, 108, 109, 110, 111, 112, 115, 118, 120, 122, 128, 131, 132, 133, 134, 135, 137, 138, 148, 151, 152, 153, 156, 159, 160, 161, 162, 165, 168, 169, 172, 173, 176, 180, 186, 193, 194, 195, 198, 213, 216, 217, 220, 224, 225, 228, 232, 235, 238, 242, 246, 251, 273, 278, 295, 317, 320, 321, 322, 323, 324, 325, 326, 327, 328, 329, 330, 333, 337, 338, 339, 340, 344, 347, 348, 349, 350, 353, 356, 359, 362, 365, 368, 371, 374, 377, 380, 383, 389, 393, 397, 402, 406, 423, 477, 484, 489, 496, 499, 500, 501, 504, 505, 506, 507, 511, 515, 520, 527, 528, 533, 540, 543, 544, 545, 546, 549, 550, 553, 556, 557, 559, 563, 571], "summary": {"covered_lines": 172, "num_statements": 172, "percent_covered": 100.0, "percent_covered_display": "100", "missing_lines": 0, "excluded_lines": 3, "percent_statements_covered": 100.0, "percent_statements_covered_display": "100", "num_branches": 0, "num_partial_branches": 0, "covered_branches": 0, "missing_branches": 0, "percent_branches_covered": 100.0, "percent_branches_covered_display": "100"}, "missing_lines": [], "excluded_lines": [491, 492, 493], "start_line": 1, "executed_branches": [], "missing_branches": []}}, "classes": {"TripStatus": {"executed_lines": [], "summary": {"covered_lines": 0, "num_statements": 0, "percent_covered": 100.0, "percent_covered_display": "100", "missing_lines": 0, "excluded_lines": 0, "percent_statements_covered": 100.0, "percent_statements_covered_display": "100", "num_branches": 0, "num_partial_branches": 0, "covered_branches": 0, "missing_branches": 0, "percent_branches_covered": 100.0, "percent_branches_covered_display": "100"}, "missing_lines": [], "excluded_lines": [], "start_line": 16, "executed_branches": [], "missing_branches": []}, "ExpenseCategory": {"executed_lines": [], "summary": {"covered_lines": 0, "num_statements": 0, "percent_covered": 100.0, "percent_covered_display": "100", "missing_lines": 0, "excluded_lines": 0, "percent_statements_covered": 100.0, "percent_statements_covered_display": "100", "num_branches": 0, "num_partial_branches": 0, "covered_branches": 0, "missing_branches": 0, "percent_branches_covered": 100.0, "percent_branches_covered_display": "100"}, "missing_lines": [], "excluded_lines": [], "start_line": 26, "executed_branches": [], "missing_branches": []}, "ApprovalStatus": {"executed_lines": [], "summary": {"covered_lines": 0, "num_statements": 0, "percent_covered": 100.0, "percent_covered_display": "100", "missing_lines": 0, "excluded_lines": 0, "percent_statements_covered": 100.0, "percent_statements_covered_display": "100", "num_branches": 0, "num_partial_branches": 0, "covered_branches": 0, "missing_branches": 0, "percent_branches_covered": 100.0, "percent_branches_covered_display": "100"}, "missing_lines": [], "excluded_lines": [], "start_line": 37, "executed_branches": [], "missing_branches": []}, "ApprovalAction": {"executed_lines": [], "summary": {"covered_lines": 0, "num_statements": 0, "percent_covered": 100.0, "percent_covered_display": "100", "missing_lines": 0, "excluded_lines": 0, "percent_statements_covered": 100.0, "percent_statements_covered_display": "100", "num_branches": 0, "num_partial_branches": 0, "covered_branches": 0, "missing_branches": 0, "percent_branches_covered": 100.0, "percent_branches_covered_display": "100"}, "missing_lines": [], "excluded_lines": [], "start_line": 45, "executed_branches": [], "missing_branches": []}, "ApprovalRule": {"executed_lines": [], "summary": {"covered_lines": 0, "num_statements": 8, "percent_covered": 0.0, "percent_covered_display": "0", "missing_lines": 8, "excluded_lines": 0, "percent_statements_covered": 0.0, "percent_statements_covered_display": "0", "num_branches": 6, "num_partial_branches": 0, "covered_branches": 0, "missing_branches": 6, "percent_branches_covered": 0.0, "percent_branches_covered_display": "0"}, "missing_lines": [71, 72, 73, 78, 79, 80, 81, 82], "excluded_lines": [], "start_line": 52, "executed_branches": [], "missing_branches": [[71, 72], [71, 73], [78, 79], [78, 80], [80, 81], [80, 82]]}, "ApprovalDecision": {"executed_lines": [], "summary": {"covered_lines": 0, "num_statements": 0, "percent_covered": 100.0, "percent_covered_display": "100", "missing_lines": 0, "excluded_lines": 0, "percent_statements_covered": 100.0, "percent_statements_covered_display": "100", "num_branches": 0, "num_partial_branches": 0, "covered_branches": 0, "missing_branches": 0, "percent_branches_covered": 100.0, "percent_branches_covered_display": "100"}, "missing_lines": [], "excluded_lines": [], "start_line": 85, "executed_branches": [], "missing_branches": []}, "ApprovalOutcome": {"executed_lines": [], "summary": {"covered_lines": 0, "num_statements": 0, "percent_covered": 100.0, "percent_covered_display": "100", "missing_lines": 0, "excluded_lines": 0, "percent_statements_covered": 100.0, "percent_statements_covered_display": "100", "num_branches": 0, "num_partial_branches": 0, "covered_branches": 0, "missing_branches": 0, "percent_branches_covered": 100.0, "percent_branches_covered_display": "100"}, "missing_lines": [], "excluded_lines": [], "start_line": 96, "executed_branches": [], "missing_branches": []}, "ApprovalEvent": {"executed_lines": [], "summary": {"covered_lines": 0, "num_statements": 3, "percent_covered": 0.0, "percent_covered_display": "0", "missing_lines": 3, "excluded_lines": 0, "percent_statements_covered": 0.0, "percent_statements_covered_display": "0", "num_branches": 2, "num_partial_branches": 0, "covered_branches": 0, "missing_branches": 2, "percent_branches_covered": 0.0, "percent_branches_covered_display": "0"}, "missing_lines": [123, 124, 125], "excluded_lines": [], "start_line": 105, "executed_branches": [], "missing_branches": [[123, -122], [123, 124]]}, "ExceptionType": {"executed_lines": [], "summary": {"covered_lines": 0, "num_statements": 5, "percent_covered": 0.0, "percent_covered_display": "0", "missing_lines": 5, "excluded_lines": 0, "percent_statements_covered": 0.0, "percent_statements_covered_display": "0", "num_branches": 0, "num_partial_branches": 0, "covered_branches": 0, "missing_branches": 0, "percent_branches_covered": 100.0, "percent_branches_covered_display": "100"}, "missing_lines": [141, 142, 143, 144, 145], "excluded_lines": [], "start_line": 128, "executed_branches": [], "missing_branches": []}, "ExceptionApprovalLevel": {"executed_lines": [], "summary": {"covered_lines": 0, "num_statements": 0, "percent_covered": 100.0, "percent_covered_display": "100", "missing_lines": 0, "excluded_lines": 0, "percent_statements_covered": 100.0, "percent_statements_covered_display": "100", "num_branches": 0, "num_partial_branches": 0, "covered_branches": 0, "missing_branches": 0, "percent_branches_covered": 100.0, "percent_branches_covered_display": "100"}, "missing_lines": [], "excluded_lines": [], "start_line": 148, "executed_branches": [], "missing_branches": []}, "ExceptionStatus": {"executed_lines": [], "summary": {"covered_lines": 0, "num_statements": 0, "percent_covered": 100.0, "percent_covered_display": "100", "missing_lines": 0, "excluded_lines": 0, "percent_statements_covered": 100.0, "percent_statements_covered_display": "100", "num_branches": 0, "num_partial_branches": 0, "covered_branches": 0, "missing_branches": 0, "percent_branches_covered": 100.0, "percent_branches_covered_display": "100"}, "missing_lines": [], "excluded_lines": [], "start_line": 156, "executed_branches": [], "missing_branches": []}, "ExceptionApprovalRecord": {"executed_lines": [], "summary": {"covered_lines": 0, "num_statements": 0, "percent_covered": 100.0, "percent_covered_display": "100", "missing_lines": 0, "excluded_lines": 0, "percent_statements_covered": 100.0, "percent_statements_covered_display": "100", "num_branches": 0, "num_partial_branches": 0, "covered_branches": 0, "missing_branches": 0, "percent_branches_covered": 100.0, "percent_branches_covered_display": "100"}, "missing_lines": [], "excluded_lines": [], "start_line": 165, "executed_branches": [], "missing_branches": []}, "ExceptionRequest": {"executed_lines": [], "summary": {"covered_lines": 0, "num_statements": 20, "percent_covered": 0.0, "percent_covered_display": "0", "missing_lines": 20, "excluded_lines": 0, "percent_statements_covered": 0.0, "percent_statements_covered_display": "0", "num_branches": 6, "num_partial_branches": 0, "covered_branches": 0, "missing_branches": 6, "percent_branches_covered": 0.0, "percent_branches_covered_display": "0"}, "missing_lines": [247, 248, 249, 261, 262, 263, 269, 270, 271, 276, 281, 282, 284, 285, 286, 287, 289, 290, 291, 292], "excluded_lines": [], "start_line": 213, "executed_branches": [], "missing_branches": [[248, -246], [248, 249], [281, 282], [281, 284], [286, 287], [286, 289]]}, "TripPlan": {"executed_lines": [], "summary": {"covered_lines": 0, "num_statements": 31, "percent_covered": 0.0, "percent_covered_display": "0", "missing_lines": 31, "excluded_lines": 0, "percent_statements_covered": 0.0, "percent_statements_covered_display": "0", "num_branches": 10, "num_partial_branches": 0, "covered_branches": 0, "missing_branches": 10, "percent_branches_covered": 0.0, "percent_branches_covered_display": "0"}, "missing_lines": [404, 414, 418, 419, 420, 421, 436, 437, 438, 439, 441, 442, 443, 444, 445, 446, 447, 449, 459, 460, 462, 463, 464, 465, 466, 467, 468, 474, 475, 480, 481], "excluded_lines": [], "start_line": 317, "executed_branches": [], "missing_branches": [[437, 438], [437, 441], [442, 443], [442, 444], [444, 445], [444, 446], [446, 447], [446, 449], [462, 463], [462, 475]]}, "ExpenseItem": {"executed_lines": [], "summary": {"covered_lines": 0, "num_statements": 8, "percent_covered": 0.0, "percent_covered_display": "0", "missing_lines": 8, "excluded_lines": 0, "percent_statements_covered": 0.0, "percent_statements_covered_display": "0", "num_branches": 4, "num_partial_branches": 0, "covered_branches": 0, "missing_branches": 4, "percent_branches_covered": 0.0, "percent_branches_covered_display": "0"}, "missing_lines": [523, 524, 525, 531, 534, 535, 536, 537], "excluded_lines": [], "start_line": 496, "executed_branches": [], "missing_branches": [[523, 524], [523, 525], [535, -533], [535, 536]]}, "ExpenseReport": {"executed_lines": [], "summary": {"covered_lines": 0, "num_statements": 5, "percent_covered": 0.0, "percent_covered_display": "0", "missing_lines": 5, "excluded_lines": 0, "percent_statements_covered": 0.0, "percent_statements_covered_display": "0", "num_branches": 2, "num_partial_branches": 0, "covered_branches": 0, "missing_branches": 2, "percent_branches_covered": 0.0, "percent_branches_covered_display": "0"}, "missing_lines": [561, 565, 566, 567, 568], "excluded_lines": [], "start_line": 540, "executed_branches": [], "missing_branches": [[566, 567], [566, 568]]}, "": {"executed_lines": [3, 5, 6, 7, 8, 9, 11, 13, 16, 19, 20, 21, 22, 23, 26, 29, 30, 31, 32, 33, 34, 37, 40, 41, 42, 45, 48, 49, 52, 55, 56, 59, 62, 63, 68, 75, 85, 88, 89, 90, 91, 92, 93, 96, 99, 100, 101, 102, 105, 108, 109, 110, 111, 112, 115, 118, 120, 122, 128, 131, 132, 133, 134, 135, 137, 138, 148, 151, 152, 153, 156, 159, 160, 161, 162, 165, 168, 169, 172, 173, 176, 180, 186, 193, 194, 195, 198, 213, 216, 217, 220, 224, 225, 228, 232, 235, 238, 242, 246, 251, 273, 278, 295, 317, 320, 321, 322, 323, 324, 325, 326, 327, 328, 329, 330, 333, 337, 338, 339, 340, 344, 347, 348, 349, 350, 353, 356, 359, 362, 365, 368, 371, 374, 377, 380, 383, 389, 393, 397, 402, 406, 423, 477, 484, 489, 496, 499, 500, 501, 504, 505, 506, 507, 511, 515, 520, 527, 528, 533, 540, 543, 544, 545, 546, 549, 550, 553, 556, 557, 559, 563, 571], "summary": {"covered_lines": 172, "num_statements": 192, "percent_covered": 85.14851485148515, "percent_covered_display": "85", "missing_lines": 20, "excluded_lines": 3, "percent_statements_covered": 89.58333333333333, "percent_statements_covered_display": "90", "num_branches": 10, "num_partial_branches": 0, "covered_branches": 0, "missing_branches": 10, "percent_branches_covered": 0.0, "percent_branches_covered_display": "0"}, "missing_lines": [177, 181, 182, 183, 203, 205, 206, 207, 208, 209, 210, 300, 301, 302, 304, 305, 306, 307, 308, 310], "excluded_lines": [491, 492, 493], "start_line": 1, "executed_branches": [], "missing_branches": [[205, 206], [205, 210], [206, 207], [206, 208], [208, 209], [208, 210], [304, 305], [304, 310], [307, 304], [307, 308]]}}}, "src/travel_plan_permission/orchestration/__init__.py": {"executed_lines": [3, 5], "summary": {"covered_lines": 2, "num_statements": 2, "percent_covered": 100.0, "percent_covered_display": "100", "missing_lines": 0, "excluded_lines": 0, "percent_statements_covered": 100.0, "percent_statements_covered_display": "100", "num_branches": 0, "num_partial_branches": 0, "covered_branches": 0, "missing_branches": 0, "percent_branches_covered": 100.0, "percent_branches_covered_display": "100"}, "missing_lines": [], "excluded_lines": [], "executed_branches": [], "missing_branches": [], "functions": {"": {"executed_lines": [3, 5], "summary": {"covered_lines": 2, "num_statements": 2, "percent_covered": 100.0, "percent_covered_display": "100", "missing_lines": 0, "excluded_lines": 0, "percent_statements_covered": 100.0, "percent_statements_covered_display": "100", "num_branches": 0, "num_partial_branches": 0, "covered_branches": 0, "missing_branches": 0, "percent_branches_covered": 100.0, "percent_branches_covered_display": "100"}, "missing_lines": [], "excluded_lines": [], "start_line": 1, "executed_branches": [], "missing_branches": []}}, "classes": {"": {"executed_lines": [3, 5], "summary": {"covered_lines": 2, "num_statements": 2, "percent_covered": 100.0, "percent_covered_display": "100", "missing_lines": 0, "excluded_lines": 0, "percent_statements_covered": 100.0, "percent_statements_covered_display": "100", "num_branches": 0, "num_partial_branches": 0, "covered_branches": 0, "missing_branches": 0, "percent_branches_covered": 100.0, "percent_branches_covered_display": "100"}, "missing_lines": [], "excluded_lines": [], "start_line": 1, "executed_branches": [], "missing_branches": []}}}, "src/travel_plan_permission/orchestration/example.py": {"executed_lines": [], "summary": {"covered_lines": 0, "num_statements": 48, "percent_covered": 0.0, "percent_covered_display": "0", "missing_lines": 48, "excluded_lines": 2, "percent_statements_covered": 0.0, "percent_statements_covered_display": "0", "num_branches": 1
[...]
, 212, 217, 250, 258, 266, 281, 284, 287, 288, 295, 296, 302, 303, 309, 317], "summary": {"covered_lines": 71, "num_statements": 150, "percent_covered": 36.979166666666664, "percent_covered_display": "37", "missing_lines": 79, "excluded_lines": 3, "percent_statements_covered": 47.333333333333336, "percent_statements_covered_display": "47", "num_branches": 42, "num_partial_branches": 0, "covered_branches": 0, "missing_branches": 42, "percent_branches_covered": 0.0, "percent_branches_covered_display": "0"}, "missing_lines": [47, 73, 100, 101, 106, 107, 108, 113, 114, 115, 116, 118, 119, 120, 128, 145, 146, 147, 148, 149, 154, 155, 156, 164, 165, 166, 167, 174, 188, 189, 190, 197, 220, 221, 222, 224, 225, 228, 229, 230, 236, 237, 238, 247, 259, 260, 261, 262, 263, 267, 268, 269, 270, 271, 272, 273, 274, 276, 277, 278, 285, 289, 290, 291, 292, 293, 297, 298, 299, 300, 304, 305, 306, 307, 312, 313, 314, 315, 318], "excluded_lines": [19, 20, 70], "executed_branches": [], "missing_branches": [[106, 107], [106, 108], [115, 116], [115, 118], [119, 120], [119, 128], [145, 146], [145, 147], [147, 148], [147, 149], [155, 156], [155, 164], [164, 165], [164, 174], [166, 164], [166, 167], [189, 190], [189, 197], [224, 225], [224, 247], [228, 229], [228, 230], [230, 236], [230, 237], [259, 260], [259, 263], [261, 259], [261, 262], [268, 269], [268, 278], [270, 271], [270, 272], [273, 274], [273, 276], [291, 292], [291, 293], [298, 299], [298, 300], [305, 306], [305, 307], [313, 314], [313, 315]], "functions": {"ValidationResult.is_blocking": {"executed_lines": [], "summary": {"covered_lines": 0, "num_statements": 1, "percent_covered": 0.0, "percent_covered_display": "0", "missing_lines": 1, "excluded_lines": 0, "percent_statements_covered": 0.0, "percent_statements_covered_display": "0", "num_branches": 0, "num_partial_branches": 0, "covered_branches": 0, "missing_branches": 0, "percent_branches_covered": 100.0, "percent_branches_covered_display": "100"}, "missing_lines": [47], "excluded_lines": [], "start_line": 44, "executed_branches": [], "missing_branches": []}, "ValidationRule.evaluate": {"executed_lines": [], "summary": {"covered_lines": 0, "num_statements": 0, "percent_covered": 100.0, "percent_covered_display": "100", "missing_lines": 0, "excluded_lines": 1, "percent_statements_covered": 100.0, "percent_statements_covered_display": "100", "num_branches": 0, "num_partial_branches": 0, "covered_branches": 0, "missing_branches": 0, "percent_branches_covered": 100.0, "percent_branches_covered_display": "100"}, "missing_lines": [], "excluded_lines": [70], "start_line": 65, "executed_branches": [], "missing_branches": []}, "ValidationRule._result": {"executed_lines": [], "summary": {"covered_lines": 0, "num_statements": 1, "percent_covered": 0.0, "percent_covered_display": "0", "missing_lines": 1, "excluded_lines": 0, "percent_statements_covered": 0.0, "percent_statements_covered_display": "0", "num_branches": 0, "num_partial_branches": 0, "covered_branches": 0, "missing_branches": 0, "percent_branches_covered": 100.0, "percent_branches_covered_display": "100"}, "missing_lines": [73], "excluded_lines": [], "start_line": 72, "executed_branches": [], "missing_branches": []}, "AdvanceBookingRule._is_international": {"executed_lines": [], "summary": {"covered_lines": 0, "num_statements": 2, "percent_covered": 0.0, "percent_covered_display": "0", "missing_lines": 2, "excluded_lines": 0, "percent_statements_covered": 0.0, "percent_statements_covered_display": "0", "num_branches": 0, "num_partial_branches": 0, "covered_branches": 0, "missing_branches": 0, "percent_branches_covered": 100.0, "percent_branches_covered_display": "100"}, "missing_lines": [100, 101], "excluded_lines": [], "start_line": 99, "executed_branches": [], "missing_branches": []}, "AdvanceBookingRule._required_notice": {"executed_lines": [], "summary": {"covered_lines": 0, "num_statements": 3, "percent_covered": 0.0, "percent_covered_display": "0", "missing_lines": 3, "excluded_lines": 0, "percent_statements_covered": 0.0, "percent_statements_covered_display": "0", "num_branches": 2, "num_partial_branches": 0, "covered_branches": 0, "missing_branches": 2, "percent_branches_covered": 0.0, "percent_branches_covered_display": "0"}, "missing_lines": [106, 107, 108], "excluded_lines": [], "start_line": 105, "executed_branches": [], "missing_branches": [[106, 107], [106, 108]]}, "AdvanceBookingRule.evaluate": {"executed_lines": [], "summary": {"covered_lines": 0, "num_statements": 8, "percent_covered": 0.0, "percent_covered_display": "0", "missing_lines": 8, "excluded_lines": 0, "percent_statements_covered": 0.0, "percent_statements_covered_display": "0", "num_branches": 4, "num_partial_branches": 0, "covered_branches": 0, "missing_branches": 4, "percent_branches_covered": 0.0, "percent_branches_covered_display": "0"}, "missing_lines": [113, 114, 115, 116, 118, 119, 120, 128], "excluded_lines": [], "start_line": 110, "executed_branches": [], "missing_branches": [[115, 116], [115, 118], [119, 120], [119, 128]]}, "BudgetLimitRule._coerce_category_keys": {"executed_lines": [], "summary": {"covered_lines": 0, "num_statements": 5, "percent_covered": 0.0, "percent_covered_display": "0", "missing_lines": 5, "excluded_lines": 0, "percent_statements_covered": 0.0, "percent_statements_covered_display": "0", "num_branches": 4, "num_partial_branches": 0, "covered_branches": 0, "missing_branches": 4, "percent_branches_covered": 0.0, "percent_branches_covered_display": "0"}, "missing_lines": [145, 146, 147, 148, 149], "excluded_lines": [], "start_line": 144, "executed_branches": [], "missing_branches": [[145, 146], [145, 147], [147, 148], [147, 149]]}, "BudgetLimitRule.evaluate": {"executed_lines": [], "summary": {"covered_lines": 0, "num_statements": 8, "percent_covered": 0.0, "percent_covered_display": "0", "missing_lines": 8, "excluded_lines": 0, "percent_statements_covered": 0.0, "percent_statements_covered_display": "0", "num_branches": 6, "num_partial_branches": 0, "covered_branches": 0, "missing_branches": 6, "percent_branches_covered": 0.0, "percent_branches_covered_display": "0"}, "missing_lines": [154, 155, 156, 164, 165, 166, 167, 174], "excluded_lines": [], "start_line": 151, "executed_branches": [], "missing_branches": [[155, 156], [155, 164], [164, 165], [164, 174], [166, 164], [166, 167]]}, "DurationLimitRule.evaluate": {"executed_lines": [], "summary": {"covered_lines": 0, "num_statements": 4, "percent_covered": 0.0, "percent_covered_display": "0", "missing_lines": 4, "excluded_lines": 0, "percent_statements_covered": 0.0, "percent_statements_covered_display": "0", "num_branches": 2, "num_partial_branches": 0, "covered_branches": 0, "missing_branches": 2, "percent_branches_covered": 0.0, "percent_branches_covered_display": "0"}, "missing_lines": [188, 189, 190, 197], "excluded_lines": [], "start_line": 185, "executed_branches": [], "missing_branches": [[189, 190], [189, 197]]}, "ProviderApprovalRule.evaluate": {"executed_lines": [], "summary": {"covered_lines": 0, "num_statements": 12, "percent_covered": 0.0, "percent_covered_display": "0", "missing_lines": 12, "excluded_lines": 0, "percent_statements_covered": 0.0, "percent_statements_covered_display": "0", "num_branches": 6, "num_partial_branches": 0, "covered_branches": 0, "missing_branches": 6, "percent_branches_covered": 0.0, "percent_branches_covered_display": "0"}, "missing_lines": [220, 221, 222, 224, 225, 228, 229, 230, 236, 237, 238, 247], "excluded_lines": [], "start_line": 217, "executed_branches": [], "missing_branches": [[224, 225], [224, 247], [228, 229], [228, 230], [230, 236], [230, 237]]}, "_default_policy_path": {"executed_lines": [], "summary": {"covered_lines": 0, "num_statements": 5, "percent_covered": 0.0, "percent_covered_display": "0", "missing_lines": 5, "excluded_lines": 0, "percent_statements_covered": 0.0, "percent_statements_covered_display": "0", "num_branches": 4, "num_partial_branches": 0, "covered_branches": 0, "missing_branches": 4, "percent_branches_covered": 0.0, "percent_branches_covered_display": "0"}, "missing_lines": [259, 260, 261, 262, 263], "excluded_lines": [], "start_line": 258, "executed_branches": [], "missing_branches": [[259, 260], [259, 263], [261, 259], [261, 262]]}, "_load_rules": {"executed_lines": [], "summary": {"covered_lines": 0, "num_statements": 11, "percent_covered": 0.0, "percent_covered_display": "0", "missing_lines": 11, "excluded_lines": 0, "percent_statements_covered": 0.0, "percent_statements_covered_display": "0", "num_branches": 6, "num_partial_branches": 0, "covered_branches": 0, "missing_branches": 6, "percent_branches_covered": 0.0, "percent_branches_covered_display": "0"}, "missing_lines": [267, 268, 269, 270, 271, 272, 273, 274, 276, 277, 278], "excluded_lines": [], "start_line": 266, "executed_branches": [], "missing_branches": [[268, 269], [268, 278], [270, 271], [270, 272], [273, 274], [273, 276]]}, "PolicyValidator.__init__": {"executed_lines": [], "summary": {"covered_lines": 0, "num_statements": 1, "percent_covered": 0.0, "percent_covered_display": "0", "missing_lines": 1, "excluded_lines": 0, "percent_statements_covered": 0.0, "percent_statements_covered_display": "0", "num_branches": 0, "num_partial_branches": 0, "covered_branches": 0, "missing_branches": 0, "percent_branches_covered": 100.0, "percent_branches_covered_display": "100"}, "missing_lines": [285], "excluded_lines": [], "start_line": 284, "executed_branches": [], "missing_branches": []}, "PolicyValidator.from_yaml": {"executed_lines": [], "summary": {"covered_lines": 0, "num_statements": 5, "percent_covered": 0.0, "percent_covered_display": "0", "missing_lines": 5, "excluded_lines": 0, "percent_statements_covered": 0.0, "percent_statements_covered_display": "0", "num_branches": 2, "num_partial_branches": 0, "covered_branches": 0, "missing_branches": 2, "percent_branches_covered": 0.0, "percent_branches_covered_display": "0"}, "missing_lines": [289, 290, 291, 292, 293], "excluded_lines": [], "start_line": 288, "executed_branches": [], "missing_branches": [[291, 292], [291, 293]]}, "PolicyValidator.from_file": {"executed_lines": [], "summary": {"covered_lines": 0, "num_statements": 4, "percent_covered": 0.0, "percent_covered_display": "0", "missing_lines": 4, "excluded_lines": 0, "percent_statements_covered": 0.0, "percent_statements_covered_display": "0", "num_branches": 2, "num_partial_branches": 0, "covered_branches": 0, "missing_branches": 2, "percent_branches_covered": 0.0, "percent_branches_covered_display": "0"}, "missing_lines": [297, 298, 299, 300], "excluded_lines": [], "start_line": 296, "executed_branches": [], "missing_branches": [[298, 299], [298, 300]]}, "PolicyValidator.from_environment": {"executed_lines": [], "summary": {"covered_lines": 0, "num_statements": 4, "percent_covered": 0.0, "percent_covered_display": "0", "missing_lines": 4, "excluded_lines": 0, "percent_statements_covered": 0.0, "percent_statements_covered_display": "0", "num_branches": 2, "num_partial_branches": 0, "covered_branches": 0, "missing_branches": 2, "percent_branches_covered": 0.0, "percent_branches_covered_display": "0"}, "missing_lines": [304, 305, 306, 307], "excluded_lines": [], "start_line": 303, "executed_branches": [], "missing_branches": [[305, 306], [305, 307]]}, "PolicyValidator.validate_plan": {"executed_lines": [], "summary": {"covered_lines": 0, "num_statements": 4, "percent_covered": 0.0, "percent_covered_display": "0", "missing_lines": 4, "excluded_lines": 0, "percent_statements_covered": 0.0, "percent_statements_covered_display": "0", "num_branches": 2, "num_partial_branches": 0, "covered_branches": 0, "missing_branches": 2, "percent_branches_covered": 0.0, "percent_branches_covered_display": "0"}, "missing_lines": [312, 313, 314, 315], "excluded_lines": [], "start_line": 309, "executed_branches": [], "missing_branches": [[313, 314], [313, 315]]}, "PolicyValidator.can_submit": {"executed_lines": [], "summary": {"covered_lines": 0, "num_statements": 1, "percent_covered": 0.0, "percent_covered_display": "0", "missing_lines": 1, "excluded_lines": 0, "percent_statements_covered": 0.0, "percent_statements_covered_display": "0", "num_branches": 0, "num_partial_branches": 0, "covered_branches": 0, "missing_branches": 0, "percent_branches_covered": 100.0, "percent_branches_covered_display": "100"}, "missing_lines": [318], "excluded_lines": [], "start_line": 317, "executed_branches": [], "missing_branches": []}, "": {"executed_lines": [3, 5, 6, 7, 8, 9, 10, 11, 13, 14, 16, 17, 23, 26, 27, 28, 31, 34, 35, 36, 37, 38, 43, 44, 50, 53, 54, 55, 58, 63, 65, 72, 82, 85, 88, 91, 94, 99, 105, 110, 131, 134, 135, 138, 142, 143, 144, 151, 177, 180, 181, 185, 200, 203, 204, 208, 212, 217, 250, 258, 266, 281, 284, 287, 288, 295, 296, 302, 303, 309, 317], "summary": {"covered_lines": 71, "num_statements": 71, "percent_covered": 100.0, "percent_covered_display": "100", "missing_lines": 0, "excluded_lines": 2, "percent_statements_covered": 100.0, "percent_statements_covered_display": "100", "num_branches": 0, "num_partial_branches": 0, "covered_branches": 0, "missing_branches": 0, "percent_branches_covered": 100.0, "percent_branches_covered_display": "100"}, "missing_lines": [], "excluded_lines": [19, 20], "start_line": 1, "executed_branches": [], "missing_branches": []}}, "classes": {"ValidationSeverity": {"executed_lines": [], "summary": {"covered_lines": 0, "num_statements": 0, "percent_covered": 100.0, "percent_covered_display": "100", "missing_lines": 0, "excluded_lines": 0, "percent_statements_covered": 100.0, "percent_statements_covered_display": "100", "num_branches": 0, "num_partial_branches": 0, "covered_branches": 0, "missing_branches": 0, "percent_branches_covered": 100.0, "percent_branches_covered_display": "100"}, "missing_lines": [], "excluded_lines": [], "start_line": 23, "executed_branches": [], "missing_branches": []}, "ValidationResult": {"executed_lines": [], "summary": {"covered_lines": 0, "num_statements": 1, "percent_covered": 0.0, "percent_covered_display": "0", "missing_lines": 1, "excluded_lines": 0, "percent_statements_covered": 0.0, "percent_statements_covered_display": "0", "num_branches": 0, "num_partial_branches": 0, "covered_branches": 0, "missing_branches": 0, "percent_branches_covered": 100.0, "percent_branches_covered_display": "100"}, "missing_lines": [47], "excluded_lines": [], "start_line": 31, "executed_branches": [], "missing_branches": []}, "ValidationRule": {"executed_lines": [], "summary": {"covered_lines": 0, "num_statements": 1, "percent_covered": 0.0, "percent_covered_display": "0", "missing_lines": 1, "excluded_lines": 1, "percent_statements_covered": 0.0, "percent_statements_covered_display": "0", "num_branches": 0, "num_partial_branches": 0, "covered_branches": 0, "missing_branches": 0, "percent_branches_covered": 100.0, "percent_branches_covered_display": "100"}, "missing_lines": [73], "excluded_lines": [70], "start_line": 50, "executed_branches": [], "missing_branches": []}, "AdvanceBookingRule": {"executed_lines": [], "summary": {"covered_lines": 0, "num_statements": 13, "percent_covered": 0.0, "percent_covered_display": "0", "missing_lines": 13, "excluded_lines": 0, "percent_statements_covered": 0.0, "percent_statements_covered_display": "0", "num_branches": 6, "num_partial_branches": 0, "covered_branches": 0, "missing_branches": 6, "percent_branches_covered": 0.0, "percent_branches_covered_display": "0"}, "missing_lines": [100, 101, 106, 107, 108, 113, 114, 115, 116, 118, 119, 120, 128], "excluded_lines": [], "start_line": 82, "executed_branches": [], "missing_branches": [[106, 107], [106, 108], [115, 116], [115, 118], [119, 120], [119, 128]]}, "BudgetLimitRule": {"executed_lines": [], "summary": {"covered_lines": 0, "num_statements": 13, "percent_covered": 0.0, "percent_covered_display": "0", "missing_lines": 13, "excluded_lines": 0, "percent_statements_covered": 0.0, "percent_statements_covered_display": "0", "num_branches": 10, "num_partial_branches": 0, "covered_branches": 0, "missing_branches": 10, "percent_branches_covered": 0.0, "percent_branches_covered_display": "0"}, "missing_lines": [145, 146, 147, 148, 149, 154, 155, 156, 164, 165, 166, 167, 174], "excluded_lines": [], "start_line": 131, "executed_branches": [], "missing_branches": [[145, 146], [145, 147], [147, 148], [147, 149], [155, 156], [155, 164], [164, 165], [164, 174], [166, 164], [166, 167]]}, "DurationLimitRule": {"executed_lines": [], "summary": {"covered_lines": 0, "num_statements": 4, "percent_covered": 0.0, "percent_covered_display": "0", "missing_lines": 4, "excluded_lines": 0, "percent_statements_covered": 0.0, "percent_statements_covered_display": "0", "num_branches": 2, "num_partial_branches": 0, "covered_branches": 0, "missing_branches": 2, "percent_branches_covered": 0.0, "percent_branches_covered_display": "0"}, "missing_lines": [188, 189, 190, 197], "excluded_lines": [], "start_line": 177, "executed_branches": [], "missing_branches": [[189, 190], [189, 197]]}, "ProviderApprovalRule": {"executed_lines": [], "summary": {"covered_lines": 0, "num_statements": 12, "percent_covered": 0.0, "percent_covered_display": "0", "missing_lines": 12, "excluded_lines": 0, "percent_statements_covered": 0.0, "percent_statements_covered_display": "0", "num_branches": 6, "num_partial_branches": 0, "covered_branches": 0, "missing_branches": 6, "percent_branches_covered": 0.0, "percent_branches_covered_display": "0"}, "missing_lines": [220, 221, 222, 224, 225, 228, 229, 230, 236, 237, 238, 247], "excluded_lines": [], "start_line": 200, "executed_branches": [], "missing_branches": [[224, 225], [224, 247], [228, 229], [228, 230], [230, 236], [230, 237]]}, "PolicyValidator": {"executed_lines": [], "summary": {"covered_lines": 0, "num_statements": 19, "percent_covered": 0.0, "percent_covered_display": "0", "missing_lines": 19, "excluded_lines": 0, "percent_statements_covered": 0.0, "percent_statements_covered_display": "0", "num_branches": 8, "num_partial_branches": 0, "covered_branches": 0, "missing_branches": 8, "percent_branches_covered": 0.0, "percent_branches_covered_display": "0"}, "missing_lines": [285, 289, 290, 291, 292, 293, 297, 298, 299, 300, 304, 305, 306, 307, 312, 313, 314, 315, 318], "excluded_lines": [], "start_line": 281, "executed_branches": [], "missing_branches": [[291, 292], [291, 293], [298, 299], [298, 300], [305, 306], [305, 307], [313, 314], [313, 315]]}, "": {"executed_lines": [3, 5, 6, 7, 8, 9, 10, 11, 13, 14, 16, 17, 23, 26, 27, 28, 31, 34, 35, 36, 37, 38, 43, 44, 50, 53, 54, 55, 58, 63, 65, 72, 82, 85, 88, 91, 94, 99, 105, 110, 131, 134, 135, 138, 142, 143, 144, 151, 177, 180, 181, 185, 200, 203, 204, 208, 212, 217, 250, 258, 266, 281, 284, 287, 288, 295, 296, 302, 303, 309, 317], "summary": {"covered_lines": 71, "num_statements": 87, "percent_covered": 73.19587628865979, "percent_covered_display": "73", "missing_lines": 16, "excluded_lines": 2, "percent_statements_covered": 81.60919540229885, "percent_statements_covered_display": "82", "num_branches": 10, "num_partial_branches": 0, "covered_branches": 0, "missing_branches": 10, "percent_branches_covered": 0.0, "percent_branches_covered_display": "0"}, "missing_lines": [259, 260, 261, 262, 263, 267, 268, 269, 270, 271, 272, 273, 274, 276, 277, 278], "excluded_lines": [19, 20], "start_line": 1, "executed_branches": [], "missing_branches": [[259, 260], [259, 263], [261, 259], [261, 262], [268, 269], [268, 278], [270, 271], [270, 272], [273, 274], [273, 276]]}}}}, "totals": {"covered_lines": 1348, "num_statements": 2304, "percent_covered": 51.52990264255911, "percent_covered_display": "52", "missing_lines": 956, "excluded_lines": 42, "percent_statements_covered": 58.50694444444444, "percent_statements_covered_display": "59", "num_branches": 572, "num_partial_branches": 88, "covered_branches": 134, "missing_branches": 438, "percent_branches_covered": 23.426573426573427, "percent_branches_covered_display": "23"}}