{"meta": {"format": 3, "version": "7.13.2", "timestamp": "2026-02-03T09:21:49.823589", "branch_coverage": true, "show_contexts": false}, "files": {"src/travel_plan_permission/__init__.py": {"executed_lines": [3, 4, 11, 12, 13, 14, 15, 35, 52, 65, 71, 79, 80, 87, 102, 111, 114, 122, 126, 231], "summary": {"covered_lines": 20, "num_statements": 20, "percent_covered": 100.0, "percent_covered_display": "100", "missing_lines": 0, "excluded_lines": 0, "percent_statements_covered": 100.0, "percent_statements_covered_display": "100", "num_branches": 0, "num_partial_branches": 0, "covered_branches": 0, "missing_branches": 0, "percent_branches_covered": 100.0, "percent_branches_covered_display": "100"}, "missing_lines": [], "excluded_lines": [], "executed_branches": [], "missing_branches": [], "functions": {"": {"executed_lines": [3, 4, 11, 12, 13, 14, 15, 35, 52, 65, 71, 79, 80, 87, 102, 111, 114, 122, 126, 231], "summary": {"covered_lines": 20, "num_statements": 20, "percent_covered": 100.0, "percent_covered_display": "100", "missing_lines": 0, "excluded_lines": 0, "percent_statements_covered": 100.0, "percent_statements_covered_display": "100", "num_branches": 0, "num_partial_branches": 0, "covered_branches": 0, "missing_branches": 0, "percent_branches_covered": 100.0, "percent_branches_covered_display": "100"}, "missing_lines": [], "excluded_lines": [], "start_line": 1, "executed_branches": [], "missing_branches": []}}, "classes": {"": {"executed_lines": [3, 4, 11, 12, 13, 14, 15, 35, 52, 65, 71, 79, 80, 87, 102, 111, 114, 122, 126, 231], "summary": {"covered_lines": 20, "num_statements": 20, "percent_covered": 100.0, "percent_covered_display": "100", "missing_lines": 0, "excluded_lines": 0, "percent_statements_covered": 100.0, "percent_statements_covered_display": "100", "num_branches": 0, "num_partial_branches": 0, "covered_branches": 0, "missing_branches": 0, "percent_branches_covered": 100.0, "percent_branches_covered_display": "100"}, "missing_lines": [], "excluded_lines": [], "start_line": 1, "executed_branches": [], "missing_branches": []}}}, "src/travel_plan_permission/approval.py": {"executed_lines": [3, 5, 6, 7, 8, 9, 11, 13, 22, 25, 28, 31, 32, 33, 34, 38, 39, 42, 44, 45, 48, 49, 50, 52, 54, 55, 58, 60, 63, 64, 66, 67, 70, 71, 73, 75, 78, 79, 80, 81, 83, 84, 85, 106, 109, 110, 113, 116, 118, 119, 123], "summary": {"covered_lines": 51, "num_statements": 60, "percent_covered": 79.26829268292683, "percent_covered_display": "79", "missing_lines": 9, "excluded_lines": 0, "percent_statements_covered": 85.0, "percent_statements_covered_display": "85", "num_branches": 22, "num_partial_branches": 8, "covered_branches": 14, "missing_branches": 8, "percent_branches_covered": 63.63636363636363, "percent_branches_covered_display": "64"}, "missing_lines": [35, 51, 61, 72, 97, 114, 115, 117, 121], "excluded_lines": [], "executed_branches": [[31, 32], [33, 31], [33, 34], [50, 52], [60, 63], [71, 73], [79, 80], [80, 81], [80, 83], [84, 79], [84, 85], [113, 116], [116, 118], [118, 119]], "missing_branches": [[31, 35], [50, 51], [60, 61], [71, 72], [79, 97], [113, 114], [116, 117], [118, 121]], "functions": {"_load_rules": {"executed_lines": [25], "summary": {"covered_lines": 1, "num_statements": 1, "percent_covered": 100.0, "percent_covered_display": "100", "missing_lines": 0, "excluded_lines": 0, "percent_statements_covered": 100.0, "percent_statements_covered_display": "100", "num_branches": 0, "num_partial_branches": 0, "covered_branches": 0, "missing_branches": 0, "percent_branches_covered": 100.0, "percent_branches_covered_display": "100"}, "missing_lines": [], "excluded_lines": [], "start_line": 22, "executed_branches": [], "missing_branches": []}, "_default_rules_path": {"executed_lines": [31, 32, 33, 34], "summary": {"covered_lines": 4, "num_statements": 5, "percent_covered": 77.77777777777777, "percent_covered_display": "78", "missing_lines": 1, "excluded_lines": 0, "percent_statements_covered": 80.0, "percent_statements_covered_display": "80", "num_branches": 4, "num_partial_branches": 1, "covered_branches": 3, "missing_branches": 1, "percent_branches_covered": 75.0, "percent_branches_covered_display": "75"}, "missing_lines": [35], "excluded_lines": [], "start_line": 28, "executed_branches": [[31, 32], [33, 31], [33, 34]], "missing_branches": [[31, 35]]}, "ApprovalEngine.from_yaml": {"executed_lines": [48, 49, 50, 52], "summary": {"covered_lines": 4, "num_statements": 5, "percent_covered": 71.42857142857143, "percent_covered_display": "71", "missing_lines": 1, "excluded_lines": 0, "percent_statements_covered": 80.0, "percent_statements_covered_display": "80", "num_branches": 2, "num_partial_branches": 1, "covered_branches": 1, "missing_branches": 1, "percent_branches_covered": 50.0, "percent_branches_covered_display": "50"}, "missing_lines": [51], "excluded_lines": [], "start_line": 45, "executed_branches": [[50, 52]], "missing_branches": [[50, 51]]}, "ApprovalEngine.from_file": {"executed_lines": [58, 60, 63, 64], "summary": {"covered_lines": 4, "num_statements": 5, "percent_covered": 71.42857142857143, "percent_covered_display": "71", "missing_lines": 1, "excluded_lines": 0, "percent_statements_covered": 80.0, "percent_statements_covered_display": "80", "num_branches": 2, "num_partial_branches": 1, "covered_branches": 1, "missing_branches": 1, "percent_branches_covered": 50.0, "percent_branches_covered_display": "50"}, "missing_lines": [61], "excluded_lines": [], "start_line": 55, "executed_branches": [[60, 63]], "missing_branches": [[60, 61]]}, "ApprovalEngine.from_environment": {"executed_lines": [70, 71, 73], "summary": {"covered_lines": 3, "num_statements": 4, "percent_covered": 66.66666666666667, "percent_covered_display": "67", "missing_lines": 1, "excluded_lines": 0, "percent_statements_covered": 75.0, "percent_statements_covered_display": "75", "num_branches": 2, "num_partial_branches": 1, "covered_branches": 1, "missing_branches": 1, "percent_branches_covered": 50.0, "percent_branches_covered_display": "50"}, "missing_lines": [72], "excluded_lines": [], "start_line": 67, "executed_branches": [[71, 73]], "missing_branches": [[71, 72]]}, "ApprovalEngine.evaluate_expense": {"executed_lines": [78, 79, 80, 81, 83, 84, 85], "summary": {"covered_lines": 7, "num_statements": 8, "percent_covered": 85.71428571428571, "percent_covered_display": "86", "missing_lines": 1, "excluded_lines": 0, "percent_statements_covered": 87.5, "percent_statements_covered_display": "88", "num_branches": 6, "num_partial_branches": 1, "covered_branches": 5, "missing_branches": 1, "percent_branches_covered": 83.33333333333333, "percent_branches_covered_display": "83"}, "missing_lines": [97], "excluded_lines": [], "start_line": 75, "executed_branches": [[79, 80], [80, 81], [80, 83], [84, 79], [84, 85]], "missing_branches": [[79, 97]]}, "ApprovalEngine.evaluate_report": {"executed_lines": [109, 110, 113, 116, 118, 119, 123], "summary": {"covered_lines": 7, "num_statements": 11, "percent_covered": 58.8235294117647, "percent_covered_display": "59", "missing_lines": 4, "excluded_lines": 0, "percent_statements_covered": 63.63636363636363, "percent_statements_covered_display": "64", "num_branches": 6, "num_partial_branches": 3, "covered_branches": 3, "missing_branches": 3, "percent_branches_covered": 50.0, "percent_branches_covered_display": "50"}, "missing_lines": [114, 115, 117, 121], "excluded_lines": [], "start_line": 106, "executed_branches": [[113, 116], [116, 118], [118, 119]], "missing_branches": [[113, 114], [116, 117], [118, 121]]}, "": {"executed_lines": [3, 5, 6, 7, 8, 9, 11, 13, 22, 28, 38, 39, 42, 44, 45, 54, 55, 66, 67, 75, 106], "summary": {"covered_lines": 21, "num_statements": 21, "percent_covered": 100.0, "percent_covered_display": "100", "missing_lines": 0, "excluded_lines": 0, "percent_statements_covered": 100.0, "percent_statements_covered_display": "100", "num_branches": 0, "num_partial_branches": 0, "covered_branches": 0, "missing_branches": 0, "percent_branches_covered": 100.0, "percent_branches_covered_display": "100"}, "missing_lines": [], "excluded_lines": [], "start_line": 1, "executed_branches": [], "missing_branches": []}}, "classes": {"ApprovalEngine": {"executed_lines": [48, 49, 50, 52, 58, 60, 63, 64, 70, 71, 73, 78, 79, 80, 81, 83, 84, 85, 109, 110, 113, 116, 118, 119, 123], "summary": {"covered_lines": 25, "num_statements": 33, "percent_covered": 70.58823529411765, "percent_covered_display": "71", "missing_lines": 8, "excluded_lines": 0, "percent_statements_covered": 75.75757575757575, "percent_statements_covered_display": "76", "num_branches": 18, "num_partial_branches": 7, "covered_branches": 11, "missing_branches": 7, "percent_branches_covered": 61.111111111111114, "percent_branches_covered_display": "61"}, "missing_lines": [51, 61, 72, 97, 114, 115, 117, 121], "excluded_lines": [], "start_line": 39, "executed_branches": [[50, 52], [60, 63], [71, 73], [79, 80], [80, 81], [80, 83], [84, 79], [84, 85], [113, 116], [116, 118], [118, 119]], "missing_branches": [[50, 51], [60, 61], [71, 72], [79, 97], [113, 114], [116, 117], [118, 121]]}, "": {"executed_lines": [3, 5, 6, 7, 8, 9, 11, 13, 22, 25, 28, 31, 32, 33, 34, 38, 39, 42, 44, 45, 54, 55, 66, 67, 75, 106], "summary": {"covered_lines": 26, "num_statements": 27, "percent_covered": 93.54838709677419, "percent_covered_display": "94", "missing_lines": 1, "excluded_lines": 0, "percent_statements_covered": 96.29629629629629, "percent_statements_covered_display": "96", "num_branches": 4, "num_partial_branches": 1, "covered_branches": 3, "missing_branches": 1, "percent_branches_covered": 75.0, "percent_branches_covered_display": "75"}, "missing_lines": [35], "excluded_lines": [], "start_line": 1, "executed_branches": [[31, 32], [33, 31], [33, 34]], "missing_branches": [[31, 35]]}}}, "src/travel_plan_permission/approval_packet.py": {"executed_lines": [3, 5, 6, 7, 8, 9, 11, 12, 13, 14, 15, 16, 17, 26, 29, 30, 33, 34, 35, 38, 41, 42, 45, 48, 49, 50, 51, 52, 53, 54, 55, 56, 59, 68, 86, 106, 107, 108, 110, 111, 112, 115, 116, 117, 118, 119, 120, 123, 133, 134, 140, 141, 150, 164, 165, 166, 175, 177, 178, 180, 182, 183, 184, 185, 195, 196, 206, 208, 209, 212, 223, 224, 227, 230, 231, 233, 239, 243, 248, 255], "summary": {"covered_lines": 80, "num_statements": 81, "percent_covered": 97.75280898876404, "percent_covered_display": "98", "missing_lines": 1, "excluded_lines": 0, "percent_statements_covered": 98.76543209876543, "percent_statements_covered_display": "99", "num_branches": 8, "num_partial_branches": 1, "covered_branches": 7, "missing_branches": 1, "percent_branches_covered": 87.5, "percent_branches_covered_display": "88"}, "missing_lines": [228], "excluded_lines": [], "executed_branches": [[117, 118], [117, 120], [177, 178], [177, 180], [184, 185], [184, 195], [227, 230]], "missing_branches": [[227, 228]], "functions": {"_render_email": {"executed_lines": [107, 108, 110, 111, 112], "summary": {"covered_lines": 5, "num_statements": 5, "percent_covered": 100.0, "percent_covered_display": "100", "missing_lines": 0, "excluded_lines": 0, "percent_statements_covered": 100.0, "percent_statements_covered_display": "100", "num_branches": 0, "num_partial_branches": 0, "covered_branches": 0, "missing_branches": 0, "percent_branches_covered": 100.0, "percent_branches_covered_display": "100"}, "missing_lines": [], "excluded_lines": [], "start_line": 106, "executed_branches": [], "missing_branches": []}, "_format_cost_breakdown": {"executed_lines": [116, 117, 118, 119, 120], "summary": {"covered_lines": 5, "num_statements": 5, "percent_covered": 100.0, "percent_covered_display": "100", "missing_lines": 0, "excluded_lines": 0, "percent_statements_covered": 100.0, "percent_statements_covered_display": "100", "num_branches": 2, "num_partial_branches": 0, "covered_branches": 2, "missing_branches": 0, "percent_branches_covered": 100.0, "percent_branches_covered_display": "100"}, "missing_lines": [], "excluded_lines": [], "start_line": 115, "executed_branches": [[117, 118], [117, 120]], "missing_branches": []}, "generate_packet_pdf": {"executed_lines": [133, 134, 140, 141, 150, 164, 165, 166, 175, 177, 178, 180, 182, 183, 184, 185, 195, 196, 206, 208, 209], "summary": {"covered_lines": 21, "num_statements": 21, "percent_covered": 100.0, "percent_covered_display": "100", "missing_lines": 0, "excluded_lines": 0, "percent_statements_covered": 100.0, "percent_statements_covered_display": "100", "num_branches": 4, "num_partial_branches": 0, "covered_branches": 4, "missing_branches": 0, "percent_branches_covered": 100.0, "percent_branches_covered_display": "100"}, "missing_lines": [], "excluded_lines": [], "start_line": 123, "executed_branches": [[177, 178], [177, 180], [184, 185], [184, 195]], "missing_branches": []}, "build_approval_packet": {"executed_lines": [223, 224, 227, 230, 231, 233, 239, 243, 248, 255], "summary": {"covered_lines": 10, "num_statements": 11, "percent_covered": 84.61538461538461, "percent_covered_display": "85", "missing_lines": 1, "excluded_lines": 0, "percent_statements_covered": 90.9090909090909, "percent_statements_covered_display": "91", "num_branches": 2, "num_partial_branches": 1, "covered_branches": 1, "missing_branches": 1, "percent_branches_covered": 50.0, "percent_branches_covered_display": "50"}, "missing_lines": [228], "excluded_lines": [], "start_line": 212, "executed_branches": [[227, 230]], "missing_branches": [[227, 228]]}, "": {"executed_lines": [3, 5, 6, 7, 8, 9, 11, 12, 13, 14, 15, 16, 17, 26, 29, 30, 33, 34, 35, 38, 41, 42, 45, 48, 49, 50, 51, 52, 53, 54, 55, 56, 59, 68, 86, 106, 115, 123, 212], "summary": {"covered_lines": 39, "num_statements": 39, "percent_covered": 100.0, "percent_covered_display": "100", "missing_lines": 0, "excluded_lines": 0, "percent_statements_covered": 100.0, "percent_statements_covered_display": "100", "num_branches": 0, "num_partial_branches": 0, "covered_branches": 0, "missing_branches": 0, "percent_branches_covered": 100.0, "percent_branches_covered_display": "100"}, "missing_lines": [], "excluded_lines": [], "start_line": 1, "executed_branches": [], "missing_branches": []}}, "classes": {"ApprovalLinks": {"executed_lines": [], "summary": {"covered_lines": 0, "num_statements": 0, "percent_covered": 100.0, "percent_covered_display": "100", "missing_lines": 0, "excluded_lines": 0, "percent_statements_covered": 100.0, "percent_statements_covered_display": "100", "num_branches": 0, "num_partial_branches": 0, "covered_branches": 0, "missing_branches": 0, "percent_branches_covered": 100.0, "percent_branches_covered_display": "100"}, "missing_lines": [], "excluded_lines": [], "start_line": 30, "executed_branches": [], "missing_branches": []}, "EmailContent": {"executed_lines": [], "summary": {"covered_lines": 0, "num_statements": 0, "percent_covered": 100.0, "percent_covered_display": "100", "missing_lines": 0, "excluded_lines": 0, "percent_statements_covered": 100.0, "percent_statements_covered_display": "100", "num_branches": 0, "num_partial_branches": 0, "covered_branches": 0, "missing_branches": 0, "percent_branches_covered": 100.0, "percent_branches_covered_display": "100"}, "missing_lines": [], "excluded_lines": [], "start_line": 38, "executed_branches": [], "missing_branches": []}, "ApprovalPacket": {"executed_lines": [], "summary": {"covered_lines": 0, "num_statements": 0, "percent_covered": 100.0, "percent_covered_display": "100", "missing_lines": 0, "excluded_lines": 0, "percent_statements_covered": 100.0, "percent_statements_covered_display": "100", "num_branches": 0, "num_partial_branches": 0, "covered_branches": 0, "missing_branches": 0, "percent_branches_covered": 100.0, "percent_branches_covered_display": "100"}, "missing_lines": [], "excluded_lines": [], "start_line": 45, "executed_branches": [], "missing_branches": []}, "": {"executed_lines": [3, 5, 6, 7, 8, 9, 11, 12, 13, 14, 15, 16, 17, 26, 29, 30, 33, 34, 35, 38, 41, 42, 45, 48, 49, 50, 51, 52, 53, 54, 55, 56, 59, 68, 86, 106, 107, 108, 110, 111, 112, 115, 116, 117, 118, 119, 120, 123, 133, 134, 140, 141, 150, 164, 165, 166, 175, 177, 178, 180, 182, 183, 184, 185, 195, 196, 206, 208, 209, 212, 223, 224, 227, 230, 231, 233, 239, 243, 248, 255], "summary": {"covered_lines": 80, "num_statements": 81, "percent_covered": 97.75280898876404, "percent_covered_display": "98", "missing_lines": 1, "excluded_lines": 0, "percent_statements_covered": 98.76543209876543, "percent_statements_covered_display": "99", "num_branches": 8, "num_partial_branches": 1, "covered_branches": 7, "missing_branches": 1, "percent_branches_covered": 87.5, "percent_branches_covered_display": "88"}, "missing_lines": [228], "excluded_lines": [], "start_line": 1, "executed_branches": [[117, 118], [117, 120], [177, 178], [177, 180], [184, 185], [184, 195], [227, 230]], "missing_branches": [[227, 228]]}}}, "src/travel_plan_permission/canonical.py": {"executed_lines": [3, 5, 6, 7, 8, 9, 10, 12, 14, 16, 19, 20, 21, 22, 23, 25, 28, 29, 30, 31, 33, 36, 37, 38, 39, 40, 41, 42, 43, 45, 48, 49, 50, 52, 55, 56, 58, 61, 62, 64, 67, 70, 71, 72, 73, 74, 75, 76, 77, 78, 79, 80, 81, 82, 83, 84, 85, 86, 87, 88, 90, 93, 94, 97, 98, 101, 102, 103, 106, 107, 110, 111, 112, 116, 121, 123, 126, 129, 130, 132, 133, 134, 137, 139, 141, 142, 143, 145, 146, 148, 149, 150, 152, 167, 170, 171, 172, 173, 174, 177, 180, 185], "summary": {"covered_lines": 102, "num_statements": 106, "percent_covered": 90.83333333333333, "percent_covered_display": "91", "missing_lines": 4, "excluded_lines": 0, "percent_statements_covered": 96.22641509433963, "percent_statements_covered_display": "96", "num_branches": 14, "num_partial_branches": 5, "covered_branches": 7, "missing_branches": 7, "percent_branches_covered": 50.0, "percent_branches_covered_display": "50"}, "missing_lines": [113, 122, 135, 136], "excluded_lines": [], "executed_branches": [[111, 112], [121, 123], [133, 134], [141, 142], [149, 150], [170, 171], [170, 174]], "missing_branches": [[111, 113], [121, 122], [133, 135], [135, 136], [135, 137], [141, 145], [149, 152]], "functions": {"_slugify": {"executed_lines": [102, 103], "summary": {"covered_lines": 2, "num_statements": 2, "percent_covered": 100.0, "percent_covered_display": "100", "missing_lines": 0, "excluded_lines": 0, "percent_statements_covered": 100.0, "percent_statements_covered_display": "100", "num_branches": 0, "num_partial_branches": 0, "covered_branches": 0, "missing_branches": 0, "percent_branches_covered": 100.0, "percent_branches_covered_display": "100"}, "missing_lines": [], "excluded_lines": [], "start_line": 101, "executed_branches": [], "missing_branches": []}, "_default_trip_id": {"executed_lines": [107], "summary": {"covered_lines": 1, "num_statements": 1, "percent_covered": 100.0, "percent_covered_display": "100", "missing_lines": 0, "excluded_lines": 0, "percent_statements_covered": 100.0, "percent_statements_covered_display": "100", "num_branches": 0, "num_partial_branches": 0, "covered_branches": 0, "missing_branches": 0, "percent_branches_covered": 100.0, "percent_branches_covered_display": "100"}, "missing_lines": [], "excluded_lines": [], "start_line": 106, "executed_branches": [], "missing_branches": []}, "_format_destination": {"executed_lines": [111, 112], "summary": {"covered_lines": 2, "num_statements": 3, "percent_covered": 60.0, "percent_covered_display": "60", "missing_lines": 1, "excluded_lines": 0, "percent_statements_covered": 66.66666666666667, "percent_statements_covered_display": "67", "num_branches": 2, "num_partial_branches": 1, "covered_branches": 1, "missing_branches": 1, "percent_branches_covered": 50.0, "percent_branches_covered_display": "50"}, "missing_lines": [113], "excluded_lines": [], "start_line": 110, "executed_branches": [[111, 112]], "missing_branches": [[111, 113]]}, "_add_cost": {"executed_lines": [121, 123], "summary": {"covered_lines": 2, "num_statements": 3, "percent_covered": 60.0, "percent_covered_display": "60", "missing_lines": 1, "excluded_lines": 0, "percent_statements_covered": 66.66666666666667, "percent_statements_covered_display": "67", "num_branches": 2, "num_partial_branches": 1, "covered_branches": 1, "missing_branches": 1, "percent_branches_covered": 50.0, "percent_branches_covered_display": "50"}, "missing_lines": [122], "excluded_lines": [], "start_line": 116, "executed_branches": [[121, 123]], "missing_branches": [[121, 122]]}, "canonical_trip_plan_to_model": {"executed_lines": [129, 130, 132, 133, 134, 137, 139, 141, 142, 143, 145, 146, 148, 149, 150, 152], "summary": {"covered_lines": 16, "num_statements": 18, "percent_covered": 73.07692307692308, "percent_covered_display": "73", "missing_lines": 2, "excluded_lines": 0, "percent_statements_covered": 88.88888888888889, "percent_statements_covered_display": "89", "num_branches": 8, "num_partial_branches": 3, "covered_branches": 3, "missing_branches": 5, "percent_branches_covered": 37.5, "percent_branches_covered_display": "38"}, "missing_lines": [135, 136], "excluded_lines": [], "start_line": 126, "executed_branches": [[133, 134], [141, 142], [149, 150]], "missing_branches": [[133, 135], [135, 136], [135, 137], [141, 145], [149, 152]]}, "load_trip_plan_input": {"executed_lines": [170, 171, 172, 173, 174], "summary": {"covered_lines": 5, "num_statements": 5, "percent_covered": 100.0, "percent_covered_display": "100", "missing_lines": 0, "excluded_lines": 0, "percent_statements_covered": 100.0, "percent_statements_covered_display": "100", "num_branches": 2, "num_partial_branches": 0, "covered_branches": 2, "missing_branches": 0, "percent_branches_covered": 100.0, "percent_branches_covered_display": "100"}, "missing_lines": [], "excluded_lines": [], "start_line": 167, "executed_branches": [[170, 171], [170, 174]], "missing_branches": []}, "load_trip_plan_payload": {"executed_lines": [180, 185], "summary": {"covered_lines": 2, "num_statements": 2, "percent_covered": 100.0, "percent_covered_display": "100", "missing_lines": 0, "excluded_lines": 0, "percent_statements_covered": 100.0, "percent_statements_covered_display": "100", "num_branches": 0, "num_partial_branches": 0, "covered_branches": 0, "missing_branches": 0, "percent_branches_covered": 100.0, "percent_branches_covered_display": "100"}, "missing_lines": [], "excluded_lines": [], "start_line": 177, "executed_branches": [], "missing_branches": []}, "": {"executed_lines": [3, 5, 6, 7, 8, 9, 10, 12, 14, 16, 19, 20, 21, 22, 23, 25, 28, 29, 30, 31, 33, 36, 37, 38, 39, 40, 41, 42, 43, 45, 48, 49, 50, 52, 55, 56, 58, 61, 62, 64, 67, 70, 71, 72, 73, 74, 75, 76, 77, 78, 79, 80, 81, 82, 83, 84, 85, 86, 87, 88, 90, 93, 94, 97, 98, 101, 106, 110, 116, 126, 167, 177], "summary": {"covered_lines": 72, "num_statements": 72, "percent_covered": 100.0, "percent_covered_display": "100", "missing_lines": 0, "excluded_lines": 0, "percent_statements_covered": 100.0, "percent_statements_covered_display": "100", "num_branches": 0, "num_partial_branches": 0, "covered_branches": 0, "missing_branches": 0, "percent_branches_covered": 100.0, "percent_branches_covered_display": "100"}, "missing_lines": [], "excluded_lines": [], "start_line": 1, "executed_branches": [], "missing_branches": []}}, "classes": {"CanonicalFlightOutbound": {"executed_lines": [], "summary": {"covered_lines": 0, "num_statements": 0, "percent_covered": 100.0, "percent_covered_display": "100", "missing_lines": 0, "excluded_lines": 0, "percent_statements_covered": 100.0, "percent_statements_covered_display": "100", "num_branches": 0, "num_partial_branches": 0, "covered_branches": 0, "missing_branches": 0, "percent_branches_covered": 100.0, "percent_branches_covered_display": "100"}, "missing_lines": [], "excluded_lines": [], "start_line": 19, "executed_branches": [], "missing_branches": []}, "CanonicalFlightReturn": {"executed_lines": [], "summary": {"covered_lines": 0, "num_statements": 0, "percent_covered": 100.0, "percent_covered_display": "100", "missing_lines": 0, "excluded_lines": 0, "percent_statements_covered": 100.0, "percent_statements_covered_display": "100", "num_branches": 0, "num_partial_branches": 0, "covered_branches": 0, "missing_branches": 0, "percent_branches_covered": 100.0, "percent_branches_covered_display": "100"}, "missing_lines": [], "excluded_lines": [], "start_line": 28, "executed_branches": [], "missing_branches": []}, "CanonicalHotel": {"executed_lines": [], "summary": {"covered_lines": 0, "num_statements": 0, "percent_covered": 100.0, "percent_covered_display": "100", "missing_lines": 0, "excluded_lines": 0, "percent_statements_covered": 100.0, "percent_statements_covered_display": "100", "num_branches": 0, "num_partial_branches": 0, "covered_branches": 0, "missing_branches": 0, "percent_branches_covered": 100.0, "percent_branches_covered_display": "100"}, "missing_lines": [], "excluded_lines": [], "start_line": 36, "executed_branches": [], "missing_branches": []}, "CanonicalComparableHotel": {"executed_lines": [], "summary": {"covered_lines": 0, "num_statements": 0, "percent_covered": 100.0, "percent_covered_display": "100", "missing_lines": 0, "excluded_lines": 0, "percent_statements_covered": 100.0, "percent_statements_covered_display": "100", "num_branches": 0, "num_partial_branches": 0, "covered_branches": 0, "missing_branches": 0, "percent_branches_covered": 100.0, "percent_branches_covered_display": "100"}, "missing_lines": [], "excluded_lines": [], "start_line": 48, "executed_branches": [], "missing_branches": []}, "CanonicalAttachments": {"executed_lines": [], "summary": {"covered_lines": 0, "num_statements": 0, "percent_covered": 100.0, "percent_covered_display": "100", "missing_lines": 0, "excluded_lines": 0, "percent_statements_covered": 100.0, "percent_statements_covered_display": "100", "num_branches": 0, "num_partial_branches": 0, "covered_branches": 0, "missing_branches": 0, "percent_branches_covered": 100.0, "percent_branches_covered_display": "100"}, "missing_lines": [], "excluded_lines": [], "start_line": 55, "executed_branches": [], "missing_branches": []}, "CanonicalAttestations": {"executed_lines": [], "summary": {"covered_lines": 0, "num_statements": 0, "percent_covered": 100.0, "percent_covered_display": "100", "missing_lines": 0, "excluded_lines": 0, "percent_statements_covered": 100.0, "percent_statements_covered_display": "100", "num_branches": 0, "num_partial_branches": 0, "covered_branches": 0, "missing_branches": 0, "percent_branches_covered": 100.0, "percent_branches_covered_display": "100"}, "missing_lines": [], "excluded_lines": [], "start_line": 61, "executed_branches": [], "missing_branches": []}, "CanonicalTripPlan": {"executed_lines": [], "summary": {"covered_lines": 0, "num_statements": 0, "percent_covered": 100.0, "percent_covered_display": "100", "missing_lines": 0, "excluded_lines": 0, "percent_statements_covered": 100.0, "percent_statements_covered_display": "100", "num_branches": 0, "num_partial_branches": 0, "covered_branches": 0, "missing_branches": 0, "percent_branches_covered": 100.0, "percent_branches_covered_display": "100"}, "missing_lines": [], "excluded_lines": [], "start_line": 67, "executed_branches": [], "missing_branches": []}, "TripPlanInput": {"executed_lines": [], "summary": {"covered_lines": 0, "num_statements": 0, "percent_covered": 100.0, "percent_covered_display": "100", "missing_lines": 0, "excluded_lines": 0, "percent_statements_covered": 100.0, "percent_statements_covered_display": "100", "num_branches": 0, "num_partial_branches": 0, "covered_branches": 0, "missing_branches": 0, "percent_branches_covered": 100.0, "percent_branches_covered_display": "100"}, "missing_lines": [], "excluded_lines": [], "start_line": 94, "executed_branches": [], "missing_branches": []}, "": {"executed_lines": [3, 5, 6, 7, 8, 9, 10, 12, 14, 16, 19, 20, 21, 22, 23, 25, 28, 29, 30, 31, 33, 36, 37, 38, 39, 40, 41, 42, 43, 45, 48, 49, 50, 52, 55, 56, 58, 61, 62, 64, 67, 70, 71, 72, 73, 74, 75, 76, 77, 78, 79, 80, 81, 82, 83, 84, 85, 86, 87, 88, 90, 93, 94, 97, 98, 101, 102, 103, 106, 107, 110, 111, 112, 116, 121, 123, 126, 129, 130, 132, 133, 134, 137, 139, 141, 142, 143, 145, 146, 148, 149, 150, 152, 167, 170, 171, 172, 173, 174, 177, 180, 185], "summary": {"covered_lines": 102, "num_statements": 106, "percent_covered": 90.83333333333333, "percent_covered_display": "91", "missing_lines": 4, "excluded_lines": 0, "percent_statements_covered": 96.22641509433963, "percent_statements_covered_display": "96", "num_branches": 14, "num_partial_branches": 5, "covered_branches": 7, "missing_branches": 7, "percent_branches_covered": 50.0, "percent_branches_covered_display": "50"}, "missing_lines": [113, 122, 135, 136], "excluded_lines": [], "start_line": 1, "executed_branches": [[111, 112], [121, 123], [133, 134], [141, 142], [149, 150], [170, 171], [170, 174]], "missing_branches": [[111, 113], [121, 122], [133, 135], [135, 136], [135, 137], [141, 145], [149, 152]]}}}, "src/travel_plan_permission/cli.py": {"executed_lines": [3, 5, 6, 7, 8, 10, 12, 13, 16, 17, 21, 22, 23, 26, 27, 28, 29, 30, 31, 36, 37, 38, 39, 40, 42, 45, 48, 49, 50, 52, 53, 54, 59, 60, 61, 62, 63, 64, 65, 66, 67, 68, 73, 74], "summary": {"covered_lines": 44, "num_statements": 52, "percent_covered": 83.33333333333333, "percent_covered_display": "83", "missing_lines": 8, "excluded_lines": 2, "percent_statements_covered": 84.61538461538461, "percent_statements_covered_display": "85", "num_branches": 2, "num_partial_branches": 1, "covered_branches": 1, "missing_branches": 1, "percent_branches_covered": 50.0, "percent_branches_covered_display": "50"}, "missing_lines": [32, 33, 34, 43, 44, 69, 70, 71], "excluded_lines": [77, 78], "executed_branches": [[42, 45]], "missing_branches": [[42, 43]], "functions": {"_build_parser": {"executed_lines": [17, 21, 22, 23], "summary": {"covered_lines": 4, "num_statements": 4, "percent_covered": 100.0, "percent_covered_display": "100", "missing_lines": 0, "excluded_lines": 0, "percent_statements_covered": 100.0, "percent_statements_covered_display": "100", "num_branches": 0, "num_partial_branches": 0, "covered_branches": 0, "missing_branches": 0, "percent_branches_covered": 100.0, "percent_branches_covered_display": "100"}, "missing_lines": [], "excluded_lines": [], "start_line": 16, "executed_branches": [], "missing_branches": []}, "_load_trip_plan": {"executed_lines": [27, 28, 29, 30, 31, 36, 37, 38, 39, 40, 42, 45], "summary": {"covered_lines": 12, "num_statements": 17, "percent_covered": 68.42105263157895, "percent_covered_display": "68", "missing_lines": 5, "excluded_lines": 0, "percent_statements_covered": 70.58823529411765, "percent_statements_covered_display": "71", "num_branches": 2, "num_partial_branches": 1, "covered_branches": 1, "missing_branches": 1, "percent_branches_covered": 50.0, "percent_branches_covered_display": "50"}, "missing_lines": [32, 33, 34, 43, 44], "excluded_lines": [], "start_line": 26, "executed_branches": [[42, 45]], "missing_branches": [[42, 43]]}, "main": {"executed_lines": [49, 50, 52, 53, 54, 59, 60, 61, 62, 63, 64, 65, 66, 67, 68, 73, 74], "summary": {"covered_lines": 17, "num_statements": 20, "percent_covered": 85.0, "percent_covered_display": "85", "missing_lines": 3, "excluded_lines": 0, "percent_statements_covered": 85.0, "percent_statements_covered_display": "85", "num_branches": 0, "num_partial_branches": 0, "covered_branches": 0, "missing_branches": 0, "percent_branches_covered": 100.0, "percent_branches_covered_display": "100"}, "missing_lines": [69, 70, 71], "excluded_lines": [], "start_line": 48, "executed_branches": [], "missing_branches": []}, "": {"executed_lines": [3, 5, 6, 7, 8, 10, 12, 13, 16, 26, 48], "summary": {"covered_lines": 11, "num_statements": 11, "percent_covered": 100.0, "percent_covered_display": "100", "missing_lines": 0, "excluded_lines": 2, "percent_statements_covered": 100.0, "percent_statements_covered_display": "100", "num_branches": 0, "num_partial_branches": 0, "covered_branches": 0, "missing_branches": 0, "percent_branches_covered": 100.0, "percent_branches_covered_display": "100"}, "missing_lines": [], "excluded_lines": [77, 78], "start_line": 1, "executed_branches": [], "missing_branches": []}}, "classes": {"": {"executed_lines": [3, 5, 6, 7, 8, 10, 12, 13, 16, 17, 21, 22, 23, 26, 27, 28, 29, 30, 31, 36, 37, 38, 39, 40, 42, 45, 48, 49, 50, 52, 53, 54, 59, 60, 61, 62, 63, 64, 65, 66, 67, 68, 73, 74], "summary": {"covered_lines": 44, "num_statements": 52, "percent_covered": 83.33333333333333, "percent_covered_display": "83", "missing_lines": 8, "excluded_lines": 2, "percent_statements_covered": 84.61538461538461, "percent_statements_covered_display": "85", "num_branches": 2, "num_partial_branches": 1, "covered_branches": 1, "missing_branches": 1, "percent_branches_covered": 50.0, "percent_branches_covered_display": "50"}, "missing_lines": [32, 33, 34, 43, 44, 69, 70, 71], "excluded_lines": [77, 78], "start_line": 1, "executed_branches": [[42, 45]], "missing_branches": [[42, 43]]}}}, "src/travel_plan_permission/conversion.py": {"executed_lines": [3, 5, 6, 7, 9, 10, 13, 27, 33, 34, 35, 36, 37, 39, 41, 42, 43, 45, 47, 50], "summary": {"covered_lines": 20, "num_statements": 25, "percent_covered": 72.97297297297297, "percent_covered_display": "73", "missing_lines": 5, "excluded_lines": 0, "percent_statements_covered": 80.0, "percent_statements_covered_display": "80", "num_branches": 12, "num_partial_branches": 5, "covered_branches": 7, "missing_branches": 5, "percent_branches_covered": 58.333333333333336, "percent_branches_covered_display": "58"}, "missing_lines": [38, 40, 44, 46, 48], "excluded_lines": [], "executed_branches": [[37, 39], [39, 41], [41, 42], [41, 43], [43, 45], [45, 47], [47, 50]], "missing_branches": [[37, 38], [39, 40], [43, 44], [45, 46], [47, 48]], "functions": {"trip_plan_from_minimal": {"executed_lines": [27, 33, 34, 35, 36, 37, 39, 41, 42, 43, 45, 47, 50], "summary": {"covered_lines": 13, "num_statements": 18, "percent_covered": 66.66666666666667, "percent_covered_display": "67", "missing_lines": 5, "excluded_lines": 0, "percent_statements_covered": 72.22222222222223, "percent_statements_covered_display": "72", "num_branches": 12, "num_partial_branches": 5, "covered_branches": 7, "missing_branches": 5, "percent_branches_covered": 58.333333333333336, "percent_branches_covered_display": "58"}, "missing_lines": [38, 40, 44, 46, 48], "excluded_lines": [], "start_line": 13, "executed_branches": [[37, 39], [39, 41], [41, 42], [41, 43], [43, 45], [45, 47], [47, 50]], "missing_branches": [[37, 38], [39, 40], [43, 44], [45, 46], [47, 48]]}, "": {"executed_lines": [3, 5, 6, 7, 9, 10, 13], "summary": {"covered_lines": 7, "num_statements": 7, "percent_covered": 100.0, "percent_covered_display": "100", "missing_lines": 0, "excluded_lines": 0, "percent_statements_covered": 100.0, "percent_statements_covered_display": "100", "num_branches": 0, "num_partial_branches": 0, "covered_branches": 0, "missing_branches": 0, "percent_branches_covered": 100.0, "percent_branches_covered_display": "100"}, "missing_lines": [], "excluded_lines": [], "start_line": 1, "executed_branches": [], "missing_branches": []}}, "classes": {"": {"executed_lines": [3, 5, 6, 7, 9, 10, 13, 27, 33, 34, 35, 36, 37, 39, 41, 42, 43, 45, 47, 50], "summary": {"covered_lines": 20, "num_statements": 25, "percent_covered": 72.97297297297297, "percent_covered_display": "73", "missing_lines": 5, "excluded_lines": 0, "percent_statements_covered": 80.0, "percent_statements_covered_display": "80", "num_branches": 12, "num_partial_branches": 5, "covered_branches": 7, "missing_branches": 5, "percent_branches_covered": 58.333333333333336, "percent_branches_covered_display": "58"}, "missing_lines": [38, 40, 44, 46, 48], "excluded_lines": [], "start_line": 1, "executed_branches": [[37, 39], [39, 41], [41, 42], [41, 43], [43, 45], [45, 47], [47, 50]], "missing_branches": [[37, 38], [39, 40], [43, 44], [45, 46], [47, 48]]}}}, "src/travel_plan_permission/export.py": {"executed_lines": [3, 5, 6, 7, 8, 9, 10, 12, 14, 17, 20, 22, 28, 29, 31, 32, 33, 34, 35, 37, 38, 40, 41, 42, 44, 45, 47, 49, 50, 51, 52, 53, 54, 55, 60, 69, 78, 79, 80, 82, 83, 84, 85, 87, 88, 90, 99, 101, 102, 103, 105, 106, 107, 108, 109, 110, 120, 121, 122, 123, 124, 125, 126, 127, 128, 129, 130, 131, 132, 133, 134, 135, 137, 138, 140, 141], "summary": {"covered_lines": 76, "num_statements": 77, "percent_covered": 96.7741935483871, "percent_covered_display": "97", "missing_lines": 1, "excluded_lines": 0, "percent_statements_covered": 98.7012987012987, "percent_statements_covered_display": "99", "num_branches": 16, "num_partial_branches": 2, "covered_branches": 14, "missing_branches": 2, "percent_branches_covered": 87.5, "percent_branches_covered_display": "88"}, "missing_lines": [46], "excluded_lines": [], "executed_branches": [[33, 34], [33, 35], [45, 47], [51, -49], [51, 52], [52, 51], [52, 53], [109, 110], [109, 125], [122, 123], [127, 128], [127, 130], [128, 127], [128, 129]], "missing_branches": [[45, 46], [122, 109]], "functions": {"ExportService.__init__": {"executed_lines": [28, 29], "summary": {"covered_lines": 2, "num_statements": 2, "percent_covered": 100.0, "percent_covered_display": "100", "missing_lines": 0, "excluded_lines": 0, "percent_statements_covered": 100.0, "percent_statements_covered_display": "100", "num_branches": 0, "num_partial_branches": 0, "covered_branches": 0, "missing_branches": 0, "percent_branches_covered": 100.0, "percent_branches_covered_display": "100"}, "missing_lines": [], "excluded_lines": [], "start_line": 22, "executed_branches": [], "missing_branches": []}, "ExportService._validate_batch": {"executed_lines": [32, 33, 34, 35], "summary": {"covered_lines": 4, "num_statements": 4, "percent_covered": 100.0, "percent_covered_display": "100", "missing_lines": 0, "excluded_lines": 0, "percent_statements_covered": 100.0, "percent_statements_covered_display": "100", "num_branches": 2, "num_partial_branches": 0, "covered_branches": 2, "missing_branches": 0, "percent_branches_covered": 100.0, "percent_branches_covered_display": "100"}, "missing_lines": [], "excluded_lines": [], "start_line": 31, "executed_branches": [[33, 34], [33, 35]], "missing_branches": []}, "ExportService._build_filename": {"executed_lines": [38], "summary": {"covered_lines": 1, "num_statements": 1, "percent_covered": 100.0, "percent_covered_display": "100", "missing_lines": 0, "excluded_lines": 0, "percent_statements_covered": 100.0, "percent_statements_covered_display": "100", "num_branches": 0, "num_partial_branches": 0, "covered_branches": 0, "missing_branches": 0, "percent_branches_covered": 100.0, "percent_branches_covered_display": "100"}, "missing_lines": [], "excluded_lines": [], "start_line": 37, "executed_branches": [], "missing_branches": []}, "ExportService._default_signed_link": {"executed_lines": [41, 42], "summary": {"covered_lines": 2, "num_statements": 2, "percent_covered": 100.0, "percent_covered_display": "100", "missing_lines": 0, "excluded_lines": 0, "percent_statements_covered": 100.0, "percent_statements_covered_display": "100", "num_branches": 0, "num_partial_branches": 0, "covered_branches": 0, "missing_branches": 0, "percent_branches_covered": 100.0, "percent_branches_covered_display": "100"}, "missing_lines": [], "excluded_lines": [], "start_line": 40, "executed_branches": [], "missing_branches": []}, "ExportService._signed_link": {"executed_lines": [45, 47], "summary": {"covered_lines": 2, "num_statements": 3, "percent_covered": 60.0, "percent_covered_display": "60", "missing_lines": 1, "excluded_lines": 0, "percent_statements_covered": 66.66666666666667, "percent_statements_covered_display": "67", "num_branches": 2, "num_partial_branches": 1, "covered_branches": 1, "missing_branches": 1, "percent_branches_covered": 50.0, "percent_branches_covered_display": "50"}, "missing_lines": [46], "excluded_lines": [], "start_line": 44, "executed_branches": [[45, 47]], "missing_branches": [[45, 46]]}, "ExportService._iter_rows": {"executed_lines": [50, 51, 52, 53, 54, 55, 60], "summary": {"covered_lines": 7, "num_statements": 7, "percent_covered": 100.0, "percent_covered_display": "100", "missing_lines": 0, "excluded_lines": 0, "percent_statements_covered": 100.0, "percent_statements_covered_display": "100", "num_branches": 4, "num_partial_branches": 0, "covered_branches": 4, "missing_branches": 0, "percent_branches_covered": 100.0, "percent_branches_covered_display": "100"}, "missing_lines": [], "excluded_lines": [], "start_line": 49, "executed_branches": [[51, -49], [51, 52], [52, 51], [52, 53]], "missing_branches": []}, "ExportService.to_csv": {"executed_lines": [78, 79, 80, 82, 83, 84, 85, 87, 88], "summary": {"covered_lines": 9, "num_statements": 9, "percent_covered": 100.0, "percent_covered_display": "100", "missing_lines": 0, "excluded_lines": 0, "percent_statements_covered": 100.0, "percent_statements_covered_display": "100", "num_branches": 0, "num_partial_branches": 0, "covered_branches": 0, "missing_branches": 0, "percent_branches_covered": 100.0, "percent_branches_covered_display": "100"}, "missing_lines": [], "excluded_lines": [], "start_line": 69, "executed_branches": [], "missing_branches": []}, "ExportService.to_excel": {"executed_lines": [99, 101, 102, 103, 105, 106, 107, 108, 109, 110, 120, 121, 122, 123, 124, 125, 126, 127, 128, 129, 130, 131, 132, 133, 134, 135, 137, 138, 140, 141], "summary": {"covered_lines": 30, "num_statements": 30, "percent_covered": 97.36842105263158, "percent_covered_display": "97", "missing_lines": 0, "excluded_lines": 0, "percent_statements_covered": 100.0, "percent_statements_covered_display": "100", "num_branches": 8, "num_partial_branches": 1, "covered_branches": 7, "missing_branches": 1, "percent_branches_covered": 87.5, "percent_branches_covered_display": "88"}, "missing_lines": [], "excluded_lines": [], "start_line": 90, "executed_branches": [[109, 110], [109, 125], [122, 123], [127, 128], [127, 130], [128, 127], [128, 129]], "missing_branches": [[122, 109]]}, "": {"executed_lines": [3, 5, 6, 7, 8, 9, 10, 12, 14, 17, 20, 22, 31, 37, 40, 44, 49, 69, 90], "summary": {"covered_lines": 19, "num_statements": 19, "percent_covered": 100.0, "percent_covered_display": "100", "missing_lines": 0, "excluded_lines": 0, "percent_statements_covered": 100.0, "percent_statements_covered_display": "100", "num_branches": 0, "num_partial_branches": 0, "covered_branches": 0, "missing_branches": 0, "percent_branches_covered": 100.0, "percent_branches_covered_display": "100"}, "missing_lines": [], "excluded_lines": [], "start_line": 1, "executed_branches": [], "missing_branches": []}}, "classes": {"ExportService": {"executed_lines": [28, 29, 32, 33, 34, 35, 38, 41, 42, 45, 47, 50, 51, 52, 53, 54, 55, 60, 78, 79, 80, 82, 83, 84, 85, 87, 88, 99, 101, 102, 103, 105, 106, 107, 108, 109, 110, 120, 121, 122, 123, 124, 125, 126, 127, 128, 129, 130, 131, 132, 133, 134, 135, 137, 138, 140, 141], "summary": {"covered_lines": 57, "num_statements": 58, "percent_covered": 95.94594594594595, "percent_covered_display": "96", "missing_lines": 1, "excluded_lines": 0, "percent_statements_covered": 98.27586206896552, "percent_statements_covered_display": "98", "num_branches": 16, "num_partial_branches": 2, "covered_branches": 14, "missing_branches": 2, "percent_branches_covered": 87.5, "percent_branches_covered_display": "88"}, "missing_lines": [46], "excluded_lines": [], "start_line": 17, "executed_branches": [[33, 34], [33, 35], [45, 47], [51, -49], [51, 52], [52, 51], [52, 53], [109, 110], [109, 125], [122, 123], [127, 128], [127, 130], [128, 127], [128, 129]], "missing_branches": [[45, 46], [122, 109]]}, "": {"executed_lines": [3, 5, 6, 7, 8, 9, 10, 12, 14, 17, 20, 22, 31, 37, 40, 44, 49, 69, 90], "summary": {"covered_lines": 19, "num_statements": 19, "percent_covered": 100.0, "percent_covered_display": "100", "missing_lines": 0, "excluded_lines": 0, "percent_statements_covered": 100.0, "percent_statements_covered_display": "100", "num_branches": 0, "num_partial_branches": 0, "covered_branches": 0, "missing_branches": 0, "percent_branches_covered": 100.0, "percent_branches_covered_display": "100"}, "missing_lines": [], "excluded_lines": [], "start_line": 1, "executed_branches": [], "missing_branches": []}}}, "src/travel_plan_permission/mapping.py": {"executed_lines": [3, 5, 6, 7, 8, 9, 11, 13, 16, 26, 27, 28, 31, 34, 37, 38, 39, 40, 44, 45, 48, 49, 50, 51, 52, 53, 55, 58, 61, 73, 74, 80, 82, 83, 85, 89, 90, 91, 92, 93, 97, 98, 99, 100, 101, 102, 104, 105, 109, 110, 111, 112, 114], "summary": {"covered_lines": 53, "num_statements": 67, "percent_covered": 74.71264367816092, "percent_covered_display": "75", "missing_lines": 14, "excluded_lines": 0, "percent_statements_covered": 79.1044776119403, "percent_statements_covered_display": "79", "num_branches": 20, "num_partial_branches": 6, "covered_branches": 12, "missing_branches": 8, "percent_branches_covered": 60.0, "percent_branches_covered_display": "60"}, "missing_lines": [17, 18, 21, 22, 23, 29, 30, 41, 75, 76, 77, 78, 86, 87], "excluded_lines": [], "executed_branches": [[37, 38], [39, 40], [74, 80], [85, 89], [92, 93], [92, 97], [98, 99], [99, 100], [99, 104], [101, 99], [101, 102], [104, 105]], "missing_branches": [[37, 41], [39, 37], [74, 75], [76, 77], [76, 78], [85, 86], [98, 109], [104, 109]], "functions": {"_package_mapping_resource": {"executed_lines": [], "summary": {"covered_lines": 0, "num_statements": 5, "percent_covered": 0.0, "percent_covered_display": "0", "missing_lines": 5, "excluded_lines": 0, "percent_statements_covered": 0.0, "percent_statements_covered_display": "0", "num_branches": 0, "num_partial_branches": 0, "covered_branches": 0, "missing_branches": 0, "percent_branches_covered": 100.0, "percent_branches_covered_display": "100"}, "missing_lines": [17, 18, 21, 22, 23], "excluded_lines": [], "start_line": 16, "executed_branches": [], "missing_branches": []}, "_package_template_resource": {"executed_lines": [27, 28, 31], "summary": {"covered_lines": 3, "num_statements": 5, "percent_covered": 60.0, "percent_covered_display": "60", "missing_lines": 2, "excluded_lines": 0, "percent_statements_covered": 60.0, "percent_statements_covered_display": "60", "num_branches": 0, "num_partial_branches": 0, "covered_branches": 0, "missing_branches": 0, "percent_branches_covered": 100.0, "percent_branches_covered_display": "100"}, "missing_lines": [29, 30], "excluded_lines": [], "start_line": 26, "executed_branches": [], "missing_branches": []}, "_default_mapping_path": {"executed_lines": [37, 38, 39, 40], "summary": {"covered_lines": 4, "num_statements": 5, "percent_covered": 66.66666666666667, "percent_covered_display": "67", "missing_lines": 1, "excluded_lines": 0, "percent_statements_covered": 80.0, "percent_statements_covered_display": "80", "num_branches": 4, "num_partial_branches": 2, "covered_branches": 2, "missing_branches": 2, "percent_branches_covered": 50.0, "percent_branches_covered_display": "50"}, "missing_lines": [41], "excluded_lines": [], "start_line": 34, "executed_branches": [[37, 38], [39, 40]], "missing_branches": [[37, 41], [39, 37]]}, "TemplateMapping.missing_fields": {"executed_lines": [58], "summary": {"covered_lines": 1, "num_statements": 1, "percent_covered": 100.0, "percent_covered_display": "100", "missing_lines": 0, "excluded_lines": 0, "percent_statements_covered": 100.0, "percent_statements_covered_display": "100", "num_branches": 0, "num_partial_branches": 0, "covered_branches": 0, "missing_branches": 0, "percent_branches_covered": 100.0, "percent_branches_covered_display": "100"}, "missing_lines": [], "excluded_lines": [], "start_line": 55, "executed_branches": [], "missing_branches": []}, "load_template_mapping": {"executed_lines": [73, 74, 80, 82, 83, 85, 89, 90, 91, 92, 93, 97, 98, 99, 100, 101, 102, 104, 105, 109, 110, 111, 112, 114], "summary": {"covered_lines": 24, "num_statements": 30, "percent_covered": 73.91304347826087, "percent_covered_display": "74", "missing_lines": 6, "excluded_lines": 0, "percent_statements_covered": 80.0, "percent_statements_covered_display": "80", "num_branches": 16, "num_partial_branches": 4, "covered_branches": 10, "missing_branches": 6, "percent_branches_covered": 62.5, "percent_branches_covered_display": "62"}, "missing_lines": [75, 76, 77, 78, 86, 87], "excluded_lines": [], "start_line": 61, "executed_branches": [[74, 80], [85, 89], [92, 93], [92, 97], [98, 99], [99, 100], [99, 104], [101, 99], [101, 102], [104, 105]], "missing_branches": [[74, 75], [76, 77], [76, 78], [85, 86], [98, 109], [104, 109]]}, "": {"executed_lines": [3, 5, 6, 7, 8, 9, 11, 13, 16, 26, 34, 44, 45, 48, 49, 50, 51, 52, 53, 55, 61], "summary": {"covered_lines": 21, "num_statements": 21, "percent_covered": 100.0, "percent_covered_display": "100", "missing_lines": 0, "excluded_lines": 0, "percent_statements_covered": 100.0, "percent_statements_covered_display": "100", "num_branches": 0, "num_partial_branches": 0, "covered_branches": 0, "missing_branches": 0, "percent_branches_covered": 100.0, "percent_branches_covered_display": "100"}, "missing_lines": [], "excluded_lines": [], "start_line": 1, "executed_branches": [], "missing_branches": []}}, "classes": {"TemplateMapping": {"executed_lines": [58], "summary": {"covered_lines": 1, "num_statements": 1, "percent_covered": 100.0, "percent_covered_display": "100", "missing_lines": 0, "excluded_lines": 0, "percent_statements_covered": 100.0, "percent_statements_covered_display": "100", "num_branches": 0, "num_partial_branches": 0, "covered_branches": 0, "missing_branches": 0, "percent_branches_covered": 100.0, "percent_branches_covered_display": "100"}, "missing_lines": [], "excluded_lines": [], "start_line": 45, "executed_branches": [], "missing_branches": []}, "": {"executed_lines": [3, 5, 6, 7, 8, 9, 11, 13, 16, 26, 27, 28, 31, 34, 37, 38, 39, 40, 44, 45, 48, 49, 50, 51, 52, 53, 55, 61, 73, 74, 80, 82, 83, 85, 89, 90, 91, 92, 93, 97, 98, 99, 100, 101, 102, 104, 105, 109, 110, 111, 112, 114], "summary": {"covered_lines": 52, "num_statements": 66, "percent_covered": 74.4186046511628, "percent_covered_display": "74", "missing_lines": 14, "excluded_lines": 0, "percent_statements_covered": 78.78787878787878, "percent_statements_covered_display": "79", "num_branches": 20, "num_partial_branches": 6, "covered_branches": 12, "missing_branches": 8, "percent_branches_covered": 60.0, "percent_branches_covered_display": "60"}, "missing_lines": [17, 18, 21, 22, 23, 29, 30, 41, 75, 76, 77, 78, 86, 87], "excluded_lines": [], "start_line": 1, "executed_branches": [[37, 38], [39, 40], [74, 80], [85, 89], [92, 93], [92, 97], [98, 99], [99, 100], [99, 104], [101, 99], [101, 102], [104, 105]], "missing_branches": [[37, 41], [39, 37], [74, 75], [76, 77], [76, 78], [85, 86], [98, 109], [104, 109]]}}}, "src/travel_plan_permission/models.py": {"executed_lines": [3, 5, 6, 7, 8, 9, 11, 13, 16, 19, 20, 21, 22, 23, 26, 29, 30, 31, 32, 33, 34, 37, 40, 41, 42, 45, 48, 49, 52, 55, 56, 59, 62, 63, 68, 71, 72, 73, 75, 78, 79, 80, 81, 82, 85, 88, 89, 90, 91, 92, 93, 96, 99, 100, 101, 102, 105, 108, 109, 110, 111, 112, 115, 118, 120, 122, 123, 128, 131, 132, 133, 134, 135, 137, 138, 141, 142, 148, 151, 152, 153, 156, 159, 160, 161, 162, 165, 168, 169, 172, 173, 176, 177, 180, 181, 182, 183, 186, 193, 194, 195, 198, 203, 205, 206, 207, 208, 209, 210, 213, 216, 217, 220, 224, 225, 228, 232, 235, 238, 242, 246, 247, 248, 249, 251, 261, 262, 263, 269, 270, 271, 273, 278, 281, 284, 285, 286, 289, 290, 291, 292, 295, 300, 301, 302, 304, 305, 306, 307, 308, 310, 317, 320, 321, 322, 323, 324, 325, 326, 327, 328, 329, 330, 333, 337, 338, 339, 340, 344, 347, 348, 349, 350, 353, 356, 359, 362, 365, 368, 371, 374, 377, 380, 383, 389, 393, 397, 402, 404, 406, 414, 418, 419, 420, 421, 423, 436, 437, 438, 439, 441, 442, 443, 444, 446, 447, 449, 459, 460, 462, 463, 464, 465, 466, 467, 468, 474, 475, 477, 484, 489, 496, 499, 500, 501, 504, 505, 506, 507, 511, 515, 520, 523, 524, 525, 527, 528, 531, 533, 534, 535, 536, 537, 540, 543, 544, 545, 546, 549, 550, 553, 556, 557, 559, 561, 563, 565, 566, 567, 568, 571], "summary": {"covered_lines": 261, "num_statements": 272, "percent_covered": 94.23076923076923, "percent_covered_display": "94", "missing_lines": 11, "excluded_lines": 3, "percent_statements_covered": 95.95588235294117, "percent_statements_covered_display": "96", "num_branches": 40, "num_partial_branches": 7, "covered_branches": 33, "missing_branches": 7, "percent_branches_covered": 82.5, "percent_branches_covered_display": "82"}, "missing_lines": [124, 125, 143, 144, 145, 276, 282, 287, 445, 480, 481], "excluded_lines": [491, 492, 493], "executed_branches": [[71, 72], [71, 73], [78, 79], [78, 80], [80, 81], [80, 82], [123, -122], [205, 206], [206, 207], [206, 208], [208, 209], [208, 210], [248, 249], [281, 284], [286, 289], [304, 305], [304, 310], [307, 304], [307, 308], [437, 438], [437, 441], [442, 443], [442, 444], [444, 446], [446, 447], [462, 463], [462, 475], [523, 524], [523, 525], [535, -533], [535, 536], [566, 567], [566, 568]], "missing_branches": [[123, 124], [205, 210], [248, -246], [281, 282], [286, 287], [444, 445], [446, 449]], "functions": {"ApprovalRule.matches": {"executed_lines": [71, 72, 73], "summary": {"covered_lines": 3, "num_statements": 3, "percent_covered": 100.0, "percent_covered_display": "100", "missing_lines": 0, "excluded_lines": 0, "percent_statements_covered": 100.0, "percent_statements_covered_display": "100", "num_branches": 2, "num_partial_branches": 0, "covered_branches": 2, "missing_branches": 0, "percent_branches_covered": 100.0, "percent_branches_covered_display": "100"}, "missing_lines": [], "excluded_lines": [], "start_line": 68, "executed_branches": [[71, 72], [71, 73]], "missing_branches": []}, "ApprovalRule.evaluate": {"executed_lines": [78, 79, 80, 81, 82], "summary": {"covered_lines": 5, "num_statements": 5, "percent_covered": 100.0, "percent_covered_display": "100", "missing_lines": 0, "excluded_lines": 0, "percent_statements_covered": 100.0, "percent_statements_covered_display": "100", "num_branches": 4, "num_partial_branches": 0, "covered_branches": 4, "missing_branches": 0, "percent_branches_covered": 100.0, "percent_branches_covered_display": "100"}, "missing_lines": [], "excluded_lines": [], "start_line": 75, "executed_branches": [[78, 79], [78, 80], [80, 81], [80, 82]], "missing_branches": []}, "ApprovalEvent.model_post_init": {"executed_lines": [123], "summary": {"covered_lines": 1, "num_statements": 3, "percent_covered": 40.0, "percent_covered_display": "40", "missing_lines": 2, "excluded_lines": 0, "percent_statements_covered": 33.333333333333336, "percent_statements_covered_display": "33", "num_branches": 2, "num_partial_branches": 1, "covered_branches": 1, "missing_branches": 1, "percent_branches_covered": 50.0, "percent_branches_covered_display": "50"}, "missing_lines": [124, 125], "excluded_lines": [], "start_line": 122, "executed_branches": [[123, -122]], "missing_branches": [[123, 124]]}, "ExceptionType.from_policy_rule_id": {"executed_lines": [141, 142], "summary": {"covered_lines": 2, "num_statements": 5, "percent_covered": 40.0, "percent_covered_display": "40", "missing_lines": 3, "excluded_lines": 0, "percent_statements_covered": 40.0, "percent_statements_covered_display": "40", "num_branches": 0, "num_partial_branches": 0, "covered_branches": 0, "missing_branches": 0, "percent_branches_covered": 100.0, "percent_branches_covered_display": "100"}, "missing_lines": [143, 144, 145], "excluded_lines": [], "start_line": 138, "executed_branches": [], "missing_branches": []}, "_approval_rank": {"executed_lines": [177], "summary": {"covered_lines": 1, "num_statements": 1, "percent_covered": 100.0, "percent_covered_display": "100", "missing_lines": 0, "excluded_lines": 0, "percent_statements_covered": 100.0, "percent_statements_covered_display": "100", "num_branches": 0, "num_partial_branches": 0, "covered_branches": 0, "missing_branches": 0, "percent_branches_covered": 100.0, "percent_branches_covered_display": "100"}, "missing_lines": [], "excluded_lines": [], "start_line": 176, "executed_branches": [], "missing_branches": []}, "_next_level": {"executed_lines": [181, 182, 183], "summary": {"covered_lines": 3, "num_statements": 3, "percent_covered": 100.0, "percent_covered_display": "100", "missing_lines": 0, "excluded_lines": 0, "percent_statements_covered": 100.0, "percent_statements_covered_display": "100", "num_branches": 0, "num_partial_branches": 0, "covered_branches": 0, "missing_branches": 0, "percent_branches_covered": 100.0, "percent_branches_covered_display": "100"}, "missing_lines": [], "excluded_lines": [], "start_line": 180, "executed_branches": [], "missing_branches": []}, "determine_exception_approval_level": {"executed_lines": [203, 205, 206, 207, 208, 209, 210], "summary": {"covered_lines": 7, "num_statements": 7, "percent_covered": 92.3076923076923, "percent_covered_display": "92", "missing_lines": 0, "excluded_lines": 0, "percent_statements_covered": 100.0, "percent_statements_covered_display": "100", "num_branches": 6, "num_partial_branches": 1, "covered_branches": 5, "missing_branches": 1, "percent_branches_covered": 83.33333333333333, "percent_branches_covered_display": "83"}, "missing_lines": [], "excluded_lines": [], "start_line": 198, "executed_branches": [[205, 206], [206, 207], [206, 208], [208, 209], [208, 210]], "missing_branches": [[205, 210]]}, "ExceptionRequest.model_post_init": {"executed_lines": [247, 248, 249], "summary": {"covered_lines": 3, "num_statements": 3, "percent_covered": 80.0, "percent_covered_display": "80", "missing_lines": 0, "excluded_lines": 0, "percent_statements_covered": 100.0, "percent_statements_covered_display": "100", "num_branches": 2, "num_partial_branches": 1, "covered_branches": 1, "missing_branches": 1, "percent_branches_covered": 50.0, "percent_branches_covered_display": "50"}, "missing_lines": [], "excluded_lines": [], "start_line": 246, "executed_branches": [[248, 249]], "missing_branches": [[248, -246]]}, "ExceptionRequest.approve": {"executed_lines": [261, 262, 263, 269, 270, 271], "summary": {"covered_lines": 6, "num_statements": 6, "percent_covered": 100.0, "percent_covered_display": "100", "missing_lines": 0, "excluded_lines": 0, "percent_statements_covered": 100.0, "percent_statements_covered_display": "100", "num_branches": 0, "num_partial_branches": 0, "covered_branches": 0, "missing_branches": 0, "percent_branches_covered": 100.0, "percent_branches_covered_display": "100"}, "missing_lines": [], "excluded_lines": [], "start_line": 251, "executed_branches": [], "missing_branches": []}, "ExceptionRequest.reject": {"executed_lines": [], "summary": {"covered_lines": 0, "num_statements": 1, "percent_covered": 0.0, "percent_covered_display": "0", "missing_lines": 1, "excluded_lines": 0, "percent_statements_covered": 0.0, "percent_statements_covered_display": "0", "num_branches": 0, "num_partial_branches": 0, "covered_branches": 0, "missing_branches": 0, "percent_branches_covered": 100.0, "percent_branches_covered_display": "100"}, "missing_lines": [276], "excluded_lines": [], "start_line": 273, "executed_branches": [], "missing_branches": []}, "ExceptionRequest.escalate_if_overdue": {"executed_lines": [281, 284, 285, 286, 289, 290, 291, 292], "summary": {"covered_lines": 8, "num_statements": 10, "percent_covered": 71.42857142857143, "percent_covered_display": "71", "missing_lines": 2, "excluded_lines": 0, "percent_statements_covered": 80.0, "percent_statements_covered_display": "80", "num_branches": 4, "num_partial_branches": 2, "covered_branches": 2, "missing_branches": 2, "percent_branches_covered": 50.0, "percent_branches_covered_display": "50"}, "missing_lines": [282, 287], "excluded_lines": [], "start_line": 278, "executed_branches": [[281, 284], [286, 289]], "missing_branches": [[281, 282], [286, 287]]}, "build_exception_dashboard": {"executed_lines": [300, 301, 302, 304, 305, 306, 307, 308, 310], "summary": {"covered_lines": 9, "num_statements": 9, "percent_covered": 100.0, "percent_covered_display": "100", "missing_lines": 0, "excluded_lines": 0, "percent_statements_covered": 100.0, "percent_statements_covered_display": "100", "num_branches": 4, "num_partial_branches": 0, "covered_branches": 4, "missing_branches": 0, "percent_branches_covered": 100.0, "percent_branches_covered_display": "100"}, "missing_lines": [], "excluded_lines": [], "start_line": 295, "executed_branches": [[304, 305], [304, 310], [307, 304], [307, 308]], "missing_branches": []}, "TripPlan.duration_days": {"executed_lines": [404], "summary": {"covered_lines": 1, "num_statements": 1, "percent_covered": 100.0, "percent_covered_display": "100", "missing_lines": 0, "excluded_lines": 0, "percent_statements_covered": 100.0, "percent_statements_covered_display": "100", "num_branches": 0, "num_partial_branches": 0, "covered_branches": 0, "missing_branches": 0, "percent_branches_covered": 100.0, "percent_branches_covered_display": "100"}, "missing_lines": [], "excluded_lines": [], "start_line": 402, "executed_branches": [], "missing_branches": []}, "TripPlan.run_validation": {"executed_lines": [414, 418, 419, 420, 421], "summary": {"covered_lines": 5, "num_statements": 5, "percent_covered": 100.0, "percent_covered_display": "100", "missing_lines": 0, "excluded_lines": 0, "percent_statements_covered": 100.0, "percent_statements_covered_display": "100", "num_branches": 0, "num_partial_branches": 0, "covered_branches": 0, "missing_branches": 0, "percent_branches_covered": 100.0, "percent_branches_covered_display": "100"}, "missing_lines": [], "excluded_lines": [], "start_line": 406, "executed_branches": [], "missing_branches": []}, "TripPlan.record_approval_decision": {"executed_lines": [436, 437, 438, 439, 441, 442, 443, 444, 446, 447, 449, 459, 460, 462, 463, 464, 465, 466, 467, 468, 474, 475], "summary": {"covered_lines": 22, "num_statements": 23, "percent_covered": 90.9090909090909, "percent_covered_display": "91", "missing_lines": 1, "excluded_lines": 0, "percent_statements_covered": 95.65217391304348, "percent_statements_covered_display": "96", "num_branches": 10, "num_partial_branches": 2, "covered_branches": 8, "missing_branches": 2, "percent_branches_covered": 80.0, "percent_branches_covered_display": "80"}, "missing_lines": [445], "excluded_lines": [], "start_line": 423, "executed_branches": [[437, 438], [437, 441], [442, 443], [442, 444], [444, 446], [446, 447], [462, 463], [462, 475]], "missing_branches": [[444, 445], [446, 449]]}, "TripPlan.add_exception_request": {"executed_lines": [], "summary": {"covered_lines": 0, "num_statements": 2, "percent_covered": 0.0, "percent_covered_display": "0", "missing_lines": 2, "excluded_lines": 0, "percent_statements_covered": 0.0, "percent_statements_covered_display": "0", "num_branches": 0, "num_partial_branches": 0, "covered_branches": 0, "missing_branches": 0, "percent_branches_covered": 100.0, "percent_branches_covered_display": "100"}, "missing_lines": [480, 481], "excluded_lines": [], "start_line": 477, "executed_branches": [], "missing_branches": []}, "ExpenseItem.reimbursable_amount": {"executed_lines": [523, 524, 525], "summary": {"covered_lines": 3, "num_statements": 3, "percent_covered": 100.0, "percent_covered_display": "100", "missing_lines": 0, "excluded_lines": 0, "percent_statements_covered": 100.0, "percent_statements_covered_display": "100", "num_branches": 2, "num_partial_branches": 0, "covered_branches": 2, "missing_branches": 0, "percent_branches_covered": 100.0, "percent_branches_covered_display": "100"}, "missing_lines": [], "excluded_lines": [], "start_line": 520, "executed_branches": [[523, 524], [523, 525]], "missing_branches": []}, "ExpenseItem.is_third_party_paid": {"executed_lines": [531], "summary": {"covered_lines": 1, "num_statements": 1, "percent_covered": 100.0, "percent_covered_display": "100", "missing_lines": 0, "excluded_lines": 0, "percent_statements_covered": 100.0, "percent_statements_covered_display": "100", "num_branches": 0, "num_partial_branches": 0, "covered_branches": 0, "missing_branches": 0, "percent_branches_covered": 100.0, "percent_branches_covered_display": "100"}, "missing_lines": [], "excluded_lines": [], "start_line": 528, "executed_branches": [], "missing_branches": []}, "ExpenseItem.model_post_init": {"executed_lines": [534, 535, 536, 537], "summary": {"covered_lines": 4, "num_statements": 4, "percent_covered": 100.0, "percent_covered_display": "100", "missing_lines": 0, "excluded_lines": 0, "percent_statements_covered": 100.0, "percent_statements_covered_display": "100", "num_branches": 2, "num_partial_branches": 0, "covered_branches": 2, "missing_branches": 0, "percent_branches_covered": 100.0, "percent_branches_covered_display": "100"}, "missing_lines": [], "excluded_lines": [], "start_line": 533, "executed_branches": [[535, -533], [535, 536]], "missing_branches": []}, "ExpenseReport.total_amount": {"executed_lines": [561], "summary": {"covered_lines": 1, "num_statements": 1, "percent_covered": 100.0, "percent_covered_display": "100", "missing_lines": 0, "excluded_lines": 0, "percent_statements_covered": 100.0, "percent_statements_covered_display": "100", "num_branches": 0, "num_partial_branches": 0, "covered_branches": 0, "missing_branches": 0, "percent_branches_covered": 100.0, "percent_branches_covered_display": "100"}, "missing_lines": [], "excluded_lines": [], "start_line": 559, "executed_branches": [], "missing_branches": []}, "ExpenseReport.expenses_by_category": {"executed_lines": [565, 566, 567, 568], "summary": {"covered_lines": 4, "num_statements": 4, "percent_covered": 100.0, "percent_covered_display": "100", "missing_lines": 0, "excluded_lines": 0, "percent_statements_covered": 100.0, "percent_statements_covered_display": "100", "num_branches": 2, "num_partial_branches": 0, "covered_branches": 2, "missing_branches": 0, "percent_branches_covered": 100.0, "percent_branches_covered_display": "100"}, "missing_lines": [], "excluded_lines": [], "start_line": 563, "executed_branches": [[566, 567], [566, 568]], "missing_branches": []}, "": {"executed_lines": [3, 5, 6, 7, 8, 9, 11, 13, 16, 19, 20, 21, 22, 23, 26, 29, 30, 31, 32, 33, 34, 37, 40, 41, 42, 45, 48, 49, 52, 55, 56, 59, 62, 63, 68, 75, 85, 88, 89, 90, 91, 92, 93, 96, 99, 100, 101, 102, 105, 108, 109, 110, 111, 112, 115, 118, 120, 122, 128, 131, 132, 133, 134, 135, 137, 138, 148, 151, 152, 153, 156, 159, 160, 161, 162, 165, 168, 169, 172, 173, 176, 180, 186, 193, 194, 195, 198, 213, 216, 217, 220, 224, 225, 228, 232, 235, 238, 242, 246, 251, 273, 278, 295, 317, 320, 321, 322, 323, 324, 325, 326, 327, 328, 329, 330, 333, 337, 338, 339, 340, 344, 347, 348, 349, 350, 353, 356, 359, 362, 365, 368, 371, 374, 377, 380, 383, 389, 393, 397, 402, 406, 423, 477, 484, 489, 496, 499, 500, 501, 504, 505, 506, 507, 511, 515, 520, 527, 528, 533, 540, 543, 544, 545, 546, 549, 550, 553, 556, 557, 559, 563, 571], "summary": {"covered_lines": 172, "num_statements": 172, "percent_covered": 100.0, "percent_covered_display": "100", "missing_lines": 0, "excluded_lines": 3, "percent_statements_covered": 100.0, "percent_statements_covered_display": "100", "num_branches": 0, "num_partial_branches": 0, "covered_branches": 0, "missing_branches": 0, "percent_branches_covered": 100.0, "percent_branches_covered_display": "100"}, "missing_lines": [], "excluded_lines": [491, 492, 493], "start_line": 1, "executed_branches": [], "missing_branches": []}}, "classes": {"TripStatus": {"executed_lines": [], "summary": {"covered_lines": 0, "num_statements": 0, "percent_covered": 100.0, "percent_covered_display": "100", "missing_lines": 0, "excluded_lines": 0, "percent_statements_covered": 100.0, "percent_statements_covered_display": "100", "num_branches": 0, "num_partial_branches": 0, "covered_branches": 0, "missing_branches": 0, "percent_branches_covered": 100.0, "percent_branches_covered_display": "100"}, "missing_lines": [], "excluded_lines": [], "start_line": 16, "executed_branches": [], "missing_branches": []}, "ExpenseCategory": {"executed_lines": [], "summary": {"covered_lines": 0, "num_statements": 0, "percent_covered": 100.0, "percent_covered_display": "100", "missing_lines": 0, "excluded_lines": 0, "percent_statements_covered": 100.0, "percent_statements_covered_display": "100", "num_branches": 0, "num_partial_branches": 0, "covered_branches": 0, "missing_branches": 0, "percent_branches_covered": 100.0, "percent_branches_covered_display": "100"}, "missing_lines": [], "excluded_lines": [], "start_line": 26, "executed_branches": [], "missing_branches": []}, "ApprovalStatus": {"executed_lines": [], "summary": {"covered_lines": 0, "num_statements": 0, "percent_covered": 100.0, "percent_covered_display": "100", "missing_lines": 0, "excluded_lines": 0, "percent_statements_covered": 100.0, "percent_statements_covered_display": "100", "num_branches": 0, "num_partial_branches": 0, "covered_branches": 0, "missing_branches": 0, "percent_branches_covered": 100.0, "percent_branches_covered_display": "100"}, "missing_lines": [], "excluded_lines": [], "start_line": 37, "executed_branches": [], "missing_branches": []}, "ApprovalAction": {"executed_lines": [], "summary": {"covered_lines": 0, "num_statements": 0, "percent_covered": 100.0, "percent_covered_display": "100", "missing_lines": 0, "excluded_lines": 0, "percent_statements_covered": 100.0, "percent_statements_covered_display": "100", "num_branches": 0, "num_partial_branches": 0, "covered_branches": 0, "missing_branches": 0, "percent_branches_covered": 100.0, "percent_branches_covered_display": "100"}, "missing_lines": [], "excluded_lines": [], "start_line": 45, "executed_branches": [], "missing_branches": []}, "ApprovalRule": {"executed_lines": [71, 72, 73, 78, 79, 80, 81, 82], "summary": {"covered_lines": 8, "num_statements": 8, "percent_covered": 100.0, "percent_covered_display": "100", "missing_lines": 0, "excluded_lines": 0, "percent_statements_covered": 100.0, "percent_statements_covered_display": "100", "num_branches": 6, "num_partial_branches": 0, "covered_branches": 6, "missing_branches": 0, "percent_branches_covered": 100.0, "percent_branches_covered_display": "100"}, "missing_lines": [], "excluded_lines": [], "start_line": 52, "executed_branches": [[71, 72], [71, 73], [78, 79], [78, 80], [80, 81], [80, 82]], "missing_branches": []}, "ApprovalDecision": {"executed_lines": [], "summary": {"covered_lines": 0, "num_statements": 0, "percent_covered": 100.0, "percent_covered_display": "100", "missing_lines": 0, "excluded_lines": 0, "percent_statements_covered": 100.0, "percent_statements_covered_display": "100", "num_branches": 0, "num_partial_branches": 0, "covered_branches": 0, "missing_branches": 0, "percent_branches_covered": 100.0, "percent_branches_covered_display": "100"}, "missing_lines": [], "excluded_lines": [], "start_line": 85, "executed_branches": [], "missing_branches": []}, "ApprovalOutcome": {"executed_lines": [], "summary": {"covered_lines": 0, "num_statements": 0, "percent_covered": 100.0, "percent_covered_display": "100", "missing_lines": 0, "excluded_lines": 0, "percent_statements_covered": 100.0, "percent_statements_covered_display": "100", "num_branches": 0, "num_partial_branches": 0, "covered_branches": 0, "missing_branches": 0, "percent_branches_covered": 100.0, "percent_branches_covered_display": "100"}, "missing_lines": [], "excluded_lines": [], "start_line": 96, "executed_branches": [], "missing_branches": []}, "ApprovalEvent": {"executed_lines": [123], "summary": {"covered_lines": 1, "num_statements": 3, "percent_covered": 40.0, "percent_covered_display": "40", "missing_lines": 2, "excluded_lines": 0, "percent_statements_covered": 33.333333333333336, "percent_statements_covered_display": "33", "num_branches": 2, "num_partial_branches": 1, "covered_branches": 1, "missing_branches": 1, "percent_branches_covered": 50.0, "percent_branches_covered_display": "50"}, "missing_lines": [124, 125], "excluded_lines": [], "start_line": 105, "executed_branches": [[123, -122]], "missing_branches": [[123, 124]]}, "ExceptionType": {"executed_lines": [141, 142], "summary": {"covered_lines": 2, "num_statements": 5, "percent_covered": 40.0, "percent_covered_display": "40", "missing_lines": 3, "excluded_lines": 0, "percent_statements_covered": 40.0, "percent_statements_covered_display": "40", "num_branches": 0, "num_partial_branches": 0, "covered_branches": 0, "missing_branches": 0, "percent_branches_covered": 100.0, "percent_branches_covered_display": "100"}, "missing_lines": [143, 144, 145], "excluded_lines": [], "start_line": 128, "executed_branches": [], "missing_branches": []}, "ExceptionApprovalLevel": {"executed_lines": [], "summary": {"covered_lines": 0, "num_statements": 0, "percent_covered": 100.0, "percent_covered_display": "100", "missing_lines": 0, "excluded_lines": 0, "percent_statements_covered": 100.0, "percent_statements_covered_display": "100", "num_branches": 0, "num_partial_branches": 0, "covered_branches": 0, "missing_branches": 0, "percent_branches_covered": 100.0, "percent_branches_covered_display": "100"}, "missing_lines": [], "excluded_lines": [], "start_line": 148, "executed_branches": [], "missing_branches": []}, "ExceptionStatus": {"executed_lines": [], "summary": {"covered_lines": 0, "num_statements": 0, "percent_covered": 100.0, "percent_covered_display": "100", "missing_lines": 0, "excluded_lines": 0, "percent_statements_covered": 100.0, "percent_statements_covered_display": "100", "num_branches": 0, "num_partial_branches": 0, "covered_branches": 0, "missing_branches": 0, "percent_branches_covered": 100.0, "percent_branches_covered_display": "100"}, "missing_lines": [], "excluded_lines": [], "start_line": 156, "executed_branches": [], "missing_branches": []}, "ExceptionApprovalRecord": {"executed_lines": [], "summary": {"covered_lines": 0, "num_statements": 0, "percent_covered": 100.0, "percent_covered_display": "100", "missing_lines": 0, "excluded_lines": 0, "percent_statements_covered": 100.0, "percent_statements_covered_display": "100", "num_branches": 0, "num_partial_branches": 0, "covered_branches": 0, "missing_branches": 0, "percent_branches_covered": 100.0, "percent_branches_covered_display": "100"}, "missing_lines": [], "excluded_lines": [], "start_line": 165, "executed_branches": [], "missing_branches": []}, "ExceptionRequest": {"executed_lines": [247, 248, 249, 261, 262, 263, 269, 270, 271, 281, 284, 285, 286, 289, 290, 291, 292], "summary": {"covered_lines": 17, "num_statements": 20, "percent_covered": 76.92307692307692, "percent_covered_display": "77", "missing_lines": 3, "excluded_lines": 0, "percent_statements_covered": 85.0, "percent_statements_covered_display": "85", "num_branches": 6, "num_partial_branches": 3, "covered_branches": 3, "missing_branches": 3, "percent_branches_covered": 50.0, "percent_branches_covered_display": "50"}, "missing_lines": [276, 282, 287], "excluded_lines": [], "start_line": 213, "executed_branches": [[248, 249], [281, 284], [286, 289]], "missing_branches": [[248, -246], [281, 282], [286, 287]]}, "TripPlan": {"executed_lines": [404, 414, 418, 419, 420, 421, 436, 437, 438, 439, 441, 442, 443, 444, 446, 447, 449, 459, 460, 462, 463, 464, 465, 466, 467, 468, 474, 475], "summary": {"covered_lines": 28, "num_statements": 31, "percent_covered": 87.8048780487805, "percent_covered_display": "88", "missing_lines": 3, "excluded_lines": 0, "percent_statements_covered": 90.3225806451613, "percent_statements_covered_display": "90", "num_branches": 10, "num_partial_branches": 2, "covered_branches": 8, "missing_branches": 2, "percent_branches_covered": 80.0, "percent_branches_covered_display": "80"}, "missing_lines": [445, 480, 481], "excluded_lines": [], "start_line": 317, "executed_branches": [[437, 438], [437, 441], [442, 443], [442, 444], [444, 446], [446, 447], [462, 463], [462, 475]], "missing_branches": [[444, 445], [446, 449]]}, "ExpenseItem": {"executed_lines": [523, 524, 525, 531, 534, 535, 536, 537], "summary": {"covered_lines": 8, "num_statements": 8, "percent_covered": 100.0, "percent_covered_display": "100", "missing_lines": 0, "excluded_lines": 0, "percent_statements_covered": 100.0, "percent_statements_covered_display": "100", "num_branches": 4, "num_partial_branches": 0, "covered_branches": 4, "missing_branches": 0, "percent_branches_covered": 100.0, "percent_branches_covered_display": "100"}, "missing_lines": [], "excluded_lines": [], "start_line": 496, "executed_branches": [[523, 524], [523, 525], [535, -533], [535, 536]], "missing_branches": []}, "ExpenseReport": {"executed_lines": [561, 565, 566, 567, 568], "summary": {"covered_lines": 5, "num_statements": 5, "percent_covered": 100.0, "percent_covered_display": "100", "missing_lines": 0, "excluded_lines": 0, "percent_statements_covered": 100.0, "percent_statements_covered_display": "100", "num_branches": 2, "num_partial_branches": 0, "covered_branches": 2, "missing_branches": 0, "percent_branches_covered": 100.0, "percent_branches_covered_display": "100"}, "missing_lines": [], "excluded_lines": [], "start_line": 540, "executed_branches": [[566, 567], [566, 568]], "missing_branches": []}, "": {"executed_lines": [3, 5, 6, 7, 8, 9, 11, 13, 16, 19, 20, 21, 22, 23, 26, 29, 30, 31, 32, 33, 34, 37, 40, 41, 42, 45, 48, 49, 52, 55, 56, 59, 62, 63, 68, 75, 85, 88, 89, 90, 91, 92, 93, 96, 99, 100, 101, 102, 105, 108, 109, 110, 111, 112, 115, 118, 120, 122, 128, 131, 132, 133, 134, 135, 137, 138, 148, 151, 152, 153, 156, 159, 160, 161, 162, 165, 168, 169, 172, 173, 176, 177, 180, 181, 182, 183, 186, 193, 194, 195, 198, 203, 205, 206, 207, 208, 209, 210, 213, 216, 217, 220, 224, 225, 228, 232, 235, 238, 242, 246, 251, 273, 278, 295, 300, 301, 302, 304, 305, 306, 307, 308, 310, 317, 320, 321, 322, 323, 324, 325, 326, 327, 328, 329, 330, 333, 337, 338, 339, 340, 344, 347, 348, 349, 350, 353, 356, 359, 362, 365, 368, 371, 374, 377, 380, 383, 389, 393, 397, 402, 406, 423, 477, 484, 489, 496, 499, 500, 501, 504, 505, 506, 507, 511, 515, 520, 527, 528, 533, 540, 543, 544, 545, 546, 549, 550, 553, 556, 557, 559, 563, 571], "summary": {"covered_lines": 192, "num_statements": 192, "percent_covered": 99.5049504950495, "percent_covered_display": "99", "missing_lines": 0, "excluded_lines": 3, "percent_statements_covered": 100.0, "percent_statements_covered_display": "100", "num_branches": 10, "num_partial_branches": 1, "covered_branches": 9, "missing_branches": 1, "percent_branches_covered": 90.0, "percent_branches_covered_display": "90"}, "missing_lines": [], "excluded_lines": [491, 492, 493], "start_line": 1, "executed_branches": [[205, 206], [206, 207], [206, 208], [208, 209], [208, 210], [304, 305], [304, 310], [307, 304], [307, 308]], "missing_branches": [[205, 210]]}}}, "src/travel_plan_permission/orchestration/__init__.py": {"executed_lines": [3, 5], "summary": {"covered_lines": 2, "num_statements": 2, "percent_covered": 100.0, "percent_covered_display": "100", "missing_lines": 0, "excluded_lines": 0, "percent_statements_covered": 100.0, "percent_statements_covered_display": "100", "num_branches": 0, "num_partial_branches": 0, "covered_branches": 0, "missing_branches": 0, "percent_branches_covered": 100.0, "percent_branches_covered_display": "100"}, "missing_lines": [], "excluded_lines": [], "executed_branches": [], "missing_branches": [], "functions": {"": {"executed_lines": [3, 5], "summary": {"covered_lines": 2, "num_statements": 2, "percent_covered": 100.0, "percent_covered_display": "100", "missing_lines": 0, "excluded_lines": 0, "percent_statements_covered": 100.0, "percent_statements_covered_display": "100", "num_branches": 0, "num_partial_branches": 0, "covered_branches": 0, "missing_branches": 0, "percent_branches_covered": 100.0, "percent_branches_covered_display": "100"}, "missing_lines": [], "excluded_lines": [], "start_line": 1, "executed_branches": [], "missing_branches": []}}, "classes": {"": {"executed_lines": [3, 5], "sum
[...]
317, 318], "summary": {"covered_lines": 137, "num_statements": 150, "percent_covered": 87.5, "percent_covered_display": "88", "missing_lines": 13, "excluded_lines": 3, "percent_statements_covered": 91.33333333333333, "percent_statements_covered_display": "91", "num_branches": 42, "num_partial_branches": 9, "covered_branches": 31, "missing_branches": 11, "percent_branches_covered": 73.80952380952381, "percent_branches_covered_display": "74"}, "missing_lines": [116, 146, 148, 229, 263, 271, 274, 292, 299, 304, 305, 306, 307], "excluded_lines": [19, 20, 70], "executed_branches": [[106, 107], [106, 108], [115, 118], [119, 120], [119, 128], [145, 147], [147, 149], [155, 156], [155, 164], [164, 165], [164, 174], [166, 164], [166, 167], [189, 190], [189, 197], [224, 225], [224, 247], [228, 230], [230, 236], [230, 237], [259, 260], [261, 259], [261, 262], [268, 269], [268, 278], [270, 272], [273, 276], [291, 293], [298, 300], [313, 314], [313, 315]], "missing_branches": [[115, 116], [145, 146], [147, 148], [228, 229], [259, 263], [270, 271], [273, 274], [291, 292], [298, 299], [305, 306], [305, 307]], "functions": {"ValidationResult.is_blocking": {"executed_lines": [47], "summary": {"covered_lines": 1, "num_statements": 1, "percent_covered": 100.0, "percent_covered_display": "100", "missing_lines": 0, "excluded_lines": 0, "percent_statements_covered": 100.0, "percent_statements_covered_display": "100", "num_branches": 0, "num_partial_branches": 0, "covered_branches": 0, "missing_branches": 0, "percent_branches_covered": 100.0, "percent_branches_covered_display": "100"}, "missing_lines": [], "excluded_lines": [], "start_line": 44, "executed_branches": [], "missing_branches": []}, "ValidationRule.evaluate": {"executed_lines": [], "summary": {"covered_lines": 0, "num_statements": 0, "percent_covered": 100.0, "percent_covered_display": "100", "missing_lines": 0, "excluded_lines": 1, "percent_statements_covered": 100.0, "percent_statements_covered_display": "100", "num_branches": 0, "num_partial_branches": 0, "covered_branches": 0, "missing_branches": 0, "percent_branches_covered": 100.0, "percent_branches_covered_display": "100"}, "missing_lines": [], "excluded_lines": [70], "start_line": 65, "executed_branches": [], "missing_branches": []}, "ValidationRule._result": {"executed_lines": [73], "summary": {"covered_lines": 1, "num_statements": 1, "percent_covered": 100.0, "percent_covered_display": "100", "missing_lines": 0, "excluded_lines": 0, "percent_statements_covered": 100.0, "percent_statements_covered_display": "100", "num_branches": 0, "num_partial_branches": 0, "covered_branches": 0, "missing_branches": 0, "percent_branches_covered": 100.0, "percent_branches_covered_display": "100"}, "missing_lines": [], "excluded_lines": [], "start_line": 72, "executed_branches": [], "missing_branches": []}, "AdvanceBookingRule._is_international": {"executed_lines": [100, 101], "summary": {"covered_lines": 2, "num_statements": 2, "percent_covered": 100.0, "percent_covered_display": "100", "missing_lines": 0, "excluded_lines": 0, "percent_statements_covered": 100.0, "percent_statements_covered_display": "100", "num_branches": 0, "num_partial_branches": 0, "covered_branches": 0, "missing_branches": 0, "percent_branches_covered": 100.0, "percent_branches_covered_display": "100"}, "missing_lines": [], "excluded_lines": [], "start_line": 99, "executed_branches": [], "missing_branches": []}, "AdvanceBookingRule._required_notice": {"executed_lines": [106, 107, 108], "summary": {"covered_lines": 3, "num_statements": 3, "percent_covered": 100.0, "percent_covered_display": "100", "missing_lines": 0, "excluded_lines": 0, "percent_statements_covered": 100.0, "percent_statements_covered_display": "100", "num_branches": 2, "num_partial_branches": 0, "covered_branches": 2, "missing_branches": 0, "percent_branches_covered": 100.0, "percent_branches_covered_display": "100"}, "missing_lines": [], "excluded_lines": [], "start_line": 105, "executed_branches": [[106, 107], [106, 108]], "missing_branches": []}, "AdvanceBookingRule.evaluate": {"executed_lines": [113, 114, 115, 118, 119, 120, 128], "summary": {"covered_lines": 7, "num_statements": 8, "percent_covered": 83.33333333333333, "percent_covered_display": "83", "missing_lines": 1, "excluded_lines": 0, "percent_statements_covered": 87.5, "percent_statements_covered_display": "88", "num_branches": 4, "num_partial_branches": 1, "covered_branches": 3, "missing_branches": 1, "percent_branches_covered": 75.0, "percent_branches_covered_display": "75"}, "missing_lines": [116], "excluded_lines": [], "start_line": 110, "executed_branches": [[115, 118], [119, 120], [119, 128]], "missing_branches": [[115, 116]]}, "BudgetLimitRule._coerce_category_keys": {"executed_lines": [145, 147, 149], "summary": {"covered_lines": 3, "num_statements": 5, "percent_covered": 55.55555555555556, "percent_covered_display": "56", "missing_lines": 2, "excluded_lines": 0, "percent_statements_covered": 60.0, "percent_statements_covered_display": "60", "num_branches": 4, "num_partial_branches": 2, "covered_branches": 2, "missing_branches": 2, "percent_branches_covered": 50.0, "percent_branches_covered_display": "50"}, "missing_lines": [146, 148], "excluded_lines": [], "start_line": 144, "executed_branches": [[145, 147], [147, 149]], "missing_branches": [[145, 146], [147, 148]]}, "BudgetLimitRule.evaluate": {"executed_lines": [154, 155, 156, 164, 165, 166, 167, 174], "summary": {"covered_lines": 8, "num_statements": 8, "percent_covered": 100.0, "percent_covered_display": "100", "missing_lines": 0, "excluded_lines": 0, "percent_statements_covered": 100.0, "percent_statements_covered_display": "100", "num_branches": 6, "num_partial_branches": 0, "covered_branches": 6, "missing_branches": 0, "percent_branches_covered": 100.0, "percent_branches_covered_display": "100"}, "missing_lines": [], "excluded_lines": [], "start_line": 151, "executed_branches": [[155, 156], [155, 164], [164, 165], [164, 174], [166, 164], [166, 167]], "missing_branches": []}, "DurationLimitRule.evaluate": {"executed_lines": [188, 189, 190, 197], "summary": {"covered_lines": 4, "num_statements": 4, "percent_covered": 100.0, "percent_covered_display": "100", "missing_lines": 0, "excluded_lines": 0, "percent_statements_covered": 100.0, "percent_statements_covered_display": "100", "num_branches": 2, "num_partial_branches": 0, "covered_branches": 2, "missing_branches": 0, "percent_branches_covered": 100.0, "percent_branches_covered_display": "100"}, "missing_lines": [], "excluded_lines": [], "start_line": 185, "executed_branches": [[189, 190], [189, 197]], "missing_branches": []}, "ProviderApprovalRule.evaluate": {"executed_lines": [220, 221, 222, 224, 225, 228, 230, 236, 237, 238, 247], "summary": {"covered_lines": 11, "num_statements": 12, "percent_covered": 88.88888888888889, "percent_covered_display": "89", "missing_lines": 1, "excluded_lines": 0, "percent_statements_covered": 91.66666666666667, "percent_statements_covered_display": "92", "num_branches": 6, "num_partial_branches": 1, "covered_branches": 5, "missing_branches": 1, "percent_branches_covered": 83.33333333333333, "percent_branches_covered_display": "83"}, "missing_lines": [229], "excluded_lines": [], "start_line": 217, "executed_branches": [[224, 225], [224, 247], [228, 230], [230, 236], [230, 237]], "missing_branches": [[228, 229]]}, "_default_policy_path": {"executed_lines": [259, 260, 261, 262], "summary": {"covered_lines": 4, "num_statements": 5, "percent_covered": 77.77777777777777, "percent_covered_display": "78", "missing_lines": 1, "excluded_lines": 0, "percent_statements_covered": 80.0, "percent_statements_covered_display": "80", "num_branches": 4, "num_partial_branches": 1, "covered_branches": 3, "missing_branches": 1, "percent_branches_covered": 75.0, "percent_branches_covered_display": "75"}, "missing_lines": [263], "excluded_lines": [], "start_line": 258, "executed_branches": [[259, 260], [261, 259], [261, 262]], "missing_branches": [[259, 263]]}, "_load_rules": {"executed_lines": [267, 268, 269, 270, 272, 273, 276, 277, 278], "summary": {"covered_lines": 9, "num_statements": 11, "percent_covered": 76.47058823529412, "percent_covered_display": "76", "missing_lines": 2, "excluded_lines": 0, "percent_statements_covered": 81.81818181818181, "percent_statements_covered_display": "82", "num_branches": 6, "num_partial_branches": 2, "covered_branches": 4, "missing_branches": 2, "percent_branches_covered": 66.66666666666667, "percent_branches_covered_display": "67"}, "missing_lines": [271, 274], "excluded_lines": [], "start_line": 266, "executed_branches": [[268, 269], [268, 278], [270, 272], [273, 276]], "missing_branches": [[270, 271], [273, 274]]}, "PolicyValidator.__init__": {"executed_lines": [285], "summary": {"covered_lines": 1, "num_statements": 1, "percent_covered": 100.0, "percent_covered_display": "100", "missing_lines": 0, "excluded_lines": 0, "percent_statements_covered": 100.0, "percent_statements_covered_display": "100", "num_branches": 0, "num_partial_branches": 0, "covered_branches": 0, "missing_branches": 0, "percent_branches_covered": 100.0, "percent_branches_covered_display": "100"}, "missing_lines": [], "excluded_lines": [], "start_line": 284, "executed_branches": [], "missing_branches": []}, "PolicyValidator.from_yaml": {"executed_lines": [289, 290, 291, 293], "summary": {"covered_lines": 4, "num_statements": 5, "percent_covered": 71.42857142857143, "percent_covered_display": "71", "missing_lines": 1, "excluded_lines": 0, "percent_statements_covered": 80.0, "percent_statements_covered_display": "80", "num_branches": 2, "num_partial_branches": 1, "covered_branches": 1, "missing_branches": 1, "percent_branches_covered": 50.0, "percent_branches_covered_display": "50"}, "missing_lines": [292], "excluded_lines": [], "start_line": 288, "executed_branches": [[291, 293]], "missing_branches": [[291, 292]]}, "PolicyValidator.from_file": {"executed_lines": [297, 298, 300], "summary": {"covered_lines": 3, "num_statements": 4, "percent_covered": 66.66666666666667, "percent_covered_display": "67", "missing_lines": 1, "excluded_lines": 0, "percent_statements_covered": 75.0, "percent_statements_covered_display": "75", "num_branches": 2, "num_partial_branches": 1, "covered_branches": 1, "missing_branches": 1, "percent_branches_covered": 50.0, "percent_branches_covered_display": "50"}, "missing_lines": [299], "excluded_lines": [], "start_line": 296, "executed_branches": [[298, 300]], "missing_branches": [[298, 299]]}, "PolicyValidator.from_environment": {"executed_lines": [], "summary": {"covered_lines": 0, "num_statements": 4, "percent_covered": 0.0, "percent_covered_display": "0", "missing_lines": 4, "excluded_lines": 0, "percent_statements_covered": 0.0, "percent_statements_covered_display": "0", "num_branches": 2, "num_partial_branches": 0, "covered_branches": 0, "missing_branches": 2, "percent_branches_covered": 0.0, "percent_branches_covered_display": "0"}, "missing_lines": [304, 305, 306, 307], "excluded_lines": [], "start_line": 303, "executed_branches": [], "missing_branches": [[305, 306], [305, 307]]}, "PolicyValidator.validate_plan": {"executed_lines": [312, 313, 314, 315], "summary": {"covered_lines": 4, "num_statements": 4, "percent_covered": 100.0, "percent_covered_display": "100", "missing_lines": 0, "excluded_lines": 0, "percent_statements_covered": 100.0, "percent_statements_covered_display": "100", "num_branches": 2, "num_partial_branches": 0, "covered_branches": 2, "missing_branches": 0, "percent_branches_covered": 100.0, "percent_branches_covered_display": "100"}, "missing_lines": [], "excluded_lines": [], "start_line": 309, "executed_branches": [[313, 314], [313, 315]], "missing_branches": []}, "PolicyValidator.can_submit": {"executed_lines": [318], "summary": {"covered_lines": 1, "num_statements": 1, "percent_covered": 100.0, "percent_covered_display": "100", "missing_lines": 0, "excluded_lines": 0, "percent_statements_covered": 100.0, "percent_statements_covered_display": "100", "num_branches": 0, "num_partial_branches": 0, "covered_branches": 0, "missing_branches": 0, "percent_branches_covered": 100.0, "percent_branches_covered_display": "100"}, "missing_lines": [], "excluded_lines": [], "start_line": 317, "executed_branches": [], "missing_branches": []}, "": {"executed_lines": [3, 5, 6, 7, 8, 9, 10, 11, 13, 14, 16, 17, 23, 26, 27, 28, 31, 34, 35, 36, 37, 38, 43, 44, 50, 53, 54, 55, 58, 63, 65, 72, 82, 85, 88, 91, 94, 99, 105, 110, 131, 134, 135, 138, 142, 143, 144, 151, 177, 180, 181, 185, 200, 203, 204, 208, 212, 217, 250, 258, 266, 281, 284, 287, 288, 295, 296, 302, 303, 309, 317], "summary": {"covered_lines": 71, "num_statements": 71, "percent_covered": 100.0, "percent_covered_display": "100", "missing_lines": 0, "excluded_lines": 2, "percent_statements_covered": 100.0, "percent_statements_covered_display": "100", "num_branches": 0, "num_partial_branches": 0, "covered_branches": 0, "missing_branches": 0, "percent_branches_covered": 100.0, "percent_branches_covered_display": "100"}, "missing_lines": [], "excluded_lines": [19, 20], "start_line": 1, "executed_branches": [], "missing_branches": []}}, "classes": {"ValidationSeverity": {"executed_lines": [], "summary": {"covered_lines": 0, "num_statements": 0, "percent_covered": 100.0, "percent_covered_display": "100", "missing_lines": 0, "excluded_lines": 0, "percent_statements_covered": 100.0, "percent_statements_covered_display": "100", "num_branches": 0, "num_partial_branches": 0, "covered_branches": 0, "missing_branches": 0, "percent_branches_covered": 100.0, "percent_branches_covered_display": "100"}, "missing_lines": [], "excluded_lines": [], "start_line": 23, "executed_branches": [], "missing_branches": []}, "ValidationResult": {"executed_lines": [47], "summary": {"covered_lines": 1, "num_statements": 1, "percent_covered": 100.0, "percent_covered_display": "100", "missing_lines": 0, "excluded_lines": 0, "percent_statements_covered": 100.0, "percent_statements_covered_display": "100", "num_branches": 0, "num_partial_branches": 0, "covered_branches": 0, "missing_branches": 0, "percent_branches_covered": 100.0, "percent_branches_covered_display": "100"}, "missing_lines": [], "excluded_lines": [], "start_line": 31, "executed_branches": [], "missing_branches": []}, "ValidationRule": {"executed_lines": [73], "summary": {"covered_lines": 1, "num_statements": 1, "percent_covered": 100.0, "percent_covered_display": "100", "missing_lines": 0, "excluded_lines": 1, "percent_statements_covered": 100.0, "percent_statements_covered_display": "100", "num_branches": 0, "num_partial_branches": 0, "covered_branches": 0, "missing_branches": 0, "percent_branches_covered": 100.0, "percent_branches_covered_display": "100"}, "missing_lines": [], "excluded_lines": [70], "start_line": 50, "executed_branches": [], "missing_branches": []}, "AdvanceBookingRule": {"executed_lines": [100, 101, 106, 107, 108, 113, 114, 115, 118, 119, 120, 128], "summary": {"covered_lines": 12, "num_statements": 13, "percent_covered": 89.47368421052632, "percent_covered_display": "89", "missing_lines": 1, "excluded_lines": 0, "percent_statements_covered": 92.3076923076923, "percent_statements_covered_display": "92", "num_branches": 6, "num_partial_branches": 1, "covered_branches": 5, "missing_branches": 1, "percent_branches_covered": 83.33333333333333, "percent_branches_covered_display": "83"}, "missing_lines": [116], "excluded_lines": [], "start_line": 82, "executed_branches": [[106, 107], [106, 108], [115, 118], [119, 120], [119, 128]], "missing_branches": [[115, 116]]}, "BudgetLimitRule": {"executed_lines": [145, 147, 149, 154, 155, 156, 164, 165, 166, 167, 174], "summary": {"covered_lines": 11, "num_statements": 13, "percent_covered": 82.6086956521739, "percent_covered_display": "83", "missing_lines": 2, "excluded_lines": 0, "percent_statements_covered": 84.61538461538461, "percent_statements_covered_display": "85", "num_branches": 10, "num_partial_branches": 2, "covered_branches": 8, "missing_branches": 2, "percent_branches_covered": 80.0, "percent_branches_covered_display": "80"}, "missing_lines": [146, 148], "excluded_lines": [], "start_line": 131, "executed_branches": [[145, 147], [147, 149], [155, 156], [155, 164], [164, 165], [164, 174], [166, 164], [166, 167]], "missing_branches": [[145, 146], [147, 148]]}, "DurationLimitRule": {"executed_lines": [188, 189, 190, 197], "summary": {"covered_lines": 4, "num_statements": 4, "percent_covered": 100.0, "percent_covered_display": "100", "missing_lines": 0, "excluded_lines": 0, "percent_statements_covered": 100.0, "percent_statements_covered_display": "100", "num_branches": 2, "num_partial_branches": 0, "covered_branches": 2, "missing_branches": 0, "percent_branches_covered": 100.0, "percent_branches_covered_display": "100"}, "missing_lines": [], "excluded_lines": [], "start_line": 177, "executed_branches": [[189, 190], [189, 197]], "missing_branches": []}, "ProviderApprovalRule": {"executed_lines": [220, 221, 222, 224, 225, 228, 230, 236, 237, 238, 247], "summary": {"covered_lines": 11, "num_statements": 12, "percent_covered": 88.88888888888889, "percent_covered_display": "89", "missing_lines": 1, "excluded_lines": 0, "percent_statements_covered": 91.66666666666667, "percent_statements_covered_display": "92", "num_branches": 6, "num_partial_branches": 1, "covered_branches": 5, "missing_branches": 1, "percent_branches_covered": 83.33333333333333, "percent_branches_covered_display": "83"}, "missing_lines": [229], "excluded_lines": [], "start_line": 200, "executed_branches": [[224, 225], [224, 247], [228, 230], [230, 236], [230, 237]], "missing_branches": [[228, 229]]}, "PolicyValidator": {"executed_lines": [285, 289, 290, 291, 293, 297, 298, 300, 312, 313, 314, 315, 318], "summary": {"covered_lines": 13, "num_statements": 19, "percent_covered": 62.96296296296296, "percent_covered_display": "63", "missing_lines": 6, "excluded_lines": 0, "percent_statements_covered": 68.42105263157895, "percent_statements_covered_display": "68", "num_branches": 8, "num_partial_branches": 2, "covered_branches": 4, "missing_branches": 4, "percent_branches_covered": 50.0, "percent_branches_covered_display": "50"}, "missing_lines": [292, 299, 304, 305, 306, 307], "excluded_lines": [], "start_line": 281, "executed_branches": [[291, 293], [298, 300], [313, 314], [313, 315]], "missing_branches": [[291, 292], [298, 299], [305, 306], [305, 307]]}, "": {"executed_lines": [3, 5, 6, 7, 8, 9, 10, 11, 13, 14, 16, 17, 23, 26, 27, 28, 31, 34, 35, 36, 37, 38, 43, 44, 50, 53, 54, 55, 58, 63, 65, 72, 82, 85, 88, 91, 94, 99, 105, 110, 131, 134, 135, 138, 142, 143, 144, 151, 177, 180, 181, 185, 200, 203, 204, 208, 212, 217, 250, 258, 259, 260, 261, 262, 266, 267, 268, 269, 270, 272, 273, 276, 277, 278, 281, 284, 287, 288, 295, 296, 302, 303, 309, 317], "summary": {"covered_lines": 84, "num_statements": 87, "percent_covered": 93.81443298969072, "percent_covered_display": "94", "missing_lines": 3, "excluded_lines": 2, "percent_statements_covered": 96.55172413793103, "percent_statements_covered_display": "97", "num_branches": 10, "num_partial_branches": 3, "covered_branches": 7, "missing_branches": 3, "percent_branches_covered": 70.0, "percent_branches_covered_display": "70"}, "missing_lines": [263, 271, 274], "excluded_lines": [19, 20], "start_line": 1, "executed_branches": [[259, 260], [261, 259], [261, 262], [268, 269], [268, 278], [270, 272], [273, 276]], "missing_branches": [[259, 263], [270, 271], [273, 274]]}}}}, "totals": {"covered_lines": 2106, "num_statements": 2304, "percent_covered": 88.5952712100139, "percent_covered_display": "89", "missing_lines": 198, "excluded_lines": 42, "percent_statements_covered": 91.40625, "percent_statements_covered_display": "91", "num_branches": 572, "num_partial_branches": 106, "covered_branches": 442, "missing_branches": 130, "percent_branches_covered": 77.27272727272727, "percent_branches_covered_display": "77"}}