<?xml version="1.0" encoding="utf-8"?><testsuites name="pytest tests"><testsuite name="pytest" errors="0" failures="0" skipped="3" tests="211" time="7.269" timestamp="2026-02-03T09:21:42.953179+00:00" hostname="runnervmkj6or"><testcase classname="tests.orchestration_graph_test" name="test_langgraph_compiled_path_creates_spreadsheet" time="0.326" /><testcase classname="tests.python.test_approval_engine" name="test_load_rules_from_file" time="0.004" /><testcase classname="tests.python.test_approval_engine" name="test_load_rules_from_environment" time="0.003" /><testcase classname="tests.python.test_approval_engine" name="test_auto_approve_under_threshold" time="0.004" /><testcase classname="tests.python.test_approval_engine" name="test_flag_over_5000_requires_manager" time="0.004" /><testcase classname="tests.python.test_approval_engine" name="test_category_specific_rule_overrides_default" time="0.004" /><testcase classname="tests.python.test_approval_engine" name="test_decisions_logged_with_timestamp_and_rule" time="0.004" /><testcase classname="tests.python.test_approval_packet" name="test_manager_email_contains_required_fields" time="0.018" /><testcase classname="tests.python.test_approval_packet" name="test_pdf_page_counts_scale_with_complexity" time="0.021" /><testcase classname="tests.python.test_audit_workflow_alignment" name="test_collect_workflow_files_missing_directory" time="0.001" /><testcase classname="tests.python.test_audit_workflow_alignment" name="test_compare_workflow_trees_reports_differences" time="0.002" /><testcase classname="tests.python.test_audit_workflow_alignment" name="test_build_workflow_report_and_write_json" time="0.002" /><testcase classname="tests.python.test_audit_workflow_alignment" name="test_build_markdown_report_includes_needs_human" time="0.002" /><testcase classname="tests.python.test_audit_workflow_alignment" name="test_build_comment_report_includes_needs_human" time="0.002" /><testcase classname="tests.python.test_audit_workflow_alignment" name="test_collect_workflow_files_ignores_non_yaml" time="0.002" /><testcase classname="tests.python.test_audit_workflow_pip_compile" name="test_find_occurrences_reports_matches" time="0.002" /><testcase classname="tests.python.test_audit_workflow_pip_compile" name="test_find_occurrences_missing_directory" time="0.001" /><testcase classname="tests.python.test_audit_workflow_pip_compile" name="test_render_replacement_suggestions" time="0.001" /><testcase classname="tests.python.test_canonical_flow" name="test_canonical_trip_plan_flow_renders_policy_and_spreadsheet" time="0.036" /><testcase classname="tests.python.test_canonical_trip_plan" name="test_canonical_plan_validates" time="0.001" /><testcase classname="tests.python.test_canonical_trip_plan" name="test_canonical_conversion_builds_trip_plan" time="0.001" /><testcase classname="tests.python.test_canonical_trip_plan" name="test_load_trip_plan_payload_handles_canonical" time="0.001" /><testcase classname="tests.python.test_canonical_trip_plan" name="test_load_trip_plan_payload_matches_loader" time="0.001" /><testcase classname="tests.python.test_canonical_trip_plan" name="test_canonical_trip_plan_to_model_matches_loader" time="0.001" /><testcase classname="tests.python.test_canonical_trip_plan" name="test_load_trip_plan_payload_delegates_to_loader" time="0.001" /><testcase classname="tests.python.test_canonical_trip_plan" name="test_load_trip_plan_payload_returns_loader_plan" time="0.001" /><testcase classname="tests.python.test_cli" name="test_cli_success_creates_spreadsheet" time="0.025" /><testcase classname="tests.python.test_cli" name="test_cli_invalid_json_returns_error" time="0.002" /><testcase classname="tests.python.test_cli" name="test_cli_validation_error_returns_error" time="0.002" /><testcase classname="tests.python.test_cli" name="test_cli_missing_input_file_returns_error" time="0.002" /><testcase classname="tests.python.test_cli" name="test_cli_help_shows_usage" time="0.002" /><testcase classname="tests.python.test_cli" name="test_cli_module_help_shows_usage" time="0.559" /><testcase classname="tests.python.test_dependency_sync.TestSyncToolVersions" name="test_pin_file_exists" time="0.001" /><testcase classname="tests.python.test_dependency_sync.TestSyncToolVersions" name="test_pyproject_exists" time="0.001" /><testcase classname="tests.python.test_dependency_sync.TestSyncToolVersions" name="test_sync_script_exists" time="0.001" /><testcase classname="tests.python.test_dependency_sync.TestSyncToolVersions" name="test_versions_aligned" time="0.041" /><testcase classname="tests.python.test_dependency_sync.TestSyncTestDependencies" name="test_sync_script_exists" time="0.001" /><testcase classname="tests.python.test_dependency_sync.TestSyncTestDependencies" name="test_no_missing_dependencies" time="0.093" /><testcase classname="tests.python.test_dependency_sync.TestLockFiles" name="test_requirements_lock_exists" time="0.001" /><testcase classname="tests.python.test_dependency_sync.TestLockFiles" name="test_lock_file_header" time="0.001" /><testcase classname="tests.python.test_dependency_sync.TestPinFileFormat" name="test_pin_file_format" time="0.001" /><testcase classname="tests.python.test_dependency_sync.TestPinFileFormat" name="test_pin_file_versions_are_valid" time="0.001" /><testcase classname="tests.python.test_dependency_version_patterns.TestDependencyVersions" name="test_all_dependencies_within_declared_ranges" time="0.028" /><testcase classname="tests.python.test_dependency_version_patterns.TestDependencyVersions" name="test_individual_dependency_ranges[numpy]" time="0.004" /><testcase classname="tests.python.test_dependency_version_patterns.TestDependencyVersions" name="test_individual_dependency_ranges[pandas]" time="0.008" /><testcase classname="tests.python.test_dependency_version_patterns.TestDependencyVersions" name="test_individual_dependency_ranges[pytest]" time="0.004" /><testcase classname="tests.python.test_dependency_version_patterns.TestDependencyVersions" name="test_individual_dependency_ranges[hypothesis]" time="0.004" /><testcase classname="tests.python.test_dependency_version_patterns.TestNumpyCompatibility" name="test_numpy_version_compatible" time="0.003" /><testcase classname="tests.python.test_dependency_version_patterns.TestNumpyCompatibility" name="test_numpy_core_apis_available" time="0.001" /><testcase classname="tests.python.test_dependency_version_patterns.TestNumpyCompatibility" name="test_numpy_array_creation" time="0.001" /><testcase classname="tests.python.test_dependency_version_patterns.TestPandasCompatibility" name="test_pandas_version_compatible" time="0.008" /><testcase classname="tests.python.test_dependency_version_patterns.TestPandasCompatibility" name="test_pandas_core_functionality" time="0.450" /><testcase classname="tests.python.test_dependency_version_patterns.TestPandasCompatibility" name="test_pandas_pyarrow_dtype" time="0.002" /><testcase classname="tests.python.test_dependency_version_patterns.TestPytestCompatibility" name="test_pytest_version_compatible" time="0.004" /><testcase classname="tests.python.test_dependency_version_patterns.TestPytestCompatibility" name="test_pytest_marks_available" time="0.001" /><testcase classname="tests.python.test_dependency_version_patterns.TestHypothesisCompatibility" name="test_hypothesis_version_compatible" time="0.004" /><testcase classname="tests.python.test_dependency_version_patterns.TestHypothesisCompatibility" name="test_hypothesis_core_strategies" time="1.450" /><testcase classname="tests.python.test_dependency_version_patterns.TestAntiPatterns" name="test_hardcoded_version_bad" time="0.001"><skipped type="pytest.xfail" message="Anti-pattern: hardcoded version check" /></testcase><testcase classname="tests.python.test_dependency_version_patterns.TestAntiPatterns" name="test_hardcoded_major_minor_bad" time="0.002"><skipped type="pytest.xfail" message="Anti-pattern: major.minor version tuple" /></testcase><testcase classname="tests.python.test_dependency_version_patterns.TestAntiPatterns" name="test_version_based_feature_detection_bad" time="0.001"><skipped type="pytest.xfail" message="Anti-pattern: version-based feature assumption" /></testcase><testcase classname="tests.python.test_dependency_version_patterns.TestRecommendedPatterns" name="test_feature_detection_good" time="0.001" /><testcase classname="tests.python.test_dependency_version_patterns.TestRecommendedPatterns" name="test_version_range_good" time="0.011" /><testcase classname="tests.python.test_dependency_version_patterns.TestRecommendedPatterns" name="test_behavioral_compatibility_good" time="0.001" /><testcase classname="tests.python.test_dependency_version_patterns.TestRecommendedPatterns" name="test_version_gated_feature_good" time="0.001" /><testcase classname="tests.python.test_exceptions" name="test_exception_types_cover_advisory_rules" time="0.006" /><testcase classname="tests.python.test_exceptions" name="test_exception_request_requires_long_justification" time="0.001" /><testcase classname="tests.python.test_exceptions" name="test_exception_routing_includes_amount_based_escalation" time="0.001" /><testcase classname="tests.python.test_exceptions" name="test_exception_escalates_after_48_hours" time="0.001" /><testcase classname="tests.python.test_exceptions" name="test_exception_dashboard_patterns" time="0.001" /><testcase classname="tests.python.test_export_service.TestExportService" name="test_csv_header_and_column_order" time="0.001" /><testcase classname="tests.python.test_export_service.TestExportService" name="test_receipt_link_expiry_is_7_days" time="0.001" /><testcase classname="tests.python.test_export_service.TestExportService" name="test_excel_currency_and_hyperlink" time="0.015" /><testcase classname="tests.python.test_export_service.TestExportService" name="test_batch_size_limit" time="0.002" /><testcase classname="tests.python.test_export_service.TestExportService" name="test_schema_column_order_matches_acceptance" time="0.001" /><testcase classname="tests.python.test_export_service.TestExportService" name="test_exports_complete_within_five_seconds_for_typical_batch" time="0.097" /><testcase classname="tests.python.test_langgraph_orchestration" name="test_policy_graph_runs_with_langgraph" time="0.043" /><testcase classname="tests.python.test_mapping_integrity" name="test_mapping_covers_canonical_fields" time="0.010" /><testcase classname="tests.python.test_mapping_integrity" name="test_mapping_fields_match_canonical_contract" time="0.010" /><testcase classname="tests.python.test_mapping_integrity" name="test_version_mismatch_requires_opt_in" time="0.035" /><testcase classname="tests.python.test_minimal_conversion" name="test_trip_plan_from_minimal_builds_plan" time="0.001" /><testcase classname="tests.python.test_minimal_conversion" name="test_trip_plan_from_minimal_applies_overrides" time="0.001" /><testcase classname="tests.python.test_minimal_conversion" name="test_trip_plan_from_minimal_matches_canonical_loader" time="0.001" /><testcase classname="tests.python.test_minimal_conversion" name="test_trip_plan_from_minimal_delegates_to_loader" time="0.001" /><testcase classname="tests.python.test_minimal_conversion" name="test_trip_plan_from_minimal_adds_type_before_loader" time="0.001" /><testcase classname="tests.python.test_minimal_conversion" name="test_trip_plan_from_minimal_uses_loader_plan" time="0.001" /><testcase classname="tests.python.test_models.TestTripPlan" name="test_create_trip_plan" time="0.001" /><testcase classname="tests.python.test_models.TestTripPlan" name="test_trip_duration_days" time="0.001" /><testcase classname="tests.python.test_models.TestTripPlan" name="test_trip_plan_optional_fields" time="0.001" /><testcase classname="tests.python.test_models.TestTripPlan" name="test_trip_plan_json_roundtrip" time="0.001" /><testcase classname="tests.python.test_models.TestTripPlan" name="test_trip_single_day" time="0.001" /><testcase classname="tests.python.test_models.TestTripPlan" name="test_record_approval_history" time="0.001" /><testcase classname="tests.python.test_models.TestExpenseReport" name="test_create_expense_report" time="0.001" /><testcase classname="tests.python.test_models.TestExpenseReport" name="test_expense_report_total" time="0.001" /><testcase classname="tests.python.test_models.TestExpenseReport" name="test_expenses_by_category" time="0.001" /><testcase classname="tests.python.test_models.TestExpenseItem" name="test_expense_item_with_receipt" time="0.001" /><testcase classname="tests.python.test_models.TestExpenseItem" name="test_expense_item_default_no_receipt" time="0.001" /><testcase classname="tests.python.test_models.TestExpenseItem" name="test_expense_amount_must_be_non_negative" time="0.001" /><testcase classname="tests.python.test_orchestration_canonical_spreadsheet" name="test_policy_graph_retains_canonical_fields" time="0.043" /><testcase classname="tests.python.test_orchestration_canonical_spreadsheet" name="test_policy_graph_state_is_json_serializable" time="0.035" /><testcase classname="tests.python.test_orchestration_smoke" name="test_policy_graph_smoke" time="0.036" /><testcase classname="tests.python.test_orchestration_smoke" name="test_policy_graph_records_missing_policy_inputs" time="0.034" /><testcase classname="tests.python.test_orchestration_smoke" name="test_spreadsheet_node_records_unfilled_mapping_report_entries" time="0.014" /><testcase classname="tests.python.test_orchestration_smoke" name="test_policy_graph_langgraph_smoke" time="0.042" /><testcase classname="tests.python.test_orchestration_smoke" name="test_policy_graph_prefers_langgraph_when_available" time="0.004" /><testcase classname="tests.python.test_orchestration_state_serialization" name="test_trip_state_coerces_plans_to_json" time="0.002" /><testcase classname="tests.python.test_orchestration_state_serialization" name="test_trip_state_coerces_dict_plans_to_json" time="0.002" /><testcase classname="tests.python.test_orchestration_state_serialization" name="test_trip_state_serializes_assigned_models" time="0.002" /><testcase classname="tests.python.test_orchestration_state_serialization" name="test_trip_state_coerces_assigned_spreadsheet_path" time="0.002" /><testcase classname="tests.python.test_orchestration_state_serialization" name="test_trip_state_coerces_assigned_policy_result" time="0.007" /><testcase classname="tests.python.test_orchestration_state_serialization" name="test_trip_state_coerces_assigned_policy_missing_inputs" time="0.002" /><testcase classname="tests.python.test_orchestration_state_serialization" name="test_trip_state_coerces_assigned_unfilled_mapping_report" time="0.002" /><testcase classname="tests.python.test_orchestration_state_serialization" name="test_trip_state_accepts_dict_unfilled_mapping_report" time="0.002" /><testcase classname="tests.python.test_package_data" name="test_mapping_resource_exists" time="0.001" /><testcase classname="tests.python.test_package_data" name="test_template_resource_exists" time="0.001" /><testcase classname="tests.python.test_policy_api" name="test_check_trip_plan_reports_policy_issues" time="0.007" /><testcase classname="tests.python.test_policy_api" name="test_check_trip_plan_triggers_fare_comparison_when_inputs_present" time="0.006" /><testcase classname="tests.python.test_policy_api" name="test_check_trip_plan_reports_pass_when_no_rules" time="0.001" /><testcase classname="tests.python.test_policy_api" name="test_check_trip_plan_passes_with_only_advisories" time="0.001" /><testcase classname="tests.python.test_policy_api" name="test_check_trip_plan_fails_with_blocking_and_advisory_rules" time="0.001" /><testcase classname="tests.python.test_policy_api" name="test_check_trip_plan_passes_when_all_rules_pass" time="0.001" /><testcase classname="tests.python.test_policy_api" name="test_check_trip_plan_skips_cost_comparison_when_estimates_missing" time="0.006" /><testcase classname="tests.python.test_policy_api" name="test_list_allowed_vendors_returns_registry_matches" time="0.009" /><testcase classname="tests.python.test_policy_api" name="test_list_allowed_vendors_filters_by_destination_and_date" time="0.009" /><testcase classname="tests.python.test_policy_api" name="test_list_allowed_vendors_matches_other_destinations" time="0.009" /><testcase classname="tests.python.test_policy_api" name="test_list_allowed_vendors_handles_empty_destination" time="0.009" /><testcase classname="tests.python.test_policy_api" name="test_list_allowed_vendors_handles_no_active_providers" time="0.009" /><testcase classname="tests.python.test_policy_api" name="test_reconcile_summarizes_receipts" time="0.001" /><testcase classname="tests.python.test_policy_api" name="test_reconcile_matches_estimated_cost" time="0.001" /><testcase classname="tests.python.test_policy_api" name="test_reconcile_handles_empty_receipts" time="0.001" /><testcase classname="tests.python.test_policy_api" name="test_policy_api_documentation_examples_match_models" time="0.001" /><testcase classname="tests.python.test_policy_api" name="test_policy_api_markdown_lint" time="0.286" /><testcase classname="tests.python.test_policy_api_helpers" name="test_default_template_path_reports_package_resource_only" time="0.001" /><testcase classname="tests.python.test_policy_api_helpers" name="test_default_template_path_uses_cached_resource" time="0.002" /><testcase classname="tests.python.test_policy_api_helpers" name="test_default_template_bytes_reads_package_resource" time="0.001" /><testcase classname="tests.python.test_policy_api_helpers" name="test_default_template_bytes_missing_package_module" time="0.001" /><testcase classname="tests.python.test_policy_api_helpers" name="test_split_destination_returns_original_when_pattern_misses" time="0.001" /><testcase classname="tests.python.test_policy_api_helpers" name="test_resolve_field_value_handles_nested_variations" time="0.001" /><testcase classname="tests.python.test_policy_api_helpers" name="test_format_date_value_variants" time="0.001" /><testcase classname="tests.python.test_policy_api_helpers" name="test_format_currency_value_variants" time="0.001" /><testcase classname="tests.python.test_policy_api_helpers" name="test_issue_severity_reports_info" time="0.001" /><testcase classname="tests.python.test_policy_api_helpers" name="test_fill_travel_spreadsheet_sets_dropdown_checkbox_and_formula" time="0.022" /><testcase classname="tests.python.test_policy_api_helpers" name="test_fill_travel_spreadsheet_skips_invalid_currency_and_date" time="0.021" /><testcase classname="tests.python.test_policy_api_helpers" name="test_fill_travel_spreadsheet_reports_unfilled_mappings" time="0.017" /><testcase classname="tests.python.test_policy_api_helpers" name="test_plan_field_values_includes_cost_center_and_destination" time="0.001" /><testcase classname="tests.python.test_policy_api_helpers" name="test_context_from_plan_maps_costs" time="0.001" /><testcase classname="tests.python.test_policy_api_helpers" name="test_policy_version_hash_matches_engine_rules" time="0.001" /><testcase classname="tests.python.test_policy_api_helpers" name="test_issue_from_result_formats_context" time="0.001" /><testcase classname="tests.python.test_policy_api_helpers" name="test_expense_from_receipt_tracks_third_party_payment" time="0.001" /><testcase classname="tests.python.test_policy_api_helpers" name="test_build_expense_report_aggregates_receipts" time="0.001" /><testcase classname="tests.python.test_policy_engine" name="test_policy_engine_evaluates_all_rules" time="0.002" /><testcase classname="tests.python.test_policy_engine" name="test_policy_engine_from_file_defaults" time="0.006" /><testcase classname="tests.python.test_policy_engine" name="test_policy_messages_include_thresholds_from_config" time="0.002" /><testcase classname="tests.python.test_policy_lite" name="test_policy_lite_reports_missing_inputs" time="0.006" /><testcase classname="tests.python.test_policy_lite" name="test_policy_lite_skips_local_overnight_when_not_overnight" time="0.006" /><testcase classname="tests.python.test_policy_metadata" name="test_describe_rules_reflects_configuration" time="0.003" /><testcase classname="tests.python.test_policy_versioning" name="test_policy_version_hash_and_label" time="0.001" /><testcase classname="tests.python.test_policy_versioning" name="test_backward_compatibility_and_change_type" time="0.001" /><testcase classname="tests.python.test_policy_versioning" name="test_migration_plan_steps_and_flags" time="0.001" /><testcase classname="tests.python.test_policy_versioning" name="test_simulation_replays_contexts" time="0.001" /><testcase classname="tests.python.test_prompt_flow" name="test_generate_questions_limits_to_ten_and_skips_answered" time="0.001" /><testcase classname="tests.python.test_prompt_flow" name="test_required_field_gaps_identifies_missing_fields" time="0.001" /><testcase classname="tests.python.test_prompt_flow" name="test_output_bundle_includes_brochure_reference" time="0.004" /><testcase classname="tests.python.test_prompt_flow" name="test_output_bundle_uses_text_for_invalid_pdf" time="0.001" /><testcase classname="tests.python.test_providers" name="test_lookup_filters_by_destination_and_validity" time="0.009" /><testcase classname="tests.python.test_providers" name="test_registry_metadata_requires_approver_and_version" time="0.010" /><testcase classname="tests.python.test_public_api" name="test_public_api_imports" time="0.001" /><testcase classname="tests.python.test_receipts.TestReceiptValidation" name="test_allowed_file_types" time="0.001" /><testcase classname="tests.python.test_receipts.TestReceiptValidation" name="test_file_size_limit_enforced" time="0.001" /><testcase classname="tests.python.test_receipts.TestReceiptValidation" name="test_manual_entry_marks_flag" time="0.001" /><testcase classname="tests.python.test_receipts.TestThirdPartyFlagging" name="test_third_party_requires_explanation" time="0.001" /><testcase classname="tests.python.test_receipts.TestThirdPartyFlagging" name="test_reimbursable_total_excludes_third_party" time="0.001" /><testcase classname="tests.python.test_receipts.TestReceiptExtraction" name="test_extract_from_text" time="0.001" /><testcase classname="tests.python.test_receipts.TestReceiptExtraction" name="test_extract_prefers_amount_due_over_subtotal" time="0.001" /><testcase classname="tests.python.test_receipts.TestReceiptExtraction" name="test_extract_falls_back_to_largest_amount" time="0.001" /><testcase classname="tests.python.test_security_model" name="test_roles_and_permissions_matrix" time="0.001" /><testcase classname="tests.python.test_security_model" name="test_endpoint_authorization_and_delegation" time="0.001" /><testcase classname="tests.python.test_security_model" name="test_role_change_requires_admin_approval_and_is_logged" time="0.001" /><testcase classname="tests.python.test_security_model" name="test_audit_log_captures_authentication_and_authorization_events" time="0.001" /><testcase classname="tests.python.test_security_model" name="test_sso_plan_supports_major_providers" time="0.001" /><testcase classname="tests.python.test_snapshots" name="test_snapshot_chain_and_recheck" time="0.003" /><testcase classname="tests.python.test_snapshots" name="test_compare_results_flags_differences" time="0.001" /><testcase classname="tests.python.test_snapshots" name="test_policy_version_hash_is_stable" time="0.001" /><testcase classname="tests.python.test_snapshots" name="test_flagged_decision_captures_snapshot_and_stays_small" time="0.002" /><testcase classname="tests.python.test_spreadsheet_fill" name="test_travel_spreadsheet_template_loads" time="0.006" /><testcase classname="tests.python.test_spreadsheet_fill" name="test_fill_travel_spreadsheet_writes_mapped_fields" time="0.028" /><testcase classname="tests.python.test_spreadsheet_fill" name="test_render_travel_spreadsheet_bytes_returns_xlsx_bytes" time="0.028" /><testcase classname="tests.python.test_spreadsheet_fill" name="test_fill_travel_spreadsheet_matches_rendered_bytes" time="0.057" /><testcase classname="tests.python.test_spreadsheet_fill" name="test_fill_travel_spreadsheet_rounds_currency_values" time="0.029" /><testcase classname="tests.python.test_spreadsheet_fill" name="test_fill_travel_spreadsheet_does_not_modify_template" time="0.023" /><testcase classname="tests.python.test_spreadsheet_fill" name="test_fill_travel_spreadsheet_uses_mapping_cells" time="0.019" /><testcase classname="tests.python.test_spreadsheet_fill" name="test_unfilled_mapping_report_tracks_missing_and_invalid" time="0.013" /><testcase classname="tests.python.test_spreadsheet_fill" name="test_fill_travel_spreadsheet_uses_template_metadata" time="0.013" /><testcase classname="tests.python.test_spreadsheet_fill" name="test_fill_travel_spreadsheet_uses_canonical_fields" time="0.030" /><testcase classname="tests.python.test_spreadsheet_fill" name="test_fill_travel_spreadsheet_populates_flight_and_hotel_preferences" time="0.029" /><testcase classname="tests.python.test_template_assets" name="test_template_asset_loads_and_matches_mapping" time="0.017" /><testcase classname="tests.python.test_template_assets" name="test_template_mapping_requires_template_asset" time="0.025" /><testcase classname="tests.python.test_validate_dependency_refresh_workflow" name="test_find_workflow_issues_reports_expected_problems" time="0.001" /><testcase classname="tests.python.test_validate_dependency_refresh_workflow" name="test_find_workflow_issues_accepts_expected_command" time="0.001" /><testcase classname="tests.python.test_validation.TestAdvanceBookingRule" name="test_blocks_when_notice_too_short" time="0.001" /><testcase classname="tests.python.test_validation.TestAdvanceBookingRule" name="test_international_notice_uses_international_threshold" time="0.001" /><testcase classname="tests.python.test_validation.TestAdvanceBookingRule" name="test_passes_when_notice_is_sufficient" time="0.001" /><testcase classname="tests.python.test_validation.TestBudgetLimitRule" name="test_trip_and_category_limits" time="0.001" /><testcase classname="tests.python.test_validation.TestBudgetLimitRule" name="test_passes_when_within_limits" time="0.001" /><testcase classname="tests.python.test_validation.TestDurationLimitRule" name="test_blocks_when_duration_exceeds_max" time="0.001" /><testcase classname="tests.python.test_validation.TestDurationLimitRule" name="test_allows_duration_within_limit" time="0.001" /><testcase classname="tests.python.test_validation.TestProviderApprovalRule" name="test_warns_when_provider_not_approved" time="0.009" /><testcase classname="tests.python.test_validation.TestProviderApprovalRule" name="test_skips_when_provider_is_approved_for_destination" time="0.016" /><testcase classname="tests.python.test_validation.TestPolicyValidator" name="test_validate_plan_runs_all_rules" time="0.001" /><testcase classname="tests.python.test_validation.TestPolicyValidator" name="test_trip_plan_validate_updates_results" time="0.001" /><testcase classname="tests.python.test_validation.TestPolicyValidator" name="test_provider_rule_warns_for_unapproved_selection" time="0.015" /><testcase classname="tests.test_dependency_version_alignment" name="test_all_pyproject_dependencies_are_in_lock" time="0.003" /></testsuite></testsuites>